([DONE]) 2013-08-05 13:56:21,911 INFO - 0,1,0,0,0,OB_Regression Batch Started,3,0,1,0
([DONE]) 2013-08-05 13:56:37,605 INFO - 0,1,0,0,0,OB_Buy_Stocks Scenario will run on chrome browser.,3,0,1,0
([DONE]) 2013-08-05 13:56:37,629 INFO - 0,1,75,0,0,OB_Buy_Stocks Scenario Started,3,0,1,0
([DONE]) 2013-08-05 13:56:37,666 INFO - 0,1,75,72,0,OB_Navigate Test Started  with data row : 2,3,0,1,0
([DONE]) 2013-08-05 13:56:43,665 INFO - navigated to http://192.168.13.203
([PASSED]) 2013-08-05 13:56:43,667 INFO - 3: TestStep : 
([PASSED]) 2013-08-05 13:56:43,684 INFO - 0,1,75,72,0,Step Passed: navigateToURL =>  with data input: http://!TestEnvin row : 2,1,0,1,14
([PASSED]) 2013-08-05 13:56:43,694 INFO - 0,1,75,72,0,OB_Navigate Test Passed  with data row : 2,1,0,1,14
([DONE]) 2013-08-05 13:56:43,704 INFO - 0,1,75,33,0,OB_Login Test Started  with data row : 5,3,0,1,14
([DONE]) 2013-08-05 13:56:44,144 INFO - By.CssSelector: b.ob-crown-b clicked
([PASSED]) 2013-08-05 13:56:44,144 INFO - 1: TestStep : b.ob-crown-b
([PASSED]) 2013-08-05 13:56:44,160 INFO - 0,1,75,33,1,Step Passed: click => OB_SignIn with data input: in row : 5,1,0,1,2
([DONE]) 2013-08-05 13:56:45,324 INFO - By.Name: username Sentkey with autotester
([PASSED]) 2013-08-05 13:56:45,324 INFO - 2: TestStep : username
([PASSED]) 2013-08-05 13:56:45,335 INFO - 0,1,75,33,2,Step Passed: sendKey => OB_Username with data input: autotesterin row : 5,1,0,1,2
([DONE]) 2013-08-05 13:56:46,405 INFO - By.Name: password Sentkey with 123456
([PASSED]) 2013-08-05 13:56:46,405 INFO - 2: TestStep : password
([PASSED]) 2013-08-05 13:56:46,416 INFO - 0,1,75,33,3,Step Passed: sendKey => OB_Password with data input: 123456in row : 5,1,0,1,2
([DONE]) 2013-08-05 13:56:46,874 INFO - By.CssSelector: input.ob-crown-login-submit.form-submit clicked
([PASSED]) 2013-08-05 13:56:46,874 INFO - 1: TestStep : input.ob-crown-login-submit.form-submit
([PASSED]) 2013-08-05 13:56:46,887 INFO - 0,1,75,33,21,Step Passed: click => OB_SignInSubmit with data input: in row : 5,1,0,1,2
([DONE]) 2013-08-05 13:56:50,168 INFO - 0,1,0,0,0,OB_LoginBox_SignUps_ONBOARDING/LEGACY Scenario will run on firefox browser.,3,0,1,0
([DONE]) 2013-08-05 13:56:50,180 INFO - 0,1,84,0,0,OB_LoginBox_SignUps_ONBOARDING/LEGACY Scenario Started,3,0,1,0
([DONE]) 2013-08-05 13:56:50,191 INFO - 0,1,84,119,0,OB_Switch_Window Test Started  with data row : 2,3,0,1,2
([PASSED]) 2013-08-05 13:56:51,568 INFO - 20: TestStep : 
([PASSED]) 2013-08-05 13:56:51,579 INFO - 0,1,84,119,0,Step Passed: switchToWindow =>  with data input: eToro Open Bookin row : 2,1,0,1,14
([PASSED]) 2013-08-05 13:56:51,594 INFO - 0,1,84,119,0,OB_Switch_Window Test Passed  with data row : 2,1,0,1,14
([DONE]) 2013-08-05 13:56:51,627 INFO - 0,1,84,118,0,OB_LoginBox_SOCIAL_SignUP to FB Test Started  with data row : 1,3,0,1,14
([PASSED]) 2013-08-05 13:56:51,685 INFO - 24: TestStep : 
([PASSED]) 2013-08-05 13:56:51,696 INFO - 0,1,84,118,0,Step Passed: deleteAllCookies =>  with data input: in row : 1,1,0,1,2
([DONE]) 2013-08-05 13:56:58,316 INFO - navigated to http://192.168.13.203
([PASSED]) 2013-08-05 13:56:58,316 INFO - 3: TestStep : 
([PASSED]) 2013-08-05 13:56:58,325 INFO - 0,1,84,118,0,Step Passed: navigateToURL =>  with data input: http://!TestEnvin row : 1,1,0,1,2
([INFO]) 2013-08-05 13:56:59,219 INFO - By.CssSelector: b.ob-crown-b waited to find  
([INFO]) 2013-08-05 13:56:59,567 INFO - By.CssSelector: b.ob-crown-b waited to display    
([PASSED]) 2013-08-05 13:56:59,567 INFO - 11: TestStep : b.ob-crown-b
([PASSED]) 2013-08-05 13:56:59,578 INFO - 0,1,84,118,1,Step Passed: waitUntill_DispayedElement => OB_SignIn with data input: in row : 1,1,0,1,2
([DONE]) 2013-08-05 13:57:00,807 INFO - By.CssSelector: b.ob-crown-b clicked
([PASSED]) 2013-08-05 13:57:00,807 INFO - 1: TestStep : b.ob-crown-b
([PASSED]) 2013-08-05 13:57:00,843 INFO - 0,1,84,118,1,Step Passed: click => OB_SignIn with data input: in row : 1,1,0,1,2
([INFO]) 2013-08-05 13:57:01,712 INFO - By.CssSelector: .m-li-social-button.e-btn-social.fb waited to find  
([INFO]) 2013-08-05 13:57:02,035 INFO - By.CssSelector: .m-li-social-button.e-btn-social.fb waited to display    
([PASSED]) 2013-08-05 13:57:02,035 INFO - 11: TestStep : .m-li-social-button.e-btn-social.fb
([PASSED]) 2013-08-05 13:57:02,059 INFO - 0,1,84,118,124,Step Passed: waitUntill_DispayedElement => OB_SignUP_ViaFaceBook with data input: in row : 1,1,0,1,2
([DONE]) 2013-08-05 13:57:03,928 INFO - By.CssSelector: .m-li-social-button.e-btn-social.fb clicked
([PASSED]) 2013-08-05 13:57:03,928 INFO - 1: TestStep : .m-li-social-button.e-btn-social.fb
([PASSED]) 2013-08-05 13:57:03,938 INFO - 0,1,84,118,124,Step Passed: click => OB_SignUP_ViaFaceBook with data input: in row : 1,1,0,1,2
([PASSED]) 2013-08-05 13:57:10,171 INFO - 20: TestStep : 
([PASSED]) 2013-08-05 13:57:10,179 INFO - 0,1,84,118,0,Step Passed: switchToWindow =>  with data input: Facebookin row : 1,1,0,1,2
([INFO]) 2013-08-05 13:57:28,070 INFO - By.Name: email waited to find  
([INFO]) 2013-08-05 13:57:28,398 INFO - By.Name: email waited to display    
([PASSED]) 2013-08-05 13:57:28,398 INFO - 11: TestStep : email
([PASSED]) 2013-08-05 13:57:28,421 INFO - 0,1,84,118,125,Step Passed: waitUntill_DispayedElement => OB_eMail with data input: in row : 1,1,0,1,2
([DONE]) 2013-08-05 13:57:29,882 INFO - By.Name: email Sentkey with openbookgoog@gmail.com
([PASSED]) 2013-08-05 13:57:29,882 INFO - 2: TestStep : email
([PASSED]) 2013-08-05 13:57:29,889 INFO - 0,1,84,118,125,Step Passed: sendKey => OB_eMail with data input: openbookgoog@gmail.comin row : 1,1,0,1,2
([DONE]) 2013-08-05 13:57:30,876 INFO - By.Name: pass Sentkey with virtser
([PASSED]) 2013-08-05 13:57:30,876 INFO - 2: TestStep : pass
([PASSED]) 2013-08-05 13:57:30,883 INFO - 0,1,84,118,127,Step Passed: sendKey => OB_FB_Password with data input: virtserin row : 1,1,0,1,2
([DONE]) 2013-08-05 13:57:31,458 INFO - By.Name: login clicked
([PASSED]) 2013-08-05 13:57:31,458 INFO - 1: TestStep : login
([PASSED]) 2013-08-05 13:57:31,465 INFO - 0,1,84,118,128,Step Passed: click => OB_FB_Login_Button with data input: in row : 1,1,0,1,2
([PASSED]) 2013-08-05 13:57:31,471 INFO - 0,1,84,118,0,OB_LoginBox_SOCIAL_SignUP to FB Test Passed  with data row : 1,1,0,1,2
([DONE]) 2013-08-05 13:57:31,477 INFO - 0,1,84,202,0,OB_DeleteAllCookies Test Started  with data row : ,3,0,1,2
((null)) 2013-08-05 13:57:42,785 ERROR- The element could not be found (WARNING: The server did not provide any stacktrace information)
Command duration or timeout: 55.10 seconds
For documentation on this error, please visit: http://seleniumhq.org/exceptions/no_such_element.html
Build info: version: '2.33.0', revision: '4e90c97', time: '2013-05-22 15:32:38'
System info: os.name: 'Windows 7', os.arch: 'amd64', os.version: '6.1', java.version: '1.7.0_21'
Session ID: 21d405a17676aa877e2f34d6222c7f88
Driver info: org.openqa.selenium.chrome.ChromeDriver
Capabilities [{platform=XP, chrome.chromedriverVersion=26.0.1383.0, acceptSslCerts=false, javascriptEnabled=true, browserName=chrome, rotatable=false, locationContextEnabled=false, version=28.0.1500.95, cssSelectorsEnabled=true, databaseEnabled=false, handlesAlerts=true, browserConnectionEnabled=false, webStorageEnabled=true, nativeEvents=true, applicationCacheEnabled=false, takesScreenshot=true}]
OpenQA.Selenium.NoSuchElementException: The element could not be found (WARNING: The server did not provide any stacktrace information)
Command duration or timeout: 55.10 seconds
For documentation on this error, please visit: http://seleniumhq.org/exceptions/no_such_element.html
Build info: version: '2.33.0', revision: '4e90c97', time: '2013-05-22 15:32:38'
System info: os.name: 'Windows 7', os.arch: 'amd64', os.version: '6.1', java.version: '1.7.0_21'
Session ID: 21d405a17676aa877e2f34d6222c7f88
Driver info: org.openqa.selenium.chrome.ChromeDriver
Capabilities [{platform=XP, chrome.chromedriverVersion=26.0.1383.0, acceptSslCerts=false, javascriptEnabled=true, browserName=chrome, rotatable=false, locationContextEnabled=false, version=28.0.1500.95, cssSelectorsEnabled=true, databaseEnabled=false, handlesAlerts=true, browserConnectionEnabled=false, webStorageEnabled=true, nativeEvents=true, applicationCacheEnabled=false, takesScreenshot=true}]
   at OpenQA.Selenium.Remote.RemoteWebDriver.UnpackAndThrowOnError(Response errorResponse)
   at OpenQA.Selenium.Remote.RemoteWebDriver.Execute(String driverCommandToExecute, Dictionary`2 parameters)
   at OpenQA.Selenium.Remote.RemoteWebDriver.FindElement(String mechanism, String value)
   at OpenQA.Selenium.By.FindElement(ISearchContext context)
   at WPFeToroAutoStudio.Selenium.Waituntilfindelement(By webelement, Int32 waitElementDisplayedTime, IWebDriver driver) in c:\Users\maximgu\Documents\Visual Studio 2012\Projects\eToroAutoStudio\WPFeToroAutoStudio\Selenium.cs:line 276
   at WPFeToroAutoStudio.Selenium.WaituntilelementDisplayed(By webelement, Int32 waitElementDisplayedTime, IWebDriver driver, Boolean isRefresh) in c:\Users\maximgu\Documents\Visual Studio 2012\Projects\eToroAutoStudio\WPFeToroAutoStudio\Selenium.cs:line 308
   at WPFeToroAutoStudio.Selenium.ExecuteOneStep(DataRow dr, String inputDataColumn, String inputTableValue, IWebDriver driver) in c:\Users\maximgu\Documents\Visual Studio 2012\Projects\eToroAutoStudio\WPFeToroAutoStudio\Selenium.cs:line 486
([FAILED]) 2013-08-05 13:57:42,798 ERROR- 16: TestStep : .ob-crown-user.panel-base
([FAILED]) 2013-08-05 13:57:44,462 ERROR- 0,1,84,33,6,Step Failed: waituntil_DispayedElement(Expanded-1min) => OB_UserNameDrop with data input: in row : 5
The element could not be found (WARNING: The server did not provide any stacktrace information)
Command duration or timeout: 55.10 seconds
For documentation on this error, please visit: http://seleniumhq.org/exceptions/no_such_element.html
Build info: version: '2.33.0', revision: '4e90c97', time: '2013-05-22 15:32:38'
System info: os.name: 'Windows 7', os.arch: 'amd64', os.version: '6.1', java.version: '1.7.0_21'
Session ID: 21d405a17676aa877e2f34d6222c7f88
Driver info: org.openqa.selenium.chrome.ChromeDriver
Capabilities [{platform=XP, chrome.chromedriverVersion=26.0.1383.0, acceptSslCerts=false, javascriptEnabled=true, browserName=chrome, rotatable=false, locationContextEnabled=false, version=28.0.1500.95, cssSelectorsEnabled=true, databaseEnabled=false, handlesAlerts=true, browserConnectionEnabled=false, webStorageEnabled=true, nativeEvents=true, applicationCacheEnabled=false, takesScreenshot=true}]
C:\Users\maximgu\Documents\Visual Studio 2012\Projects\eToroAutoStudio\UnitTestExecutionManager\bin\Release\Logs\08_05_2013_13_57_44146.png,2,0,1,14
([FAILED]) 2013-08-05 13:57:44,477 ERROR- 0,1,84,33,0,OB_Login Test Failed  with data row : 5,2,0,1,2
([DONE]) 2013-08-05 13:57:44,488 INFO - 0,1,84,112,0,OB_Buy_All_Stocks_All_Amount Test Started  with data row : 19-20,3,0,1,2
([DONE]) 2013-08-05 13:57:44,498 INFO - 0,1,84,112,0,OB_Buy_All_Stocks_All_Amount Test Started  with data row : 19,3,0,1,2
([DONE]) 2013-08-05 13:57:49,682 INFO - navigated to http://192.168.13.203
([PASSED]) 2013-08-05 13:57:49,682 INFO - 3: TestStep : 
([PASSED]) 2013-08-05 13:57:49,693 INFO - 0,1,84,112,0,Step Passed: navigateToURL =>  with data input: http://!TestEnvin row : 19,1,0,0,9
([INFO]) 2013-08-05 13:57:50,419 INFO - By.LinkText: Markets waited to find  
([INFO]) 2013-08-05 13:57:50,727 INFO - By.LinkText: Markets waited to display    
([PASSED]) 2013-08-05 13:57:50,727 INFO - 11: TestStep : Markets
([PASSED]) 2013-08-05 13:57:50,738 INFO - 0,1,84,112,30,Step Passed: waitUntill_DispayedElement => OB_Markets with data input: in row : 19,1,0,0,9
([DONE]) 2013-08-05 13:57:51,554 INFO - By.LinkText: Markets clicked
([PASSED]) 2013-08-05 13:57:51,554 INFO - 1: TestStep : Markets
([PASSED]) 2013-08-05 13:57:51,565 INFO - 0,1,84,112,30,Step Passed: click => OB_Markets with data input: in row : 19,1,0,0,9
((null)) 2013-08-05 13:58:31,499 ERROR- The HTTP request to the remote WebDriver server for URL http://isr-mrbean:4444/wd/hub/session/4f0c0811-73c0-43e9-b48b-720ba8854384/cookie timed out after 60 seconds.
OpenQA.Selenium.WebDriverException: The HTTP request to the remote WebDriver server for URL http://isr-mrbean:4444/wd/hub/session/4f0c0811-73c0-43e9-b48b-720ba8854384/cookie timed out after 60 seconds. ---> System.Net.WebException: The operation has timed out
   at System.Net.HttpWebRequest.GetResponse()
   at OpenQA.Selenium.Remote.HttpCommandExecutor.CreateResponse(WebRequest request)
   --- End of inner exception stack trace ---
   at OpenQA.Selenium.Remote.HttpCommandExecutor.CreateResponse(WebRequest request)
   at OpenQA.Selenium.Remote.RemoteWebDriver.Execute(String driverCommandToExecute, Dictionary`2 parameters)
   at WPFeToroAutoStudio.Selenium.ExecuteOneStep(DataRow dr, String inputDataColumn, String inputTableValue, IWebDriver driver) in c:\Users\maximgu\Documents\Visual Studio 2012\Projects\eToroAutoStudio\WPFeToroAutoStudio\Selenium.cs:line 537
([FAILED]) 2013-08-05 13:58:31,524 ERROR- 24: TestStep : 
((null)) 2013-08-05 13:58:47,374 ERROR- The element could not be found (WARNING: The server did not provide any stacktrace information)
Command duration or timeout: 55.05 seconds
For documentation on this error, please visit: http://seleniumhq.org/exceptions/no_such_element.html
Build info: version: '2.33.0', revision: '4e90c97', time: '2013-05-22 15:32:38'
System info: os.name: 'Windows 7', os.arch: 'amd64', os.version: '6.1', java.version: '1.7.0_21'
Session ID: 21d405a17676aa877e2f34d6222c7f88
Driver info: org.openqa.selenium.chrome.ChromeDriver
Capabilities [{platform=XP, chrome.chromedriverVersion=26.0.1383.0, acceptSslCerts=false, javascriptEnabled=true, browserName=chrome, rotatable=false, locationContextEnabled=false, version=28.0.1500.95, cssSelectorsEnabled=true, databaseEnabled=false, handlesAlerts=true, browserConnectionEnabled=false, webStorageEnabled=true, nativeEvents=true, applicationCacheEnabled=false, takesScreenshot=true}]
OpenQA.Selenium.NoSuchElementException: The element could not be found (WARNING: The server did not provide any stacktrace information)
Command duration or timeout: 55.05 seconds
For documentation on this error, please visit: http://seleniumhq.org/exceptions/no_such_element.html
Build info: version: '2.33.0', revision: '4e90c97', time: '2013-05-22 15:32:38'
System info: os.name: 'Windows 7', os.arch: 'amd64', os.version: '6.1', java.version: '1.7.0_21'
Session ID: 21d405a17676aa877e2f34d6222c7f88
Driver info: org.openqa.selenium.chrome.ChromeDriver
Capabilities [{platform=XP, chrome.chromedriverVersion=26.0.1383.0, acceptSslCerts=false, javascriptEnabled=true, browserName=chrome, rotatable=false, locationContextEnabled=false, version=28.0.1500.95, cssSelectorsEnabled=true, databaseEnabled=false, handlesAlerts=true, browserConnectionEnabled=false, webStorageEnabled=true, nativeEvents=true, applicationCacheEnabled=false, takesScreenshot=true}]
   at OpenQA.Selenium.Remote.RemoteWebDriver.UnpackAndThrowOnError(Response errorResponse)
   at OpenQA.Selenium.Remote.RemoteWebDriver.Execute(String driverCommandToExecute, Dictionary`2 parameters)
   at OpenQA.Selenium.Remote.RemoteWebDriver.FindElement(String mechanism, String value)
   at OpenQA.Selenium.By.FindElement(ISearchContext context)
   at WPFeToroAutoStudio.Selenium.Waituntilfindelement(By webelement, Int32 waitElementDisplayedTime, IWebDriver driver) in c:\Users\maximgu\Documents\Visual Studio 2012\Projects\eToroAutoStudio\WPFeToroAutoStudio\Selenium.cs:line 276
   at WPFeToroAutoStudio.Selenium.WaituntilelementDisplayed(By webelement, Int32 waitElementDisplayedTime, IWebDriver driver, Boolean isRefresh) in c:\Users\maximgu\Documents\Visual Studio 2012\Projects\eToroAutoStudio\WPFeToroAutoStudio\Selenium.cs:line 308
   at WPFeToroAutoStudio.Selenium.ExecuteOneStep(DataRow dr, String inputDataColumn, String inputTableValue, IWebDriver driver) in c:\Users\maximgu\Documents\Visual Studio 2012\Projects\eToroAutoStudio\WPFeToroAutoStudio\Selenium.cs:line 486
([FAILED]) 2013-08-05 13:58:47,374 ERROR- 16: TestStep : .w-dual-pane-view-all
([FAILED]) 2013-08-05 13:58:48,380 ERROR- 0,1,84,112,86,Step Failed: waituntil_DispayedElement(Expanded-1min) => OB_Markets_ViewAll with data input: in row : 19
The element could not be found (WARNING: The server did not provide any stacktrace information)
Command duration or timeout: 55.05 seconds
For documentation on this error, please visit: http://seleniumhq.org/exceptions/no_such_element.html
Build info: version: '2.33.0', revision: '4e90c97', time: '2013-05-22 15:32:38'
System info: os.name: 'Windows 7', os.arch: 'amd64', os.version: '6.1', java.version: '1.7.0_21'
Session ID: 21d405a17676aa877e2f34d6222c7f88
Driver info: org.openqa.selenium.chrome.ChromeDriver
Capabilities [{platform=XP, chrome.chromedriverVersion=26.0.1383.0, acceptSslCerts=false, javascriptEnabled=true, browserName=chrome, rotatable=false, locationContextEnabled=false, version=28.0.1500.95, cssSelectorsEnabled=true, databaseEnabled=false, handlesAlerts=true, browserConnectionEnabled=false, webStorageEnabled=true, nativeEvents=true, applicationCacheEnabled=false, takesScreenshot=true}]
C:\Users\maximgu\Documents\Visual Studio 2012\Projects\eToroAutoStudio\UnitTestExecutionManager\bin\Release\Logs\08_05_2013_13_58_48209.png,2,0,0,9
([FAILED]) 2013-08-05 13:58:48,398 ERROR- 0,1,84,112,0,OB_Buy_All_Stocks_All_Amount Test Failed  with data row : 19,2,0,0,9
([DONE]) 2013-08-05 13:58:48,410 INFO - 0,1,84,112,0,OB_Buy_All_Stocks_All_Amount Test Started  with data row : 20,3,0,0,9
([DONE]) 2013-08-05 13:58:52,539 INFO - navigated to http://192.168.13.203
([PASSED]) 2013-08-05 13:58:52,539 INFO - 3: TestStep : 
([PASSED]) 2013-08-05 13:58:52,549 INFO - 0,1,84,112,0,Step Passed: navigateToURL =>  with data input: http://!TestEnvin row : 20,1,0,0,9
([INFO]) 2013-08-05 13:58:53,276 INFO - By.LinkText: Markets waited to find  
([INFO]) 2013-08-05 13:58:53,613 INFO - By.LinkText: Markets waited to display    
([PASSED]) 2013-08-05 13:58:53,613 INFO - 11: TestStep : Markets
([PASSED]) 2013-08-05 13:58:53,623 INFO - 0,1,84,112,30,Step Passed: waitUntill_DispayedElement => OB_Markets with data input: in row : 20,1,0,0,9
([DONE]) 2013-08-05 13:58:54,477 INFO - By.LinkText: Markets clicked
([PASSED]) 2013-08-05 13:58:54,477 INFO - 1: TestStep : Markets
([PASSED]) 2013-08-05 13:58:54,491 INFO - 0,1,84,112,30,Step Passed: click => OB_Markets with data input: in row : 20,1,0,0,9
((null)) 2013-08-05 13:59:31,553 ERROR- The HTTP request to the remote WebDriver server for URL http://isr-mrbean:4444/wd/hub/session/4f0c0811-73c0-43e9-b48b-720ba8854384/window/current/maximize timed out after 60 seconds.
OpenQA.Selenium.WebDriverException: The HTTP request to the remote WebDriver server for URL http://isr-mrbean:4444/wd/hub/session/4f0c0811-73c0-43e9-b48b-720ba8854384/window/current/maximize timed out after 60 seconds. ---> System.Net.WebException: The operation has timed out
   at System.Net.HttpWebRequest.GetResponse()
   at OpenQA.Selenium.Remote.HttpCommandExecutor.CreateResponse(WebRequest request)
   --- End of inner exception stack trace ---
   at OpenQA.Selenium.Remote.HttpCommandExecutor.CreateResponse(WebRequest request)
   at OpenQA.Selenium.Remote.RemoteWebDriver.Execute(String driverCommandToExecute, Dictionary`2 parameters)
   at WPFeToroAutoStudio.Selenium.ScreenShot(IWebDriver driver, String folderName) in c:\Users\maximgu\Documents\Visual Studio 2012\Projects\eToroAutoStudio\WPFeToroAutoStudio\Selenium.cs:line 126
   at WPFeToroAutoStudio.ExecutionManager.ExecuteStep(DataRow dr, IWebDriver driver) in c:\Users\maximgu\Documents\Visual Studio 2012\Projects\eToroAutoStudio\WPFeToroAutoStudio\ExecutionManager.cs:line 111
([FAILED]) 2013-08-05 13:59:31,572 ERROR- 0,1,84,202,0,OB_DeleteAllCookies Test Failed  with data row : ,2,0,1,14
([DONE]) 2013-08-05 13:59:31,582 INFO - 0,1,84,119,0,OB_Switch_Window Test Started  with data row : 2,3,0,1,14
((null)) 2013-08-05 13:59:50,224 ERROR- The element could not be found (WARNING: The server did not provide any stacktrace information)
Command duration or timeout: 54.98 seconds
For documentation on this error, please visit: http://seleniumhq.org/exceptions/no_such_element.html
Build info: version: '2.33.0', revision: '4e90c97', time: '2013-05-22 15:32:38'
System info: os.name: 'Windows 7', os.arch: 'amd64', os.version: '6.1', java.version: '1.7.0_21'
Session ID: 21d405a17676aa877e2f34d6222c7f88
Driver info: org.openqa.selenium.chrome.ChromeDriver
Capabilities [{platform=XP, chrome.chromedriverVersion=26.0.1383.0, acceptSslCerts=false, javascriptEnabled=true, browserName=chrome, rotatable=false, locationContextEnabled=false, version=28.0.1500.95, cssSelectorsEnabled=true, databaseEnabled=false, handlesAlerts=true, browserConnectionEnabled=false, webStorageEnabled=true, nativeEvents=true, applicationCacheEnabled=false, takesScreenshot=true}]
OpenQA.Selenium.NoSuchElementException: The element could not be found (WARNING: The server did not provide any stacktrace information)
Command duration or timeout: 54.98 seconds
For documentation on this error, please visit: http://seleniumhq.org/exceptions/no_such_element.html
Build info: version: '2.33.0', revision: '4e90c97', time: '2013-05-22 15:32:38'
System info: os.name: 'Windows 7', os.arch: 'amd64', os.version: '6.1', java.version: '1.7.0_21'
Session ID: 21d405a17676aa877e2f34d6222c7f88
Driver info: org.openqa.selenium.chrome.ChromeDriver
Capabilities [{platform=XP, chrome.chromedriverVersion=26.0.1383.0, acceptSslCerts=false, javascriptEnabled=true, browserName=chrome, rotatable=false, locationContextEnabled=false, version=28.0.1500.95, cssSelectorsEnabled=true, databaseEnabled=false, handlesAlerts=true, browserConnectionEnabled=false, webStorageEnabled=true, nativeEvents=true, applicationCacheEnabled=false, takesScreenshot=true}]
   at OpenQA.Selenium.Remote.RemoteWebDriver.UnpackAndThrowOnError(Response errorResponse)
   at OpenQA.Selenium.Remote.RemoteWebDriver.Execute(String driverCommandToExecute, Dictionary`2 parameters)
   at OpenQA.Selenium.Remote.RemoteWebDriver.FindElement(String mechanism, String value)
   at OpenQA.Selenium.By.FindElement(ISearchContext context)
   at WPFeToroAutoStudio.Selenium.Waituntilfindelement(By webelement, Int32 waitElementDisplayedTime, IWebDriver driver) in c:\Users\maximgu\Documents\Visual Studio 2012\Projects\eToroAutoStudio\WPFeToroAutoStudio\Selenium.cs:line 276
   at WPFeToroAutoStudio.Selenium.WaituntilelementDisplayed(By webelement, Int32 waitElementDisplayedTime, IWebDriver driver, Boolean isRefresh) in c:\Users\maximgu\Documents\Visual Studio 2012\Projects\eToroAutoStudio\WPFeToroAutoStudio\Selenium.cs:line 308
   at WPFeToroAutoStudio.Selenium.ExecuteOneStep(DataRow dr, String inputDataColumn, String inputTableValue, IWebDriver driver) in c:\Users\maximgu\Documents\Visual Studio 2012\Projects\eToroAutoStudio\WPFeToroAutoStudio\Selenium.cs:line 486
([FAILED]) 2013-08-05 13:59:50,224 ERROR- 16: TestStep : .w-dual-pane-view-all
([FAILED]) 2013-08-05 13:59:51,307 ERROR- 0,1,84,112,86,Step Failed: waituntil_DispayedElement(Expanded-1min) => OB_Markets_ViewAll with data input: in row : 20
The element could not be found (WARNING: The server did not provide any stacktrace information)
Command duration or timeout: 54.98 seconds
For documentation on this error, please visit: http://seleniumhq.org/exceptions/no_such_element.html
Build info: version: '2.33.0', revision: '4e90c97', time: '2013-05-22 15:32:38'
System info: os.name: 'Windows 7', os.arch: 'amd64', os.version: '6.1', java.version: '1.7.0_21'
Session ID: 21d405a17676aa877e2f34d6222c7f88
Driver info: org.openqa.selenium.chrome.ChromeDriver
Capabilities [{platform=XP, chrome.chromedriverVersion=26.0.1383.0, acceptSslCerts=false, javascriptEnabled=true, browserName=chrome, rotatable=false, locationContextEnabled=false, version=28.0.1500.95, cssSelectorsEnabled=true, databaseEnabled=false, handlesAlerts=true, browserConnectionEnabled=false, webStorageEnabled=true, nativeEvents=true, applicationCacheEnabled=false, takesScreenshot=true}]
C:\Users\maximgu\Documents\Visual Studio 2012\Projects\eToroAutoStudio\UnitTestExecutionManager\bin\Release\Logs\08_05_2013_13_59_5185.png,2,0,1,14
([FAILED]) 2013-08-05 13:59:51,329 ERROR- 0,1,84,112,0,OB_Buy_All_Stocks_All_Amount Test Failed  with data row : 20,2,0,0,9
([DONE]) 2013-08-05 13:59:51,341 INFO - 0,1,84,204,0,OB_LogOut_JavaScript Test Started  with data row : 3,3,0,0,9
([DONE]) 2013-08-05 13:59:51,584 INFO - Java script executed with   etoro.session.logout();
([PASSED]) 2013-08-05 13:59:51,584 INFO - 15: TestStep : 
([PASSED]) 2013-08-05 13:59:51,592 INFO - 0,1,84,204,0,Step Passed: setLocalStorage(runJavaCommand) =>  with data input: etoro.session.logout();in row : 3,1,0,1,2
([PASSED]) 2013-08-05 13:59:51,604 INFO - 0,1,84,204,0,OB_LogOut_JavaScript Test Passed  with data row : 3,1,0,1,2
([FAILED]) 2013-08-05 13:59:51,609 ERROR- 0,1,84,0,0,OB_Buy_Stocks Scenario Failed,2,0,1,0
((null)) 2013-08-05 14:00:32,608 ERROR- The HTTP request to the remote WebDriver server for URL http://isr-mrbean:4444/wd/hub/session/4f0c0811-73c0-43e9-b48b-720ba8854384/window_handles timed out after 60 seconds.
OpenQA.Selenium.WebDriverException: The HTTP request to the remote WebDriver server for URL http://isr-mrbean:4444/wd/hub/session/4f0c0811-73c0-43e9-b48b-720ba8854384/window_handles timed out after 60 seconds. ---> System.Net.WebException: The operation has timed out
   at System.Net.HttpWebRequest.GetResponse()
   at OpenQA.Selenium.Remote.HttpCommandExecutor.CreateResponse(WebRequest request)
   --- End of inner exception stack trace ---
   at OpenQA.Selenium.Remote.HttpCommandExecutor.CreateResponse(WebRequest request)
   at OpenQA.Selenium.Remote.RemoteWebDriver.Execute(String driverCommandToExecute, Dictionary`2 parameters)
   at OpenQA.Selenium.Remote.RemoteWebDriver.get_WindowHandles()
   at WPFeToroAutoStudio.Selenium.SwitchTowindow(IWebDriver driver, String windowname) in c:\Users\maximgu\Documents\Visual Studio 2012\Projects\eToroAutoStudio\WPFeToroAutoStudio\Selenium.cs:line 183
   at WPFeToroAutoStudio.Selenium.ExecuteOneStep(DataRow dr, String inputDataColumn, String inputTableValue, IWebDriver driver) in c:\Users\maximgu\Documents\Visual Studio 2012\Projects\eToroAutoStudio\WPFeToroAutoStudio\Selenium.cs:line 511
([FAILED]) 2013-08-05 14:00:32,609 ERROR- 20: TestStep : 
((null)) 2013-08-05 14:01:32,627 ERROR- The HTTP request to the remote WebDriver server for URL http://isr-mrbean:4444/wd/hub/session/4f0c0811-73c0-43e9-b48b-720ba8854384/window/current/maximize timed out after 60 seconds.
OpenQA.Selenium.WebDriverException: The HTTP request to the remote WebDriver server for URL http://isr-mrbean:4444/wd/hub/session/4f0c0811-73c0-43e9-b48b-720ba8854384/window/current/maximize timed out after 60 seconds. ---> System.Net.WebException: The operation has timed out
   at System.Net.HttpWebRequest.GetResponse()
   at OpenQA.Selenium.Remote.HttpCommandExecutor.CreateResponse(WebRequest request)
   --- End of inner exception stack trace ---
   at OpenQA.Selenium.Remote.HttpCommandExecutor.CreateResponse(WebRequest request)
   at OpenQA.Selenium.Remote.RemoteWebDriver.Execute(String driverCommandToExecute, Dictionary`2 parameters)
   at WPFeToroAutoStudio.Selenium.ScreenShot(IWebDriver driver, String folderName) in c:\Users\maximgu\Documents\Visual Studio 2012\Projects\eToroAutoStudio\WPFeToroAutoStudio\Selenium.cs:line 126
   at WPFeToroAutoStudio.ExecutionManager.ExecuteStep(DataRow dr, IWebDriver driver) in c:\Users\maximgu\Documents\Visual Studio 2012\Projects\eToroAutoStudio\WPFeToroAutoStudio\ExecutionManager.cs:line 111
([FAILED]) 2013-08-05 14:01:32,645 ERROR- 0,1,84,119,0,OB_Switch_Window Test Failed  with data row : 2,2,0,1,14
([DONE]) 2013-08-05 14:01:32,655 INFO - 0,1,84,120,0,OB_LoginBox_SOCIAL_SignUP return from FB Test Started  with data row : 1,3,0,1,14
((null)) 2013-08-05 14:02:32,680 ERROR- The HTTP request to the remote WebDriver server for URL http://isr-mrbean:4444/wd/hub/session/4f0c0811-73c0-43e9-b48b-720ba8854384/timeouts/implicit_wait timed out after 60 seconds.
OpenQA.Selenium.WebDriverException: The HTTP request to the remote WebDriver server for URL http://isr-mrbean:4444/wd/hub/session/4f0c0811-73c0-43e9-b48b-720ba8854384/timeouts/implicit_wait timed out after 60 seconds. ---> System.Net.WebException: The operation has timed out
   at System.Net.HttpWebRequest.GetResponse()
   at OpenQA.Selenium.Remote.HttpCommandExecutor.CreateResponse(WebRequest request)
   --- End of inner exception stack trace ---
   at OpenQA.Selenium.Remote.HttpCommandExecutor.CreateResponse(WebRequest request)
   at OpenQA.Selenium.Remote.RemoteWebDriver.Execute(String driverCommandToExecute, Dictionary`2 parameters)
   at OpenQA.Selenium.Remote.RemoteTimeouts.ImplicitlyWait(TimeSpan timeToWait)
   at WPFeToroAutoStudio.Selenium.Waituntilfindelement(By webelement, Int32 waitElementDisplayedTime, IWebDriver driver) in c:\Users\maximgu\Documents\Visual Studio 2012\Projects\eToroAutoStudio\WPFeToroAutoStudio\Selenium.cs:line 276
   at WPFeToroAutoStudio.Selenium.WaituntilelementDisplayed(By webelement, Int32 waitElementDisplayedTime, IWebDriver driver, Boolean isRefresh) in c:\Users\maximgu\Documents\Visual Studio 2012\Projects\eToroAutoStudio\WPFeToroAutoStudio\Selenium.cs:line 308
   at WPFeToroAutoStudio.Selenium.ExecuteOneStep(DataRow dr, String inputDataColumn, String inputTableValue, IWebDriver driver) in c:\Users\maximgu\Documents\Visual Studio 2012\Projects\eToroAutoStudio\WPFeToroAutoStudio\Selenium.cs:line 440
([FAILED]) 2013-08-05 14:02:32,681 ERROR- 11: TestStep : .registration-section
((null)) 2013-08-05 14:03:32,699 ERROR- The HTTP request to the remote WebDriver server for URL http://isr-mrbean:4444/wd/hub/session/4f0c0811-73c0-43e9-b48b-720ba8854384/window/current/maximize timed out after 60 seconds.
OpenQA.Selenium.WebDriverException: The HTTP request to the remote WebDriver server for URL http://isr-mrbean:4444/wd/hub/session/4f0c0811-73c0-43e9-b48b-720ba8854384/window/current/maximize timed out after 60 seconds. ---> System.Net.WebException: The operation has timed out
   at System.Net.HttpWebRequest.GetResponse()
   at OpenQA.Selenium.Remote.HttpCommandExecutor.CreateResponse(WebRequest request)
   --- End of inner exception stack trace ---
   at OpenQA.Selenium.Remote.HttpCommandExecutor.CreateResponse(WebRequest request)
   at OpenQA.Selenium.Remote.RemoteWebDriver.Execute(String driverCommandToExecute, Dictionary`2 parameters)
   at WPFeToroAutoStudio.Selenium.ScreenShot(IWebDriver driver, String folderName) in c:\Users\maximgu\Documents\Visual Studio 2012\Projects\eToroAutoStudio\WPFeToroAutoStudio\Selenium.cs:line 126
   at WPFeToroAutoStudio.ExecutionManager.ExecuteStep(DataRow dr, IWebDriver driver) in c:\Users\maximgu\Documents\Visual Studio 2012\Projects\eToroAutoStudio\WPFeToroAutoStudio\ExecutionManager.cs:line 111
([FAILED]) 2013-08-05 14:03:32,711 ERROR- 0,1,84,120,0,OB_LoginBox_SOCIAL_SignUP return from FB Test Failed  with data row : 1,2,0,1,2
([DONE]) 2013-08-05 14:03:32,718 INFO - 0,1,84,204,0,OB_LogOut_JavaScript Test Started  with data row : 3,3,0,1,2
((null)) 2013-08-05 14:04:32,738 ERROR- The HTTP request to the remote WebDriver server for URL http://isr-mrbean:4444/wd/hub/session/4f0c0811-73c0-43e9-b48b-720ba8854384/execute timed out after 60 seconds.
OpenQA.Selenium.WebDriverException: The HTTP request to the remote WebDriver server for URL http://isr-mrbean:4444/wd/hub/session/4f0c0811-73c0-43e9-b48b-720ba8854384/execute timed out after 60 seconds. ---> System.Net.WebException: The operation has timed out
   at System.Net.HttpWebRequest.GetResponse()
   at OpenQA.Selenium.Remote.HttpCommandExecutor.CreateResponse(WebRequest request)
   --- End of inner exception stack trace ---
   at OpenQA.Selenium.Remote.HttpCommandExecutor.CreateResponse(WebRequest request)
   at OpenQA.Selenium.Remote.RemoteWebDriver.Execute(String driverCommandToExecute, Dictionary`2 parameters)
   at OpenQA.Selenium.Remote.RemoteWebDriver.ExecuteScriptInternal(String script, Boolean async, Object[] args)
   at WPFeToroAutoStudio.Selenium.ExecuteJavaScript(String inputJava, IWebDriver driver) in c:\Users\maximgu\Documents\Visual Studio 2012\Projects\eToroAutoStudio\WPFeToroAutoStudio\Selenium.cs:line 269
   at WPFeToroAutoStudio.Selenium.ExecuteOneStep(DataRow dr, String inputDataColumn, String inputTableValue, IWebDriver driver) in c:\Users\maximgu\Documents\Visual Studio 2012\Projects\eToroAutoStudio\WPFeToroAutoStudio\Selenium.cs:line 482
([FAILED]) 2013-08-05 14:04:32,739 ERROR- 15: TestStep : 
((null)) 2013-08-05 14:05:32,777 ERROR- The HTTP request to the remote WebDriver server for URL http://isr-mrbean:4444/wd/hub/session/4f0c0811-73c0-43e9-b48b-720ba8854384/window/current/maximize timed out after 60 seconds.
OpenQA.Selenium.WebDriverException: The HTTP request to the remote WebDriver server for URL http://isr-mrbean:4444/wd/hub/session/4f0c0811-73c0-43e9-b48b-720ba8854384/window/current/maximize timed out after 60 seconds. ---> System.Net.WebException: The operation has timed out
   at System.Net.HttpWebRequest.GetResponse()
   at OpenQA.Selenium.Remote.HttpCommandExecutor.CreateResponse(WebRequest request)
   --- End of inner exception stack trace ---
   at OpenQA.Selenium.Remote.HttpCommandExecutor.CreateResponse(WebRequest request)
   at OpenQA.Selenium.Remote.RemoteWebDriver.Execute(String driverCommandToExecute, Dictionary`2 parameters)
   at WPFeToroAutoStudio.Selenium.ScreenShot(IWebDriver driver, String folderName) in c:\Users\maximgu\Documents\Visual Studio 2012\Projects\eToroAutoStudio\WPFeToroAutoStudio\Selenium.cs:line 126
   at WPFeToroAutoStudio.ExecutionManager.ExecuteStep(DataRow dr, IWebDriver driver) in c:\Users\maximgu\Documents\Visual Studio 2012\Projects\eToroAutoStudio\WPFeToroAutoStudio\ExecutionManager.cs:line 111
([FAILED]) 2013-08-05 14:05:32,787 ERROR- 0,1,84,204,0,OB_LogOut_JavaScript Test Failed  with data row : 3,2,0,1,2
([DONE]) 2013-08-05 14:05:32,794 INFO - 0,1,84,115,0,OB_LoginBox_regularSignUp_ONBOARDING/LEGACY Test Started  with data row : 1,3,0,1,2
((null)) 2013-08-05 14:06:32,815 ERROR- The HTTP request to the remote WebDriver server for URL http://isr-mrbean:4444/wd/hub/session/4f0c0811-73c0-43e9-b48b-720ba8854384/cookie timed out after 60 seconds.
OpenQA.Selenium.WebDriverException: The HTTP request to the remote WebDriver server for URL http://isr-mrbean:4444/wd/hub/session/4f0c0811-73c0-43e9-b48b-720ba8854384/cookie timed out after 60 seconds. ---> System.Net.WebException: The operation has timed out
   at System.Net.HttpWebRequest.GetResponse()
   at OpenQA.Selenium.Remote.HttpCommandExecutor.CreateResponse(WebRequest request)
   --- End of inner exception stack trace ---
   at OpenQA.Selenium.Remote.HttpCommandExecutor.CreateResponse(WebRequest request)
   at OpenQA.Selenium.Remote.RemoteWebDriver.Execute(String driverCommandToExecute, Dictionary`2 parameters)
   at WPFeToroAutoStudio.Selenium.ExecuteOneStep(DataRow dr, String inputDataColumn, String inputTableValue, IWebDriver driver) in c:\Users\maximgu\Documents\Visual Studio 2012\Projects\eToroAutoStudio\WPFeToroAutoStudio\Selenium.cs:line 537
([FAILED]) 2013-08-05 14:06:32,816 ERROR- 24: TestStep : 
((null)) 2013-08-05 14:07:32,834 ERROR- The HTTP request to the remote WebDriver server for URL http://isr-mrbean:4444/wd/hub/session/4f0c0811-73c0-43e9-b48b-720ba8854384/window/current/maximize timed out after 60 seconds.
OpenQA.Selenium.WebDriverException: The HTTP request to the remote WebDriver server for URL http://isr-mrbean:4444/wd/hub/session/4f0c0811-73c0-43e9-b48b-720ba8854384/window/current/maximize timed out after 60 seconds. ---> System.Net.WebException: The operation has timed out
   at System.Net.HttpWebRequest.GetResponse()
   at OpenQA.Selenium.Remote.HttpCommandExecutor.CreateResponse(WebRequest request)
   --- End of inner exception stack trace ---
   at OpenQA.Selenium.Remote.HttpCommandExecutor.CreateResponse(WebRequest request)
   at OpenQA.Selenium.Remote.RemoteWebDriver.Execute(String driverCommandToExecute, Dictionary`2 parameters)
   at WPFeToroAutoStudio.Selenium.ScreenShot(IWebDriver driver, String folderName) in c:\Users\maximgu\Documents\Visual Studio 2012\Projects\eToroAutoStudio\WPFeToroAutoStudio\Selenium.cs:line 126
   at WPFeToroAutoStudio.ExecutionManager.ExecuteStep(DataRow dr, IWebDriver driver) in c:\Users\maximgu\Documents\Visual Studio 2012\Projects\eToroAutoStudio\WPFeToroAutoStudio\ExecutionManager.cs:line 111
([FAILED]) 2013-08-05 14:07:32,855 ERROR- 0,1,84,115,0,OB_LoginBox_regularSignUp_ONBOARDING/LEGACY Test Failed  with data row : 1,2,0,1,2
([DONE]) 2013-08-05 14:07:32,864 INFO - 0,1,84,204,0,OB_LogOut_JavaScript Test Started  with data row : 3,3,0,1,2
((null)) 2013-08-05 14:08:05,749 ERROR- Unexpected error. 
OpenQA.Selenium.WebDriverException: Unexpected error. 
   at OpenQA.Selenium.Remote.RemoteWebDriver.UnpackAndThrowOnError(Response errorResponse)
   at OpenQA.Selenium.Remote.RemoteWebDriver.Execute(String driverCommandToExecute, Dictionary`2 parameters)
   at OpenQA.Selenium.Remote.RemoteWebDriver.ExecuteScriptInternal(String script, Boolean async, Object[] args)
   at WPFeToroAutoStudio.Selenium.ExecuteJavaScript(String inputJava, IWebDriver driver) in c:\Users\maximgu\Documents\Visual Studio 2012\Projects\eToroAutoStudio\WPFeToroAutoStudio\Selenium.cs:line 269
   at WPFeToroAutoStudio.Selenium.ExecuteOneStep(DataRow dr, String inputDataColumn, String inputTableValue, IWebDriver driver) in c:\Users\maximgu\Documents\Visual Studio 2012\Projects\eToroAutoStudio\WPFeToroAutoStudio\Selenium.cs:line 482
([FAILED]) 2013-08-05 14:08:05,750 ERROR- 15: TestStep : 
((null)) 2013-08-05 14:08:05,760 ERROR- Session [4f0c0811-73c0-43e9-b48b-720ba8854384] was terminated due to BROWSER_TIMEOUT
System.InvalidOperationException: Session [4f0c0811-73c0-43e9-b48b-720ba8854384] was terminated due to BROWSER_TIMEOUT
   at OpenQA.Selenium.Remote.RemoteWebDriver.UnpackAndThrowOnError(Response errorResponse)
   at OpenQA.Selenium.Remote.RemoteWebDriver.Execute(String driverCommandToExecute, Dictionary`2 parameters)
   at WPFeToroAutoStudio.Selenium.ScreenShot(IWebDriver driver, String folderName) in c:\Users\maximgu\Documents\Visual Studio 2012\Projects\eToroAutoStudio\WPFeToroAutoStudio\Selenium.cs:line 126
   at WPFeToroAutoStudio.ExecutionManager.ExecuteStep(DataRow dr, IWebDriver driver) in c:\Users\maximgu\Documents\Visual Studio 2012\Projects\eToroAutoStudio\WPFeToroAutoStudio\ExecutionManager.cs:line 111
([FAILED]) 2013-08-05 14:08:05,782 ERROR- 0,1,84,204,0,OB_LogOut_JavaScript Test Failed  with data row : 3,2,0,1,2
([DONE]) 2013-08-05 14:08:05,794 INFO - 0,1,84,115,0,OB_LoginBox_regularSignUp_ONBOARDING/LEGACY Test Started  with data row : 2,3,0,1,2
((null)) 2013-08-05 14:08:05,810 ERROR- Session [4f0c0811-73c0-43e9-b48b-720ba8854384] was terminated due to BROWSER_TIMEOUT
System.InvalidOperationException: Session [4f0c0811-73c0-43e9-b48b-720ba8854384] was terminated due to BROWSER_TIMEOUT
   at OpenQA.Selenium.Remote.RemoteWebDriver.UnpackAndThrowOnError(Response errorResponse)
   at OpenQA.Selenium.Remote.RemoteWebDriver.Execute(String driverCommandToExecute, Dictionary`2 parameters)
   at WPFeToroAutoStudio.Selenium.ExecuteOneStep(DataRow dr, String inputDataColumn, String inputTableValue, IWebDriver driver) in c:\Users\maximgu\Documents\Visual Studio 2012\Projects\eToroAutoStudio\WPFeToroAutoStudio\Selenium.cs:line 537
([FAILED]) 2013-08-05 14:08:05,811 ERROR- 24: TestStep : 
((null)) 2013-08-05 14:08:05,818 ERROR- Session [4f0c0811-73c0-43e9-b48b-720ba8854384] was terminated due to BROWSER_TIMEOUT
System.InvalidOperationException: Session [4f0c0811-73c0-43e9-b48b-720ba8854384] was terminated due to BROWSER_TIMEOUT
   at OpenQA.Selenium.Remote.RemoteWebDriver.UnpackAndThrowOnError(Response errorResponse)
   at OpenQA.Selenium.Remote.RemoteWebDriver.Execute(String driverCommandToExecute, Dictionary`2 parameters)
   at WPFeToroAutoStudio.Selenium.ScreenShot(IWebDriver driver, String folderName) in c:\Users\maximgu\Documents\Visual Studio 2012\Projects\eToroAutoStudio\WPFeToroAutoStudio\Selenium.cs:line 126
   at WPFeToroAutoStudio.ExecutionManager.ExecuteStep(DataRow dr, IWebDriver driver) in c:\Users\maximgu\Documents\Visual Studio 2012\Projects\eToroAutoStudio\WPFeToroAutoStudio\ExecutionManager.cs:line 111
([FAILED]) 2013-08-05 14:08:05,835 ERROR- 0,1,84,115,0,OB_LoginBox_regularSignUp_ONBOARDING/LEGACY Test Failed  with data row : 2,2,0,1,2
([FAILED]) 2013-08-05 14:08:05,842 ERROR- 0,1,84,0,0,OB_LoginBox_SignUps_ONBOARDING/LEGACY Scenario Failed,2,0,1,0
