([DONE]) 2013-08-05 13:45:05,465 INFO - 0,5,0,0,0,OB_Test1 Batch Started,3,0,1,0
([DONE]) 2013-08-05 13:51:33,106 INFO - 0,5,0,0,0,OB_Test1 Batch Started,3,0,1,0
([DONE]) 2013-08-05 13:51:48,347 INFO - 0,5,0,0,0,OB_Test_SOCIAL_SignUps Scenario will run on chrome browser.,3,0,1,0
([DONE]) 2013-08-05 13:51:48,374 INFO - 0,5,81,0,0,OB_Test_SOCIAL_SignUps Scenario Started,3,0,1,0
([DONE]) 2013-08-05 13:51:48,419 INFO - 0,5,81,119,0,OB_Switch_Window Test Started  with data row : 2,3,0,1,0
([PASSED]) 2013-08-05 13:51:50,462 INFO - 20: TestStep : 
([PASSED]) 2013-08-05 13:51:50,478 INFO - 0,5,81,119,0,Step Passed: switchToWindow =>  with data input: eToro Open Bookin row : 2,1,0,1,14
([PASSED]) 2013-08-05 13:51:50,489 INFO - 0,5,81,119,0,OB_Switch_Window Test Passed  with data row : 2,1,0,1,14
([DONE]) 2013-08-05 13:51:50,500 INFO - 0,5,81,118,0,OB_LoginBox_SOCIAL_SignUP to FB Test Started  with data row : 1,3,0,1,14
([PASSED]) 2013-08-05 13:51:50,545 INFO - 24: TestStep : 
([PASSED]) 2013-08-05 13:51:50,554 INFO - 0,5,81,118,0,Step Passed: deleteAllCookies =>  with data input: in row : 1,1,0,1,2
([DONE]) 2013-08-05 13:51:55,498 INFO - navigated to http://192.168.13.203
([PASSED]) 2013-08-05 13:51:55,498 INFO - 3: TestStep : 
([PASSED]) 2013-08-05 13:51:55,507 INFO - 0,5,81,118,0,Step Passed: navigateToURL =>  with data input: http://!TestEnvin row : 1,1,0,1,2
([INFO]) 2013-08-05 13:51:56,266 INFO - By.CssSelector: b.ob-crown-b waited to find  
([INFO]) 2013-08-05 13:51:56,679 INFO - By.CssSelector: b.ob-crown-b waited to display    
([PASSED]) 2013-08-05 13:51:56,679 INFO - 11: TestStep : b.ob-crown-b
([PASSED]) 2013-08-05 13:51:56,695 INFO - 0,5,81,118,1,Step Passed: waitUntill_DispayedElement => OB_SignIn with data input: in row : 1,1,0,1,2
([DONE]) 2013-08-05 13:51:57,139 INFO - By.CssSelector: b.ob-crown-b clicked
([PASSED]) 2013-08-05 13:51:57,139 INFO - 1: TestStep : b.ob-crown-b
([PASSED]) 2013-08-05 13:51:57,150 INFO - 0,5,81,118,1,Step Passed: click => OB_SignIn with data input: in row : 1,1,0,1,2
([DONE]) 2013-08-05 13:51:57,531 INFO - 0,5,0,0,0,OB_Market_Charts_test Scenario will run on firefox browser.,3,0,1,0
([DONE]) 2013-08-05 13:51:57,543 INFO - 0,5,187,0,0,OB_Market_Charts_test Scenario Started,3,0,1,0
([DONE]) 2013-08-05 13:51:57,554 INFO - 0,5,187,223,0,Copy Of_OB_Buy_All_Stocks_All_Amount Test Started  with data row : 1,3,0,1,2
([INFO]) 2013-08-05 13:51:57,880 INFO - By.CssSelector: .m-li-social-button.e-btn-social.fb waited to find  
([INFO]) 2013-08-05 13:51:58,184 INFO - By.CssSelector: .m-li-social-button.e-btn-social.fb waited to display    
([PASSED]) 2013-08-05 13:51:58,184 INFO - 11: TestStep : .m-li-social-button.e-btn-social.fb
([PASSED]) 2013-08-05 13:51:58,195 INFO - 0,5,187,118,124,Step Passed: waitUntill_DispayedElement => OB_SignUP_ViaFaceBook with data input: in row : 1,1,0,0,9
([DONE]) 2013-08-05 13:52:01,454 INFO - By.CssSelector: .m-li-social-button.e-btn-social.fb clicked
([PASSED]) 2013-08-05 13:52:01,454 INFO - 1: TestStep : .m-li-social-button.e-btn-social.fb
([PASSED]) 2013-08-05 13:52:01,463 INFO - 0,5,187,118,124,Step Passed: click => OB_SignUP_ViaFaceBook with data input: in row : 1,1,0,1,2
([PASSED]) 2013-08-05 13:52:02,987 INFO - 20: TestStep : 
([PASSED]) 2013-08-05 13:52:02,998 INFO - 0,5,187,118,0,Step Passed: switchToWindow =>  with data input: Facebookin row : 1,1,0,1,2
([INFO]) 2013-08-05 13:52:03,710 INFO - By.Name: email waited to find  
([INFO]) 2013-08-05 13:52:04,026 INFO - By.Name: email waited to display    
([PASSED]) 2013-08-05 13:52:04,026 INFO - 11: TestStep : email
([PASSED]) 2013-08-05 13:52:04,038 INFO - 0,5,187,118,125,Step Passed: waitUntill_DispayedElement => OB_eMail with data input: in row : 1,1,0,1,2
([DONE]) 2013-08-05 13:52:04,950 INFO - navigated to http://192.168.13.203
([PASSED]) 2013-08-05 13:52:04,951 INFO - 3: TestStep : 
([PASSED]) 2013-08-05 13:52:04,960 INFO - 0,5,187,223,0,Step Passed: navigateToURL =>  with data input: http://!TestEnvin row : 1,1,0,1,2
([DONE]) 2013-08-05 13:52:05,254 INFO - By.Name: email Sentkey with openbookgoog@gmail.com
([PASSED]) 2013-08-05 13:52:05,254 INFO - 2: TestStep : email
([PASSED]) 2013-08-05 13:52:05,266 INFO - 0,5,187,118,125,Step Passed: sendKey => OB_eMail with data input: openbookgoog@gmail.comin row : 1,1,0,0,9
([INFO]) 2013-08-05 13:52:05,920 INFO - By.LinkText: Markets waited to find  
([INFO]) 2013-08-05 13:52:06,245 INFO - By.LinkText: Markets waited to display    
([PASSED]) 2013-08-05 13:52:06,246 INFO - 11: TestStep : Markets
([PASSED]) 2013-08-05 13:52:06,256 INFO - 0,5,187,223,30,Step Passed: waitUntill_DispayedElement => OB_Markets with data input: in row : 1,1,0,1,2
([DONE]) 2013-08-05 13:52:06,319 INFO - By.Name: pass Sentkey with virtser
([PASSED]) 2013-08-05 13:52:06,319 INFO - 2: TestStep : pass
([PASSED]) 2013-08-05 13:52:06,329 INFO - 0,5,187,118,127,Step Passed: sendKey => OB_FB_Password with data input: virtserin row : 1,1,0,0,9
([DONE]) 2013-08-05 13:52:07,477 INFO - By.LinkText: Markets clicked
([PASSED]) 2013-08-05 13:52:07,478 INFO - 1: TestStep : Markets
([PASSED]) 2013-08-05 13:52:07,493 INFO - 0,5,187,223,30,Step Passed: click => OB_Markets with data input: in row : 1,1,0,1,2
([DONE]) 2013-08-05 13:52:13,304 INFO - By.Name: login clicked
([PASSED]) 2013-08-05 13:52:13,304 INFO - 1: TestStep : login
([PASSED]) 2013-08-05 13:52:13,316 INFO - 0,5,187,118,128,Step Passed: click => OB_FB_Login_Button with data input: in row : 1,1,0,0,9
([PASSED]) 2013-08-05 13:52:13,326 INFO - 0,5,187,118,0,OB_LoginBox_SOCIAL_SignUP to FB Test Passed  with data row : 1,1,0,1,2
([DONE]) 2013-08-05 13:52:13,335 INFO - 0,5,187,119,0,OB_Switch_Window Test Started  with data row : 2,3,0,1,2
([PASSED]) 2013-08-05 13:52:14,595 INFO - 20: TestStep : 
([PASSED]) 2013-08-05 13:52:14,604 INFO - 0,5,187,119,0,Step Passed: switchToWindow =>  with data input: eToro Open Bookin row : 2,1,0,1,14
([PASSED]) 2013-08-05 13:52:14,617 INFO - 0,5,187,119,0,OB_Switch_Window Test Passed  with data row : 2,1,0,1,14
([DONE]) 2013-08-05 13:52:14,627 INFO - 0,5,187,120,0,OB_LoginBox_SOCIAL_SignUP return from FB Test Started  with data row : 1,3,0,1,14
([INFO]) 2013-08-05 13:52:18,998 INFO - By.CssSelector: .registration-section waited to find  
((null)) 2013-08-05 13:53:03,467 ERROR- Unable to locate element: {"method":"css selector","selector":".w-dual-pane-view-all"}
Command duration or timeout: 55.17 seconds
For documentation on this error, please visit: http://seleniumhq.org/exceptions/no_such_element.html
Build info: version: '2.33.0', revision: '4e90c97', time: '2013-05-22 15:32:38'
System info: os.name: 'Windows 7', os.arch: 'amd64', os.version: '6.1', java.version: '1.7.0_21'
Session ID: b18f707f-31a4-4817-99bc-3af798503620
Driver info: org.openqa.selenium.firefox.FirefoxDriver
Capabilities [{platform=XP, databaseEnabled=true, cssSelectorsEnabled=true, javascriptEnabled=true, acceptSslCerts=true, handlesAlerts=true, browserName=firefox, browserConnectionEnabled=true, nativeEvents=true, webStorageEnabled=true, rotatable=false, locationContextEnabled=true, applicationCacheEnabled=true, takesScreenshot=true, version=20.0.1}]
OpenQA.Selenium.NoSuchElementException: Unable to locate element: {"method":"css selector","selector":".w-dual-pane-view-all"}
Command duration or timeout: 55.17 seconds
For documentation on this error, please visit: http://seleniumhq.org/exceptions/no_such_element.html
Build info: version: '2.33.0', revision: '4e90c97', time: '2013-05-22 15:32:38'
System info: os.name: 'Windows 7', os.arch: 'amd64', os.version: '6.1', java.version: '1.7.0_21'
Session ID: b18f707f-31a4-4817-99bc-3af798503620
Driver info: org.openqa.selenium.firefox.FirefoxDriver
Capabilities [{platform=XP, databaseEnabled=true, cssSelectorsEnabled=true, javascriptEnabled=true, acceptSslCerts=true, handlesAlerts=true, browserName=firefox, browserConnectionEnabled=true, nativeEvents=true, webStorageEnabled=true, rotatable=false, locationContextEnabled=true, applicationCacheEnabled=true, takesScreenshot=true, version=20.0.1}]
   at OpenQA.Selenium.Remote.RemoteWebDriver.UnpackAndThrowOnError(Response errorResponse)
   at OpenQA.Selenium.Remote.RemoteWebDriver.Execute(String driverCommandToExecute, Dictionary`2 parameters)
   at OpenQA.Selenium.Remote.RemoteWebDriver.FindElement(String mechanism, String value)
   at OpenQA.Selenium.By.FindElement(ISearchContext context)
   at WPFeToroAutoStudio.Selenium.Waituntilfindelement(By webelement, Int32 waitElementDisplayedTime, IWebDriver driver) in c:\Users\maximgu\Documents\Visual Studio 2012\Projects\eToroAutoStudio\WPFeToroAutoStudio\Selenium.cs:line 276
   at WPFeToroAutoStudio.Selenium.WaituntilelementDisplayed(By webelement, Int32 waitElementDisplayedTime, IWebDriver driver, Boolean isRefresh) in c:\Users\maximgu\Documents\Visual Studio 2012\Projects\eToroAutoStudio\WPFeToroAutoStudio\Selenium.cs:line 308
   at WPFeToroAutoStudio.Selenium.ExecuteOneStep(DataRow dr, String inputDataColumn, String inputTableValue, IWebDriver driver) in c:\Users\maximgu\Documents\Visual Studio 2012\Projects\eToroAutoStudio\WPFeToroAutoStudio\Selenium.cs:line 440
([FAILED]) 2013-08-05 13:53:03,482 ERROR- 11: TestStep : .w-dual-pane-view-all
([FAILED]) 2013-08-05 13:53:04,374 ERROR- 0,5,187,223,86,Step Failed: waitUntill_DispayedElement => OB_Markets_ViewAll with data input: in row : 1
Unable to locate element: {"method":"css selector","selector":".w-dual-pane-view-all"}
Command duration or timeout: 55.17 seconds
For documentation on this error, please visit: http://seleniumhq.org/exceptions/no_such_element.html
Build info: version: '2.33.0', revision: '4e90c97', time: '2013-05-22 15:32:38'
System info: os.name: 'Windows 7', os.arch: 'amd64', os.version: '6.1', java.version: '1.7.0_21'
Session ID: b18f707f-31a4-4817-99bc-3af798503620
Driver info: org.openqa.selenium.firefox.FirefoxDriver
Capabilities [{platform=XP, databaseEnabled=true, cssSelectorsEnabled=true, javascriptEnabled=true, acceptSslCerts=true, handlesAlerts=true, browserName=firefox, browserConnectionEnabled=true, nativeEvents=true, webStorageEnabled=true, rotatable=false, locationContextEnabled=true, applicationCacheEnabled=true, takesScreenshot=true, version=20.0.1}]
C:\Users\maximgu\Documents\Visual Studio 2012\Projects\eToroAutoStudio\UnitTestExecutionManager\bin\Release\Logs\08_05_2013_13_53_04158.png,2,0,1,2
([FAILED]) 2013-08-05 13:53:04,389 ERROR- 0,5,187,223,0,Copy Of_OB_Buy_All_Stocks_All_Amount Test Failed  with data row : 1,2,0,0,9
([DONE]) 2013-08-05 13:53:04,398 INFO - 0,5,187,222,0,OB_Stocks_ChartChecking Test Started  with data row : 1-5,3,0,0,9
([DONE]) 2013-08-05 13:53:04,408 INFO - 0,5,187,222,0,OB_Stocks_ChartChecking Test Started  with data row : 1,3,0,0,9
([INFO]) 2013-08-05 13:53:30,078 INFO - By.CssSelector: .registration-section waited to display    
([PASSED]) 2013-08-05 13:53:30,078 INFO - 11: TestStep : .registration-section
([PASSED]) 2013-08-05 13:53:30,089 INFO - 0,5,187,120,59,Step Passed: waitUntill_DispayedElement => OB_RegistrationForm_RegistartionSection with data input: in row : 1,1,0,0,9
((null)) 2013-08-05 13:53:30,796 ERROR- Element is not currently interactable and may not be manipulated (WARNING: The server did not provide any stacktrace information)
Command duration or timeout: 63 milliseconds
Build info: version: '2.33.0', revision: '4e90c97', time: '2013-05-22 15:32:38'
System info: os.name: 'Windows 7', os.arch: 'amd64', os.version: '6.1', java.version: '1.7.0_21'
Session ID: 6433bbdf4f73c02f5c7801968d863a39
Driver info: org.openqa.selenium.chrome.ChromeDriver
Capabilities [{platform=XP, chrome.chromedriverVersion=26.0.1383.0, acceptSslCerts=false, javascriptEnabled=true, browserName=chrome, rotatable=false, locationContextEnabled=false, version=28.0.1500.95, cssSelectorsEnabled=true, databaseEnabled=false, handlesAlerts=true, browserConnectionEnabled=false, webStorageEnabled=true, nativeEvents=true, applicationCacheEnabled=false, takesScreenshot=true}]
OpenQA.Selenium.InvalidElementStateException: Element is not currently interactable and may not be manipulated (WARNING: The server did not provide any stacktrace information)
Command duration or timeout: 63 milliseconds
Build info: version: '2.33.0', revision: '4e90c97', time: '2013-05-22 15:32:38'
System info: os.name: 'Windows 7', os.arch: 'amd64', os.version: '6.1', java.version: '1.7.0_21'
Session ID: 6433bbdf4f73c02f5c7801968d863a39
Driver info: org.openqa.selenium.chrome.ChromeDriver
Capabilities [{platform=XP, chrome.chromedriverVersion=26.0.1383.0, acceptSslCerts=false, javascriptEnabled=true, browserName=chrome, rotatable=false, locationContextEnabled=false, version=28.0.1500.95, cssSelectorsEnabled=true, databaseEnabled=false, handlesAlerts=true, browserConnectionEnabled=false, webStorageEnabled=true, nativeEvents=true, applicationCacheEnabled=false, takesScreenshot=true}]
   at OpenQA.Selenium.Remote.RemoteWebDriver.UnpackAndThrowOnError(Response errorResponse)
   at OpenQA.Selenium.Remote.RemoteWebDriver.Execute(String driverCommandToExecute, Dictionary`2 parameters)
   at WPFeToroAutoStudio.Selenium.ExecuteOneStep(DataRow dr, String inputDataColumn, String inputTableValue, IWebDriver driver) in c:\Users\maximgu\Documents\Visual Studio 2012\Projects\eToroAutoStudio\WPFeToroAutoStudio\Selenium.cs:line 383
([FAILED]) 2013-08-05 13:53:30,797 ERROR- 2: TestStep : .form-field.form-field-text.username .form-field-element
([FAILED]) 2013-08-05 13:53:32,294 ERROR- 0,5,187,120,60,Step Failed: sendKey => OB_RegistrationForm_UserName with data input: !Randin row : 1
Element is not currently interactable and may not be manipulated (WARNING: The server did not provide any stacktrace information)
Command duration or timeout: 63 milliseconds
Build info: version: '2.33.0', revision: '4e90c97', time: '2013-05-22 15:32:38'
System info: os.name: 'Windows 7', os.arch: 'amd64', os.version: '6.1', java.version: '1.7.0_21'
Session ID: 6433bbdf4f73c02f5c7801968d863a39
Driver info: org.openqa.selenium.chrome.ChromeDriver
Capabilities [{platform=XP, chrome.chromedriverVersion=26.0.1383.0, acceptSslCerts=false, javascriptEnabled=true, browserName=chrome, rotatable=false, locationContextEnabled=false, version=28.0.1500.95, cssSelectorsEnabled=true, databaseEnabled=false, handlesAlerts=true, browserConnectionEnabled=false, webStorageEnabled=true, nativeEvents=true, applicationCacheEnabled=false, takesScreenshot=true}]
C:\Users\maximgu\Documents\Visual Studio 2012\Projects\eToroAutoStudio\UnitTestExecutionManager\bin\Release\Logs\08_05_2013_13_53_3255.png,2,0,1,2
([FAILED]) 2013-08-05 13:53:32,315 ERROR- 0,5,187,120,0,OB_LoginBox_SOCIAL_SignUP return from FB Test Failed  with data row : 1,2,0,1,2
([DONE]) 2013-08-05 13:53:32,326 INFO - 0,5,187,204,0,OB_LogOut_JavaScript Test Started  with data row : 3,3,0,1,2
([DONE]) 2013-08-05 13:53:32,564 INFO - Java script executed with   etoro.session.logout();
([PASSED]) 2013-08-05 13:53:32,564 INFO - 15: TestStep : 
([PASSED]) 2013-08-05 13:53:32,574 INFO - 0,5,187,204,0,Step Passed: setLocalStorage(runJavaCommand) =>  with data input: etoro.session.logout();in row : 3,1,0,1,2
([PASSED]) 2013-08-05 13:53:32,584 INFO - 0,5,187,204,0,OB_LogOut_JavaScript Test Passed  with data row : 3,1,0,1,2
([DONE]) 2013-08-05 13:53:32,594 INFO - 0,5,187,125,0,OB_MainBanner_FB_SignUp_LEGACY to FB Test Started  with data row : 1,3,0,1,2
([DONE]) 2013-08-05 13:53:32,831 INFO - Java script executed with   EToro.storage.localStorage.write('onboardingMode', 'legacy')
([PASSED]) 2013-08-05 13:53:32,831 INFO - 15: TestStep : 
([PASSED]) 2013-08-05 13:53:32,840 INFO - 0,5,187,125,0,Step Passed: setLocalStorage(runJavaCommand) =>  with data input: EToro.storage.localStorage.write('onboardingMode', 'legacy')in row : 1,1,0,1,15
((null)) 2013-08-05 13:54:00,425 ERROR- Unable to locate element: {"method":"css selector","selector":".data-picker.dropdown.timeframes-picker .chzn-container.chzn-container-single"}
Command duration or timeout: 55.17 seconds
For documentation on this error, please visit: http://seleniumhq.org/exceptions/no_such_element.html
Build info: version: '2.33.0', revision: '4e90c97', time: '2013-05-22 15:32:38'
System info: os.name: 'Windows 7', os.arch: 'amd64', os.version: '6.1', java.version: '1.7.0_21'
Session ID: b18f707f-31a4-4817-99bc-3af798503620
Driver info: org.openqa.selenium.firefox.FirefoxDriver
Capabilities [{platform=XP, databaseEnabled=true, cssSelectorsEnabled=true, javascriptEnabled=true, acceptSslCerts=true, handlesAlerts=true, browserName=firefox, browserConnectionEnabled=true, nativeEvents=true, webStorageEnabled=true, rotatable=false, locationContextEnabled=true, applicationCacheEnabled=true, takesScreenshot=true, version=20.0.1}]
OpenQA.Selenium.NoSuchElementException: Unable to locate element: {"method":"css selector","selector":".data-picker.dropdown.timeframes-picker .chzn-container.chzn-container-single"}
Command duration or timeout: 55.17 seconds
For documentation on this error, please visit: http://seleniumhq.org/exceptions/no_such_element.html
Build info: version: '2.33.0', revision: '4e90c97', time: '2013-05-22 15:32:38'
System info: os.name: 'Windows 7', os.arch: 'amd64', os.version: '6.1', java.version: '1.7.0_21'
Session ID: b18f707f-31a4-4817-99bc-3af798503620
Driver info: org.openqa.selenium.firefox.FirefoxDriver
Capabilities [{platform=XP, databaseEnabled=true, cssSelectorsEnabled=true, javascriptEnabled=true, acceptSslCerts=true, handlesAlerts=true, browserName=firefox, browserConnectionEnabled=true, nativeEvents=true, webStorageEnabled=true, rotatable=false, locationContextEnabled=true, applicationCacheEnabled=true, takesScreenshot=true, version=20.0.1}]
   at OpenQA.Selenium.Remote.RemoteWebDriver.UnpackAndThrowOnError(Response errorResponse)
   at OpenQA.Selenium.Remote.RemoteWebDriver.Execute(String driverCommandToExecute, Dictionary`2 parameters)
   at OpenQA.Selenium.Remote.RemoteWebDriver.FindElement(String mechanism, String value)
   at OpenQA.Selenium.By.FindElement(ISearchContext context)
   at WPFeToroAutoStudio.Selenium.Waituntilfindelement(By webelement, Int32 waitElementDisplayedTime, IWebDriver driver) in c:\Users\maximgu\Documents\Visual Studio 2012\Projects\eToroAutoStudio\WPFeToroAutoStudio\Selenium.cs:line 276
   at WPFeToroAutoStudio.Selenium.WaituntilelementDisplayed(By webelement, Int32 waitElementDisplayedTime, IWebDriver driver, Boolean isRefresh) in c:\Users\maximgu\Documents\Visual Studio 2012\Projects\eToroAutoStudio\WPFeToroAutoStudio\Selenium.cs:line 308
   at WPFeToroAutoStudio.Selenium.ExecuteOneStep(DataRow dr, String inputDataColumn, String inputTableValue, IWebDriver driver) in c:\Users\maximgu\Documents\Visual Studio 2012\Projects\eToroAutoStudio\WPFeToroAutoStudio\Selenium.cs:line 486
([FAILED]) 2013-08-05 13:54:00,426 ERROR- 16: TestStep : .data-picker.dropdown.timeframes-picker .chzn-container.chzn-container-single
([FAILED]) 2013-08-05 13:54:01,489 ERROR- 0,5,187,222,251,Step Failed: waituntil_DispayedElement(Expanded-1min) => OB_StatsTab_TimePeriod with data input: in row : 1
Unable to locate element: {"method":"css selector","selector":".data-picker.dropdown.timeframes-picker .chzn-container.chzn-container-single"}
Command duration or timeout: 55.17 seconds
For documentation on this error, please visit: http://seleniumhq.org/exceptions/no_such_element.html
Build info: version: '2.33.0', revision: '4e90c97', time: '2013-05-22 15:32:38'
System info: os.name: 'Windows 7', os.arch: 'amd64', os.version: '6.1', java.version: '1.7.0_21'
Session ID: b18f707f-31a4-4817-99bc-3af798503620
Driver info: org.openqa.selenium.firefox.FirefoxDriver
Capabilities [{platform=XP, databaseEnabled=true, cssSelectorsEnabled=true, javascriptEnabled=true, acceptSslCerts=true, handlesAlerts=true, browserName=firefox, browserConnectionEnabled=true, nativeEvents=true, webStorageEnabled=true, rotatable=false, locationContextEnabled=true, applicationCacheEnabled=true, takesScreenshot=true, version=20.0.1}]
C:\Users\maximgu\Documents\Visual Studio 2012\Projects\eToroAutoStudio\UnitTestExecutionManager\bin\Release\Logs\08_05_2013_13_54_01333.png,2,0,1,15
([FAILED]) 2013-08-05 13:54:01,507 ERROR- 0,5,187,222,0,OB_Stocks_ChartChecking Test Failed  with data row : 1,2,0,0,9
([DONE]) 2013-08-05 13:54:01,519 INFO - 0,5,187,222,0,OB_Stocks_ChartChecking Test Started  with data row : 2,3,0,0,9
((null)) 2013-08-05 13:54:28,677 ERROR- The element could not be found (WARNING: The server did not provide any stacktrace information)
Command duration or timeout: 55.10 seconds
For documentation on this error, please visit: http://seleniumhq.org/exceptions/no_such_element.html
Build info: version: '2.33.0', revision: '4e90c97', time: '2013-05-22 15:32:38'
System info: os.name: 'Windows 7', os.arch: 'amd64', os.version: '6.1', java.version: '1.7.0_21'
Session ID: 6433bbdf4f73c02f5c7801968d863a39
Driver info: org.openqa.selenium.chrome.ChromeDriver
Capabilities [{platform=XP, chrome.chromedriverVersion=26.0.1383.0, acceptSslCerts=false, javascriptEnabled=true, browserName=chrome, rotatable=false, locationContextEnabled=false, version=28.0.1500.95, cssSelectorsEnabled=true, databaseEnabled=false, handlesAlerts=true, browserConnectionEnabled=false, webStorageEnabled=true, nativeEvents=true, applicationCacheEnabled=false, takesScreenshot=true}]
OpenQA.Selenium.NoSuchElementException: The element could not be found (WARNING: The server did not provide any stacktrace information)
Command duration or timeout: 55.10 seconds
For documentation on this error, please visit: http://seleniumhq.org/exceptions/no_such_element.html
Build info: version: '2.33.0', revision: '4e90c97', time: '2013-05-22 15:32:38'
System info: os.name: 'Windows 7', os.arch: 'amd64', os.version: '6.1', java.version: '1.7.0_21'
Session ID: 6433bbdf4f73c02f5c7801968d863a39
Driver info: org.openqa.selenium.chrome.ChromeDriver
Capabilities [{platform=XP, chrome.chromedriverVersion=26.0.1383.0, acceptSslCerts=false, javascriptEnabled=true, browserName=chrome, rotatable=false, locationContextEnabled=false, version=28.0.1500.95, cssSelectorsEnabled=true, databaseEnabled=false, handlesAlerts=true, browserConnectionEnabled=false, webStorageEnabled=true, nativeEvents=true, applicationCacheEnabled=false, takesScreenshot=true}]
   at OpenQA.Selenium.Remote.RemoteWebDriver.UnpackAndThrowOnError(Response errorResponse)
   at OpenQA.Selenium.Remote.RemoteWebDriver.Execute(String driverCommandToExecute, Dictionary`2 parameters)
   at OpenQA.Selenium.Remote.RemoteWebDriver.FindElement(String mechanism, String value)
   at OpenQA.Selenium.By.FindElement(ISearchContext context)
   at WPFeToroAutoStudio.Selenium.Waituntilfindelement(By webelement, Int32 waitElementDisplayedTime, IWebDriver driver) in c:\Users\maximgu\Documents\Visual Studio 2012\Projects\eToroAutoStudio\WPFeToroAutoStudio\Selenium.cs:line 276
   at WPFeToroAutoStudio.Selenium.WaituntilelementDisplayed(By webelement, Int32 waitElementDisplayedTime, IWebDriver driver, Boolean isRefresh) in c:\Users\maximgu\Documents\Visual Studio 2012\Projects\eToroAutoStudio\WPFeToroAutoStudio\Selenium.cs:line 308
   at WPFeToroAutoStudio.Selenium.ExecuteOneStep(DataRow dr, String inputDataColumn, String inputTableValue, IWebDriver driver) in c:\Users\maximgu\Documents\Visual Studio 2012\Projects\eToroAutoStudio\WPFeToroAutoStudio\Selenium.cs:line 440
([FAILED]) 2013-08-05 13:54:28,678 ERROR- 11: TestStep : .copy-trader-banner.mcw
([FAILED]) 2013-08-05 13:54:30,251 ERROR- 0,5,187,125,142,Step Failed: waitUntill_DispayedElement => OB_Main_Banner with data input: in row : 1
The element could not be found (WARNING: The server did not provide any stacktrace information)
Command duration or timeout: 55.10 seconds
For documentation on this error, please visit: http://seleniumhq.org/exceptions/no_such_element.html
Build info: version: '2.33.0', revision: '4e90c97', time: '2013-05-22 15:32:38'
System info: os.name: 'Windows 7', os.arch: 'amd64', os.version: '6.1', java.version: '1.7.0_21'
Session ID: 6433bbdf4f73c02f5c7801968d863a39
Driver info: org.openqa.selenium.chrome.ChromeDriver
Capabilities [{platform=XP, chrome.chromedriverVersion=26.0.1383.0, acceptSslCerts=false, javascriptEnabled=true, browserName=chrome, rotatable=false, locationContextEnabled=false, version=28.0.1500.95, cssSelectorsEnabled=true, databaseEnabled=false, handlesAlerts=true, browserConnectionEnabled=false, webStorageEnabled=true, nativeEvents=true, applicationCacheEnabled=false, takesScreenshot=true}]
C:\Users\maximgu\Documents\Visual Studio 2012\Projects\eToroAutoStudio\UnitTestExecutionManager\bin\Release\Logs\08_05_2013_13_54_305.png,2,0,0,9
([FAILED]) 2013-08-05 13:54:30,265 ERROR- 0,5,187,125,0,OB_MainBanner_FB_SignUp_LEGACY to FB Test Failed  with data row : 1,2,0,1,15
([DONE]) 2013-08-05 13:54:30,274 INFO - 0,5,187,186,0,OB_MainBanner_FB_SignUP_LEGACY From FB Test Started  with data row : 1,3,0,1,15
((null)) 2013-08-05 13:54:57,391 ERROR- Unable to locate element: {"method":"css selector","selector":".data-picker.dropdown.timeframes-picker .chzn-container.chzn-container-single"}
Command duration or timeout: 55.11 seconds
For documentation on this error, please visit: http://seleniumhq.org/exceptions/no_such_element.html
Build info: version: '2.33.0', revision: '4e90c97', time: '2013-05-22 15:32:38'
System info: os.name: 'Windows 7', os.arch: 'amd64', os.version: '6.1', java.version: '1.7.0_21'
Session ID: b18f707f-31a4-4817-99bc-3af798503620
Driver info: org.openqa.selenium.firefox.FirefoxDriver
Capabilities [{platform=XP, databaseEnabled=true, cssSelectorsEnabled=true, javascriptEnabled=true, acceptSslCerts=true, handlesAlerts=true, browserName=firefox, browserConnectionEnabled=true, nativeEvents=true, webStorageEnabled=true, rotatable=false, locationContextEnabled=true, applicationCacheEnabled=true, takesScreenshot=true, version=20.0.1}]
OpenQA.Selenium.NoSuchElementException: Unable to locate element: {"method":"css selector","selector":".data-picker.dropdown.timeframes-picker .chzn-container.chzn-container-single"}
Command duration or timeout: 55.11 seconds
For documentation on this error, please visit: http://seleniumhq.org/exceptions/no_such_element.html
Build info: version: '2.33.0', revision: '4e90c97', time: '2013-05-22 15:32:38'
System info: os.name: 'Windows 7', os.arch: 'amd64', os.version: '6.1', java.version: '1.7.0_21'
Session ID: b18f707f-31a4-4817-99bc-3af798503620
Driver info: org.openqa.selenium.firefox.FirefoxDriver
Capabilities [{platform=XP, databaseEnabled=true, cssSelectorsEnabled=true, javascriptEnabled=true, acceptSslCerts=true, handlesAlerts=true, browserName=firefox, browserConnectionEnabled=true, nativeEvents=true, webStorageEnabled=true, rotatable=false, locationContextEnabled=true, applicationCacheEnabled=true, takesScreenshot=true, version=20.0.1}]
   at OpenQA.Selenium.Remote.RemoteWebDriver.UnpackAndThrowOnError(Response errorResponse)
   at OpenQA.Selenium.Remote.RemoteWebDriver.Execute(String driverCommandToExecute, Dictionary`2 parameters)
   at OpenQA.Selenium.Remote.RemoteWebDriver.FindElement(String mechanism, String value)
   at OpenQA.Selenium.By.FindElement(ISearchContext context)
   at WPFeToroAutoStudio.Selenium.Waituntilfindelement(By webelement, Int32 waitElementDisplayedTime, IWebDriver driver) in c:\Users\maximgu\Documents\Visual Studio 2012\Projects\eToroAutoStudio\WPFeToroAutoStudio\Selenium.cs:line 276
   at WPFeToroAutoStudio.Selenium.WaituntilelementDisplayed(By webelement, Int32 waitElementDisplayedTime, IWebDriver driver, Boolean isRefresh) in c:\Users\maximgu\Documents\Visual Studio 2012\Projects\eToroAutoStudio\WPFeToroAutoStudio\Selenium.cs:line 308
   at WPFeToroAutoStudio.Selenium.ExecuteOneStep(DataRow dr, String inputDataColumn, String inputTableValue, IWebDriver driver) in c:\Users\maximgu\Documents\Visual Studio 2012\Projects\eToroAutoStudio\WPFeToroAutoStudio\Selenium.cs:line 486
([FAILED]) 2013-08-05 13:54:57,392 ERROR- 16: TestStep : .data-picker.dropdown.timeframes-picker .chzn-container.chzn-container-single
([FAILED]) 2013-08-05 13:54:58,184 ERROR- 0,5,187,222,251,Step Failed: waituntil_DispayedElement(Expanded-1min) => OB_StatsTab_TimePeriod with data input: in row : 2
Unable to locate element: {"method":"css selector","selector":".data-picker.dropdown.timeframes-picker .chzn-container.chzn-container-single"}
Command duration or timeout: 55.11 seconds
For documentation on this error, please visit: http://seleniumhq.org/exceptions/no_such_element.html
Build info: version: '2.33.0', revision: '4e90c97', time: '2013-05-22 15:32:38'
System info: os.name: 'Windows 7', os.arch: 'amd64', os.version: '6.1', java.version: '1.7.0_21'
Session ID: b18f707f-31a4-4817-99bc-3af798503620
Driver info: org.openqa.selenium.firefox.FirefoxDriver
Capabilities [{platform=XP, databaseEnabled=true, cssSelectorsEnabled=true, javascriptEnabled=true, acceptSslCerts=true, handlesAlerts=true, browserName=firefox, browserConnectionEnabled=true, nativeEvents=true, webStorageEnabled=true, rotatable=false, locationContextEnabled=true, applicationCacheEnabled=true, takesScreenshot=true, version=20.0.1}]
C:\Users\maximgu\Documents\Visual Studio 2012\Projects\eToroAutoStudio\UnitTestExecutionManager\bin\Release\Logs\08_05_2013_13_54_580.png,2,0,1,15
([FAILED]) 2013-08-05 13:54:58,214 ERROR- 0,5,187,222,0,OB_Stocks_ChartChecking Test Failed  with data row : 2,2,0,0,9
([DONE]) 2013-08-05 13:54:58,232 INFO - 0,5,187,222,0,OB_Stocks_ChartChecking Test Started  with data row : 3,3,0,0,9
((null)) 2013-08-05 13:55:26,098 ERROR- The element could not be found (WARNING: The server did not provide any stacktrace information)
Command duration or timeout: 55.05 seconds
For documentation on this error, please visit: http://seleniumhq.org/exceptions/no_such_element.html
Build info: version: '2.33.0', revision: '4e90c97', time: '2013-05-22 15:32:38'
System info: os.name: 'Windows 7', os.arch: 'amd64', os.version: '6.1', java.version: '1.7.0_21'
Session ID: 6433bbdf4f73c02f5c7801968d863a39
Driver info: org.openqa.selenium.chrome.ChromeDriver
Capabilities [{platform=XP, chrome.chromedriverVersion=26.0.1383.0, acceptSslCerts=false, javascriptEnabled=true, browserName=chrome, rotatable=false, locationContextEnabled=false, version=28.0.1500.95, cssSelectorsEnabled=true, databaseEnabled=false, handlesAlerts=true, browserConnectionEnabled=false, webStorageEnabled=true, nativeEvents=true, applicationCacheEnabled=false, takesScreenshot=true}]
OpenQA.Selenium.NoSuchElementException: The element could not be found (WARNING: The server did not provide any stacktrace information)
Command duration or timeout: 55.05 seconds
For documentation on this error, please visit: http://seleniumhq.org/exceptions/no_such_element.html
Build info: version: '2.33.0', revision: '4e90c97', time: '2013-05-22 15:32:38'
System info: os.name: 'Windows 7', os.arch: 'amd64', os.version: '6.1', java.version: '1.7.0_21'
Session ID: 6433bbdf4f73c02f5c7801968d863a39
Driver info: org.openqa.selenium.chrome.ChromeDriver
Capabilities [{platform=XP, chrome.chromedriverVersion=26.0.1383.0, acceptSslCerts=false, javascriptEnabled=true, browserName=chrome, rotatable=false, locationContextEnabled=false, version=28.0.1500.95, cssSelectorsEnabled=true, databaseEnabled=false, handlesAlerts=true, browserConnectionEnabled=false, webStorageEnabled=true, nativeEvents=true, applicationCacheEnabled=false, takesScreenshot=true}]
   at OpenQA.Selenium.Remote.RemoteWebDriver.UnpackAndThrowOnError(Response errorResponse)
   at OpenQA.Selenium.Remote.RemoteWebDriver.Execute(String driverCommandToExecute, Dictionary`2 parameters)
   at OpenQA.Selenium.Remote.RemoteWebDriver.FindElement(String mechanism, String value)
   at OpenQA.Selenium.By.FindElement(ISearchContext context)
   at WPFeToroAutoStudio.Selenium.Waituntilfindelement(By webelement, Int32 waitElementDisplayedTime, IWebDriver driver) in c:\Users\maximgu\Documents\Visual Studio 2012\Projects\eToroAutoStudio\WPFeToroAutoStudio\Selenium.cs:line 276
   at WPFeToroAutoStudio.Selenium.WaituntilelementDisplayed(By webelement, Int32 waitElementDisplayedTime, IWebDriver driver, Boolean isRefresh) in c:\Users\maximgu\Documents\Visual Studio 2012\Projects\eToroAutoStudio\WPFeToroAutoStudio\Selenium.cs:line 308
   at WPFeToroAutoStudio.Selenium.ExecuteOneStep(DataRow dr, String inputDataColumn, String inputTableValue, IWebDriver driver) in c:\Users\maximgu\Documents\Visual Studio 2012\Projects\eToroAutoStudio\WPFeToroAutoStudio\Selenium.cs:line 440
([FAILED]) 2013-08-05 13:55:26,099 ERROR- 11: TestStep : .registration-section
([FAILED]) 2013-08-05 13:55:27,739 ERROR- 0,5,187,186,59,Step Failed: waitUntill_DispayedElement => OB_RegistrationForm_RegistartionSection with data input: in row : 1
The element could not be found (WARNING: The server did not provide any stacktrace information)
Command duration or timeout: 55.05 seconds
For documentation on this error, please visit: http://seleniumhq.org/exceptions/no_such_element.html
Build info: version: '2.33.0', revision: '4e90c97', time: '2013-05-22 15:32:38'
System info: os.name: 'Windows 7', os.arch: 'amd64', os.version: '6.1', java.version: '1.7.0_21'
Session ID: 6433bbdf4f73c02f5c7801968d863a39
Driver info: org.openqa.selenium.chrome.ChromeDriver
Capabilities [{platform=XP, chrome.chromedriverVersion=26.0.1383.0, acceptSslCerts=false, javascriptEnabled=true, browserName=chrome, rotatable=false, locationContextEnabled=false, version=28.0.1500.95, cssSelectorsEnabled=true, databaseEnabled=false, handlesAlerts=true, browserConnectionEnabled=false, webStorageEnabled=true, nativeEvents=true, applicationCacheEnabled=false, takesScreenshot=true}]
C:\Users\maximgu\Documents\Visual Studio 2012\Projects\eToroAutoStudio\UnitTestExecutionManager\bin\Release\Logs\08_05_2013_13_55_27497.png,2,0,0,9
([FAILED]) 2013-08-05 13:55:27,760 ERROR- 0,5,187,186,0,OB_MainBanner_FB_SignUP_LEGACY From FB Test Failed  with data row : 1,2,0,1,15
([DONE]) 2013-08-05 13:55:27,779 INFO - 0,5,187,187,0,OB_MainBanner_FB_SignUp_OnBoarding to FB Test Started  with data row : 2,3,0,1,15
([DONE]) 2013-08-05 13:55:33,130 INFO - navigated to http://192.168.13.203
([PASSED]) 2013-08-05 13:55:33,130 INFO - 3: TestStep : 
([PASSED]) 2013-08-05 13:55:33,140 INFO - 0,5,187,187,0,Step Passed: navigateToURL =>  with data input: http://!TestEnvin row : 2,1,0,1,15
([DONE]) 2013-08-05 13:55:33,391 INFO - Java script executed with   EToro.storage.localStorage.write('onboardingMode', 'onboarding')
([PASSED]) 2013-08-05 13:55:33,391 INFO - 15: TestStep : 
([PASSED]) 2013-08-05 13:55:33,409 INFO - 0,5,187,187,0,Step Passed: setLocalStorage(runJavaCommand) =>  with data input: EToro.storage.localStorage.write('onboardingMode', 'onboarding')in row : 2,1,0,1,15
([INFO]) 2013-08-05 13:55:34,145 INFO - By.CssSelector: .copy-trader-banner.mcw waited to find  
([INFO]) 2013-08-05 13:55:34,459 INFO - By.CssSelector: .copy-trader-banner.mcw waited to display    
([PASSED]) 2013-08-05 13:55:34,459 INFO - 11: TestStep : .copy-trader-banner.mcw
([PASSED]) 2013-08-05 13:55:34,470 INFO - 0,5,187,187,142,Step Passed: waitUntill_DispayedElement => OB_Main_Banner with data input: in row : 2,1,0,1,15
([DONE]) 2013-08-05 13:55:35,066 INFO - By.CssSelector: .ctb-start-link clicked
([PASSED]) 2013-08-05 13:55:35,066 INFO - 1: TestStep : .ctb-start-link
([PASSED]) 2013-08-05 13:55:35,078 INFO - 0,5,187,187,138,Step Passed: click => OB_MainBanner_StartNow_Button with data input: in row : 2,1,0,1,15
([INFO]) 2013-08-05 13:55:35,776 INFO - By.CssSelector: .w-onboarding-connect waited to find  
([INFO]) 2013-08-05 13:55:36,080 INFO - By.CssSelector: .w-onboarding-connect waited to display    
([PASSED]) 2013-08-05 13:55:36,080 INFO - 11: TestStep : .w-onboarding-connect
([PASSED]) 2013-08-05 13:55:36,092 INFO - 0,5,187,187,108,Step Passed: waitUntill_DispayedElement => OB_MainBanner_OnBoarding_POPUP with data input: in row : 2,1,0,1,15
([DONE]) 2013-08-05 13:55:37,793 INFO - By.CssSelector: .w-onboarding-connect-facebook.e-btn-social.fb clicked
([PASSED]) 2013-08-05 13:55:37,793 INFO - 1: TestStep : .w-onboarding-connect-facebook.e-btn-social.fb
([PASSED]) 2013-08-05 13:55:37,801 INFO - 0,5,187,187,188,Step Passed: click => OB_MainBanner_ONBOARDING "Connect with Facebook" with data input: in row : 2,1,0,1,15
([PASSED]) 2013-08-05 13:55:39,066 INFO - 20: TestStep : 
([PASSED]) 2013-08-05 13:55:39,071 INFO - 0,5,187,187,0,Step Passed: switchToWindow =>  with data input: Facebookin row : 2,1,0,1,15
((null)) 2013-08-05 13:55:54,023 ERROR- Unable to locate element: {"method":"css selector","selector":".data-picker.dropdown.timeframes-picker .chzn-container.chzn-container-single"}
Command duration or timeout: 55.02 seconds
For documentation on this error, please visit: http://seleniumhq.org/exceptions/no_such_element.html
Build info: version: '2.33.0', revision: '4e90c97', time: '2013-05-22 15:32:38'
System info: os.name: 'Windows 7', os.arch: 'amd64', os.version: '6.1', java.version: '1.7.0_21'
Session ID: b18f707f-31a4-4817-99bc-3af798503620
Driver info: org.openqa.selenium.firefox.FirefoxDriver
Capabilities [{platform=XP, databaseEnabled=true, cssSelectorsEnabled=true, javascriptEnabled=true, acceptSslCerts=true, handlesAlerts=true, browserName=firefox, browserConnectionEnabled=true, nativeEvents=true, webStorageEnabled=true, rotatable=false, locationContextEnabled=true, applicationCacheEnabled=true, takesScreenshot=true, version=20.0.1}]
OpenQA.Selenium.NoSuchElementException: Unable to locate element: {"method":"css selector","selector":".data-picker.dropdown.timeframes-picker .chzn-container.chzn-container-single"}
Command duration or timeout: 55.02 seconds
For documentation on this error, please visit: http://seleniumhq.org/exceptions/no_such_element.html
Build info: version: '2.33.0', revision: '4e90c97', time: '2013-05-22 15:32:38'
System info: os.name: 'Windows 7', os.arch: 'amd64', os.version: '6.1', java.version: '1.7.0_21'
Session ID: b18f707f-31a4-4817-99bc-3af798503620
Driver info: org.openqa.selenium.firefox.FirefoxDriver
Capabilities [{platform=XP, databaseEnabled=true, cssSelectorsEnabled=true, javascriptEnabled=true, acceptSslCerts=true, handlesAlerts=true, browserName=firefox, browserConnectionEnabled=true, nativeEvents=true, webStorageEnabled=true, rotatable=false, locationContextEnabled=true, applicationCacheEnabled=true, takesScreenshot=true, version=20.0.1}]
   at OpenQA.Selenium.Remote.RemoteWebDriver.UnpackAndThrowOnError(Response errorResponse)
   at OpenQA.Selenium.Remote.RemoteWebDriver.Execute(String driverCommandToExecute, Dictionary`2 parameters)
   at OpenQA.Selenium.Remote.RemoteWebDriver.FindElement(String mechanism, String value)
   at OpenQA.Selenium.By.FindElement(ISearchContext context)
   at WPFeToroAutoStudio.Selenium.Waituntilfindelement(By webelement, Int32 waitElementDisplayedTime, IWebDriver driver) in c:\Users\maximgu\Documents\Visual Studio 2012\Projects\eToroAutoStudio\WPFeToroAutoStudio\Selenium.cs:line 276
   at WPFeToroAutoStudio.Selenium.WaituntilelementDisplayed(By webelement, Int32 waitElementDisplayedTime, IWebDriver driver, Boolean isRefresh) in c:\Users\maximgu\Documents\Visual Studio 2012\Projects\eToroAutoStudio\WPFeToroAutoStudio\Selenium.cs:line 308
   at WPFeToroAutoStudio.Selenium.ExecuteOneStep(DataRow dr, String inputDataColumn, String inputTableValue, IWebDriver driver) in c:\Users\maximgu\Documents\Visual Studio 2012\Projects\eToroAutoStudio\WPFeToroAutoStudio\Selenium.cs:line 486
([FAILED]) 2013-08-05 13:55:54,024 ERROR- 16: TestStep : .data-picker.dropdown.timeframes-picker .chzn-container.chzn-container-single
([FAILED]) 2013-08-05 13:55:54,725 ERROR- 0,5,187,222,251,Step Failed: waituntil_DispayedElement(Expanded-1min) => OB_StatsTab_TimePeriod with data input: in row : 3
Unable to locate element: {"method":"css selector","selector":".data-picker.dropdown.timeframes-picker .chzn-container.chzn-container-single"}
Command duration or timeout: 55.02 seconds
For documentation on this error, please visit: http://seleniumhq.org/exceptions/no_such_element.html
Build info: version: '2.33.0', revision: '4e90c97', time: '2013-05-22 15:32:38'
System info: os.name: 'Windows 7', os.arch: 'amd64', os.version: '6.1', java.version: '1.7.0_21'
Session ID: b18f707f-31a4-4817-99bc-3af798503620
Driver info: org.openqa.selenium.firefox.FirefoxDriver
Capabilities [{platform=XP, databaseEnabled=true, cssSelectorsEnabled=true, javascriptEnabled=true, acceptSslCerts=true, handlesAlerts=true, browserName=firefox, browserConnectionEnabled=true, nativeEvents=true, webStorageEnabled=true, rotatable=false, locationContextEnabled=true, applicationCacheEnabled=true, takesScreenshot=true, version=20.0.1}]
C:\Users\maximgu\Documents\Visual Studio 2012\Projects\eToroAutoStudio\UnitTestExecutionManager\bin\Release\Logs\08_05_2013_13_55_54580.png,2,0,1,15
([FAILED]) 2013-08-05 13:55:54,756 ERROR- 0,5,187,222,0,OB_Stocks_ChartChecking Test Failed  with data row : 3,2,0,0,9
([DONE]) 2013-08-05 13:55:54,770 INFO - 0,5,187,222,0,OB_Stocks_ChartChecking Test Started  with data row : 4,3,0,0,9
((null)) 2013-08-05 13:56:34,923 ERROR- The element could not be found (WARNING: The server did not provide any stacktrace information)
Command duration or timeout: 55.03 seconds
For documentation on this error, please visit: http://seleniumhq.org/exceptions/no_such_element.html
Build info: version: '2.33.0', revision: '4e90c97', time: '2013-05-22 15:32:38'
System info: os.name: 'Windows 7', os.arch: 'amd64', os.version: '6.1', java.version: '1.7.0_21'
Session ID: 6433bbdf4f73c02f5c7801968d863a39
Driver info: org.openqa.selenium.chrome.ChromeDriver
Capabilities [{platform=XP, chrome.chromedriverVersion=26.0.1383.0, acceptSslCerts=false, javascriptEnabled=true, browserName=chrome, rotatable=false, locationContextEnabled=false, version=28.0.1500.95, cssSelectorsEnabled=true, databaseEnabled=false, handlesAlerts=true, browserConnectionEnabled=false, webStorageEnabled=true, nativeEvents=true, applicationCacheEnabled=false, takesScreenshot=true}]
OpenQA.Selenium.NoSuchElementException: The element could not be found (WARNING: The server did not provide any stacktrace information)
Command duration or timeout: 55.03 seconds
For documentation on this error, please visit: http://seleniumhq.org/exceptions/no_such_element.html
Build info: version: '2.33.0', revision: '4e90c97', time: '2013-05-22 15:32:38'
System info: os.name: 'Windows 7', os.arch: 'amd64', os.version: '6.1', java.version: '1.7.0_21'
Session ID: 6433bbdf4f73c02f5c7801968d863a39
Driver info: org.openqa.selenium.chrome.ChromeDriver
Capabilities [{platform=XP, chrome.chromedriverVersion=26.0.1383.0, acceptSslCerts=false, javascriptEnabled=true, browserName=chrome, rotatable=false, locationContextEnabled=false, version=28.0.1500.95, cssSelectorsEnabled=true, databaseEnabled=false, handlesAlerts=true, browserConnectionEnabled=false, webStorageEnabled=true, nativeEvents=true, applicationCacheEnabled=false, takesScreenshot=true}]
   at OpenQA.Selenium.Remote.RemoteWebDriver.UnpackAndThrowOnError(Response errorResponse)
   at OpenQA.Selenium.Remote.RemoteWebDriver.Execute(String driverCommandToExecute, Dictionary`2 parameters)
   at OpenQA.Selenium.Remote.RemoteWebDriver.FindElement(String mechanism, String value)
   at OpenQA.Selenium.By.FindElement(ISearchContext context)
   at WPFeToroAutoStudio.Selenium.Waituntilfindelement(By webelement, Int32 waitElementDisplayedTime, IWebDriver driver) in c:\Users\maximgu\Documents\Visual Studio 2012\Projects\eToroAutoStudio\WPFeToroAutoStudio\Selenium.cs:line 276
   at WPFeToroAutoStudio.Selenium.WaituntilelementDisplayed(By webelement, Int32 waitElementDisplayedTime, IWebDriver driver, Boolean isRefresh) in c:\Users\maximgu\Documents\Visual Studio 2012\Projects\eToroAutoStudio\WPFeToroAutoStudio\Selenium.cs:line 308
   at WPFeToroAutoStudio.Selenium.ExecuteOneStep(DataRow dr, String inputDataColumn, String inputTableValue, IWebDriver driver) in c:\Users\maximgu\Documents\Visual Studio 2012\Projects\eToroAutoStudio\WPFeToroAutoStudio\Selenium.cs:line 440
([FAILED]) 2013-08-05 13:56:34,923 ERROR- 11: TestStep : login
([FAILED]) 2013-08-05 13:56:36,348 ERROR- 0,5,187,187,128,Step Failed: waitUntill_DispayedElement => OB_FB_Login_Button with data input: in row : 2
The element could not be found (WARNING: The server did not provide any stacktrace information)
Command duration or timeout: 55.03 seconds
For documentation on this error, please visit: http://seleniumhq.org/exceptions/no_such_element.html
Build info: version: '2.33.0', revision: '4e90c97', time: '2013-05-22 15:32:38'
System info: os.name: 'Windows 7', os.arch: 'amd64', os.version: '6.1', java.version: '1.7.0_21'
Session ID: 6433bbdf4f73c02f5c7801968d863a39
Driver info: org.openqa.selenium.chrome.ChromeDriver
Capabilities [{platform=XP, chrome.chromedriverVersion=26.0.1383.0, acceptSslCerts=false, javascriptEnabled=true, browserName=chrome, rotatable=false, locationContextEnabled=false, version=28.0.1500.95, cssSelectorsEnabled=true, databaseEnabled=false, handlesAlerts=true, browserConnectionEnabled=false, webStorageEnabled=true, nativeEvents=true, applicationCacheEnabled=false, takesScreenshot=true}]
C:\Users\maximgu\Documents\Visual Studio 2012\Projects\eToroAutoStudio\UnitTestExecutionManager\bin\Release\Logs\08_05_2013_13_56_36100.png,2,0,0,9
([FAILED]) 2013-08-05 13:56:36,358 ERROR- 0,5,187,187,0,OB_MainBanner_FB_SignUp_OnBoarding to FB Test Failed  with data row : 2,2,0,1,15
([DONE]) 2013-08-05 13:56:36,364 INFO - 0,5,187,119,0,OB_Switch_Window Test Started  with data row : 1,3,0,1,15
([PASSED]) 2013-08-05 13:56:37,617 INFO - 20: TestStep : 
([PASSED]) 2013-08-05 13:56:37,629 INFO - 0,5,187,119,0,Step Passed: switchToWindow =>  with data input: in row : 1,1,0,1,14
([PASSED]) 2013-08-05 13:56:37,633 INFO - 0,5,187,119,0,OB_Switch_Window Test Passed  with data row : 1,1,0,1,14
([DONE]) 2013-08-05 13:56:37,647 INFO - 0,5,187,188,0,OB_MainBanner_FB_SignUP_OnBoarding from FB Test Started  with data row : 2,3,0,1,14
((null)) 2013-08-05 13:56:50,855 ERROR- Unable to locate element: {"method":"css selector","selector":".data-picker.dropdown.timeframes-picker .chzn-container.chzn-container-single"}
Command duration or timeout: 55.10 seconds
For documentation on this error, please visit: http://seleniumhq.org/exceptions/no_such_element.html
Build info: version: '2.33.0', revision: '4e90c97', time: '2013-05-22 15:32:38'
System info: os.name: 'Windows 7', os.arch: 'amd64', os.version: '6.1', java.version: '1.7.0_21'
Session ID: b18f707f-31a4-4817-99bc-3af798503620
Driver info: org.openqa.selenium.firefox.FirefoxDriver
Capabilities [{platform=XP, databaseEnabled=true, cssSelectorsEnabled=true, javascriptEnabled=true, acceptSslCerts=true, handlesAlerts=true, browserName=firefox, browserConnectionEnabled=true, nativeEvents=true, webStorageEnabled=true, rotatable=false, locationContextEnabled=true, applicationCacheEnabled=true, takesScreenshot=true, version=20.0.1}]
OpenQA.Selenium.NoSuchElementException: Unable to locate element: {"method":"css selector","selector":".data-picker.dropdown.timeframes-picker .chzn-container.chzn-container-single"}
Command duration or timeout: 55.10 seconds
For documentation on this error, please visit: http://seleniumhq.org/exceptions/no_such_element.html
Build info: version: '2.33.0', revision: '4e90c97', time: '2013-05-22 15:32:38'
System info: os.name: 'Windows 7', os.arch: 'amd64', os.version: '6.1', java.version: '1.7.0_21'
Session ID: b18f707f-31a4-4817-99bc-3af798503620
Driver info: org.openqa.selenium.firefox.FirefoxDriver
Capabilities [{platform=XP, databaseEnabled=true, cssSelectorsEnabled=true, javascriptEnabled=true, acceptSslCerts=true, handlesAlerts=true, browserName=firefox, browserConnectionEnabled=true, nativeEvents=true, webStorageEnabled=true, rotatable=false, locationContextEnabled=true, applicationCacheEnabled=true, takesScreenshot=true, version=20.0.1}]
   at OpenQA.Selenium.Remote.RemoteWebDriver.UnpackAndThrowOnError(Response errorResponse)
   at OpenQA.Selenium.Remote.RemoteWebDriver.Execute(String driverCommandToExecute, Dictionary`2 parameters)
   at OpenQA.Selenium.Remote.RemoteWebDriver.FindElement(String mechanism, String value)
   at OpenQA.Selenium.By.FindElement(ISearchContext context)
   at WPFeToroAutoStudio.Selenium.Waituntilfindelement(By webelement, Int32 waitElementDisplayedTime, IWebDriver driver) in c:\Users\maximgu\Documents\Visual Studio 2012\Projects\eToroAutoStudio\WPFeToroAutoStudio\Selenium.cs:line 276
   at WPFeToroAutoStudio.Selenium.WaituntilelementDisplayed(By webelement, Int32 waitElementDisplayedTime, IWebDriver driver, Boolean isRefresh) in c:\Users\maximgu\Documents\Visual Studio 2012\Projects\eToroAutoStudio\WPFeToroAutoStudio\Selenium.cs:line 308
   at WPFeToroAutoStudio.Selenium.ExecuteOneStep(DataRow dr, String inputDataColumn, String inputTableValue, IWebDriver driver) in c:\Users\maximgu\Documents\Visual Studio 2012\Projects\eToroAutoStudio\WPFeToroAutoStudio\Selenium.cs:line 486
([FAILED]) 2013-08-05 13:56:50,855 ERROR- 16: TestStep : .data-picker.dropdown.timeframes-picker .chzn-container.chzn-container-single
([FAILED]) 2013-08-05 13:56:51,622 ERROR- 0,5,187,222,251,Step Failed: waituntil_DispayedElement(Expanded-1min) => OB_StatsTab_TimePeriod with data input: in row : 4
Unable to locate element: {"method":"css selector","selector":".data-picker.dropdown.timeframes-picker .chzn-container.chzn-container-single"}
Command duration or timeout: 55.10 seconds
For documentation on this error, please visit: http://seleniumhq.org/exceptions/no_such_element.html
Build info: version: '2.33.0', revision: '4e90c97', time: '2013-05-22 15:32:38'
System info: os.name: 'Windows 7', os.arch: 'amd64', os.version: '6.1', java.version: '1.7.0_21'
Session ID: b18f707f-31a4-4817-99bc-3af798503620
Driver info: org.openqa.selenium.firefox.FirefoxDriver
Capabilities [{platform=XP, databaseEnabled=true, cssSelectorsEnabled=true, javascriptEnabled=true, acceptSslCerts=true, handlesAlerts=true, browserName=firefox, browserConnectionEnabled=true, nativeEvents=true, webStorageEnabled=true, rotatable=false, locationContextEnabled=true, applicationCacheEnabled=true, takesScreenshot=true, version=20.0.1}]
C:\Users\maximgu\Documents\Visual Studio 2012\Projects\eToroAutoStudio\UnitTestExecutionManager\bin\Release\Logs\08_05_2013_13_56_51448.png,2,0,1,15
([FAILED]) 2013-08-05 13:56:51,637 ERROR- 0,5,187,222,0,OB_Stocks_ChartChecking Test Failed  with data row : 4,2,0,0,9
([DONE]) 2013-08-05 13:56:51,648 INFO - 0,5,187,222,0,OB_Stocks_ChartChecking Test Started  with data row : 5,3,0,0,9
((null)) 2013-08-05 13:57:33,481 ERROR- The element could not be found (WARNING: The server did not provide any stacktrace information)
Command duration or timeout: 55.04 seconds
For documentation on this error, please visit: http://seleniumhq.org/exceptions/no_such_element.html
Build info: version: '2.33.0', revision: '4e90c97', time: '2013-05-22 15:32:38'
System info: os.name: 'Windows 7', os.arch: 'amd64', os.version: '6.1', java.version: '1.7.0_21'
Session ID: 6433bbdf4f73c02f5c7801968d863a39
Driver info: org.openqa.selenium.chrome.ChromeDriver
Capabilities [{platform=XP, chrome.chromedriverVersion=26.0.1383.0, acceptSslCerts=false, javascriptEnabled=true, browserName=chrome, rotatable=false, locationContextEnabled=false, version=28.0.1500.95, cssSelectorsEnabled=true, databaseEnabled=false, handlesAlerts=true, browserConnectionEnabled=false, webStorageEnabled=true, nativeEvents=true, applicationCacheEnabled=false, takesScreenshot=true}]
OpenQA.Selenium.NoSuchElementException: The element could not be found (WARNING: The server did not provide any stacktrace information)
Command duration or timeout: 55.04 seconds
For documentation on this error, please visit: http://seleniumhq.org/exceptions/no_such_element.html
Build info: version: '2.33.0', revision: '4e90c97', time: '2013-05-22 15:32:38'
System info: os.name: 'Windows 7', os.arch: 'amd64', os.version: '6.1', java.version: '1.7.0_21'
Session ID: 6433bbdf4f73c02f5c7801968d863a39
Driver info: org.openqa.selenium.chrome.ChromeDriver
Capabilities [{platform=XP, chrome.chromedriverVersion=26.0.1383.0, acceptSslCerts=false, javascriptEnabled=true, browserName=chrome, rotatable=false, locationContextEnabled=false, version=28.0.1500.95, cssSelectorsEnabled=true, databaseEnabled=false, handlesAlerts=true, browserConnectionEnabled=false, webStorageEnabled=true, nativeEvents=true, applicationCacheEnabled=false, takesScreenshot=true}]
   at OpenQA.Selenium.Remote.RemoteWebDriver.UnpackAndThrowOnError(Response errorResponse)
   at OpenQA.Selenium.Remote.RemoteWebDriver.Execute(String driverCommandToExecute, Dictionary`2 parameters)
   at OpenQA.Selenium.Remote.RemoteWebDriver.FindElement(String mechanism, String value)
   at OpenQA.Selenium.By.FindElement(ISearchContext context)
   at WPFeToroAutoStudio.Selenium.Waituntilfindelement(By webelement, Int32 waitElementDisplayedTime, IWebDriver driver) in c:\Users\maximgu\Documents\Visual Studio 2012\Projects\eToroAutoStudio\WPFeToroAutoStudio\Selenium.cs:line 276
   at WPFeToroAutoStudio.Selenium.WaituntilelementDisplayed(By webelement, Int32 waitElementDisplayedTime, IWebDriver driver, Boolean isRefresh) in c:\Users\maximgu\Documents\Visual Studio 2012\Projects\eToroAutoStudio\WPFeToroAutoStudio\Selenium.cs:line 308
   at WPFeToroAutoStudio.Selenium.ExecuteOneStep(DataRow dr, String inputDataColumn, String inputTableValue, IWebDriver driver) in c:\Users\maximgu\Documents\Visual Studio 2012\Projects\eToroAutoStudio\WPFeToroAutoStudio\Selenium.cs:line 440
([FAILED]) 2013-08-05 13:57:33,482 ERROR- 11: TestStep : .w-welcome-people
([FAILED]) 2013-08-05 13:57:34,841 ERROR- 0,5,187,188,189,Step Failed: waitUntill_DispayedElement => OB_MainBanner_ONBOARDING_Suggestions with data input: in row : 2
The element could not be found (WARNING: The server did not provide any stacktrace information)
Command duration or timeout: 55.04 seconds
For documentation on this error, please visit: http://seleniumhq.org/exceptions/no_such_element.html
Build info: version: '2.33.0', revision: '4e90c97', time: '2013-05-22 15:32:38'
System info: os.name: 'Windows 7', os.arch: 'amd64', os.version: '6.1', java.version: '1.7.0_21'
Session ID: 6433bbdf4f73c02f5c7801968d863a39
Driver info: org.openqa.selenium.chrome.ChromeDriver
Capabilities [{platform=XP, chrome.chromedriverVersion=26.0.1383.0, acceptSslCerts=false, javascriptEnabled=true, browserName=chrome, rotatable=false, locationContextEnabled=false, version=28.0.1500.95, cssSelectorsEnabled=true, databaseEnabled=false, handlesAlerts=true, browserConnectionEnabled=false, webStorageEnabled=true, nativeEvents=true, applicationCacheEnabled=false, takesScreenshot=true}]
C:\Users\maximgu\Documents\Visual Studio 2012\Projects\eToroAutoStudio\UnitTestExecutionManager\bin\Release\Logs\08_05_2013_13_57_34602.png,2,0,0,9
([FAILED]) 2013-08-05 13:57:34,856 ERROR- 0,5,187,188,0,OB_MainBanner_FB_SignUP_OnBoarding from FB Test Failed  with data row : 2,2,0,1,15
([FAILED]) 2013-08-05 13:57:34,869 ERROR- 0,5,187,0,0,OB_Test_SOCIAL_SignUps Scenario Failed,2,0,1,0
((null)) 2013-08-05 13:57:47,538 ERROR- Unable to locate element: {"method":"css selector","selector":".data-picker.dropdown.timeframes-picker .chzn-container.chzn-container-single"}
Command duration or timeout: 55.05 seconds
For documentation on this error, please visit: http://seleniumhq.org/exceptions/no_such_element.html
Build info: version: '2.33.0', revision: '4e90c97', time: '2013-05-22 15:32:38'
System info: os.name: 'Windows 7', os.arch: 'amd64', os.version: '6.1', java.version: '1.7.0_21'
Session ID: b18f707f-31a4-4817-99bc-3af798503620
Driver info: org.openqa.selenium.firefox.FirefoxDriver
Capabilities [{platform=XP, databaseEnabled=true, cssSelectorsEnabled=true, javascriptEnabled=true, acceptSslCerts=true, handlesAlerts=true, browserName=firefox, browserConnectionEnabled=true, nativeEvents=true, webStorageEnabled=true, rotatable=false, locationContextEnabled=true, applicationCacheEnabled=true, takesScreenshot=true, version=20.0.1}]
OpenQA.Selenium.NoSuchElementException: Unable to locate element: {"method":"css selector","selector":".data-picker.dropdown.timeframes-picker .chzn-container.chzn-container-single"}
Command duration or timeout: 55.05 seconds
For documentation on this error, please visit: http://seleniumhq.org/exceptions/no_such_element.html
Build info: version: '2.33.0', revision: '4e90c97', time: '2013-05-22 15:32:38'
System info: os.name: 'Windows 7', os.arch: 'amd64', os.version: '6.1', java.version: '1.7.0_21'
Session ID: b18f707f-31a4-4817-99bc-3af798503620
Driver info: org.openqa.selenium.firefox.FirefoxDriver
Capabilities [{platform=XP, databaseEnabled=true, cssSelectorsEnabled=true, javascriptEnabled=true, acceptSslCerts=true, handlesAlerts=true, browserName=firefox, browserConnectionEnabled=true, nativeEvents=true, webStorageEnabled=true, rotatable=false, locationContextEnabled=true, applicationCacheEnabled=true, takesScreenshot=true, version=20.0.1}]
   at OpenQA.Selenium.Remote.RemoteWebDriver.UnpackAndThrowOnError(Response errorResponse)
   at OpenQA.Selenium.Remote.RemoteWebDriver.Execute(String driverCommandToExecute, Dictionary`2 parameters)
   at OpenQA.Selenium.Remote.RemoteWebDriver.FindElement(String mechanism, String value)
   at OpenQA.Selenium.By.FindElement(ISearchContext context)
   at WPFeToroAutoStudio.Selenium.Waituntilfindelement(By webelement, Int32 waitElementDisplayedTime, IWebDriver driver) in c:\Users\maximgu\Documents\Visual Studio 2012\Projects\eToroAutoStudio\WPFeToroAutoStudio\Selenium.cs:line 276
   at WPFeToroAutoStudio.Selenium.WaituntilelementDisplayed(By webelement, Int32 waitElementDisplayedTime, IWebDriver driver, Boolean isRefresh) in c:\Users\maximgu\Documents\Visual Studio 2012\Projects\eToroAutoStudio\WPFeToroAutoStudio\Selenium.cs:line 308
   at WPFeToroAutoStudio.Selenium.ExecuteOneStep(DataRow dr, String inputDataColumn, String inputTableValue, IWebDriver driver) in c:\Users\maximgu\Documents\Visual Studio 2012\Projects\eToroAutoStudio\WPFeToroAutoStudio\Selenium.cs:line 486
([FAILED]) 2013-08-05 13:57:47,539 ERROR- 16: TestStep : .data-picker.dropdown.timeframes-picker .chzn-container.chzn-container-single
([FAILED]) 2013-08-05 13:57:48,336 ERROR- 0,5,187,222,251,Step Failed: waituntil_DispayedElement(Expanded-1min) => OB_StatsTab_TimePeriod with data input: in row : 5
Unable to locate element: {"method":"css selector","selector":".data-picker.dropdown.timeframes-picker .chzn-container.chzn-container-single"}
Command duration or timeout: 55.05 seconds
For documentation on this error, please visit: http://seleniumhq.org/exceptions/no_such_element.html
Build info: version: '2.33.0', revision: '4e90c97', time: '2013-05-22 15:32:38'
System info: os.name: 'Windows 7', os.arch: 'amd64', os.version: '6.1', java.version: '1.7.0_21'
Session ID: b18f707f-31a4-4817-99bc-3af798503620
Driver info: org.openqa.selenium.firefox.FirefoxDriver
Capabilities [{platform=XP, databaseEnabled=true, cssSelectorsEnabled=true, javascriptEnabled=true, acceptSslCerts=true, handlesAlerts=true, browserName=firefox, browserConnectionEnabled=true, nativeEvents=true, webStorageEnabled=true, rotatable=false, locationContextEnabled=true, applicationCacheEnabled=true, takesScreenshot=true, version=20.0.1}]
C:\Users\maximgu\Documents\Visual Studio 2012\Projects\eToroAutoStudio\UnitTestExecutionManager\bin\Release\Logs\08_05_2013_13_57_48150.png,2,0,1,15
([FAILED]) 2013-08-05 13:57:48,369 ERROR- 0,5,187,222,0,OB_Stocks_ChartChecking Test Failed  with data row : 5,2,0,0,9
([DONE]) 2013-08-05 13:57:48,391 INFO - 0,5,187,223,0,Copy Of_OB_Buy_All_Stocks_All_Amount Test Started  with data row : 2,3,0,0,9
([DONE]) 2013-08-05 13:57:55,769 INFO - navigated to http://192.168.13.203
([PASSED]) 2013-08-05 13:57:55,769 INFO - 3: TestStep : 
([PASSED]) 2013-08-05 13:57:55,778 INFO - 0,5,187,223,0,Step Passed: navigateToURL =>  with data input: http://!TestEnvin row : 2,1,0,0,9
([INFO]) 2013-08-05 13:57:56,583 INFO - By.LinkText: Markets waited to find  
([INFO]) 2013-08-05 13:57:57,183 INFO - By.LinkText: Markets waited to display    
([PASSED]) 2013-08-05 13:57:57,183 INFO - 11: TestStep : Markets
([PASSED]) 2013-08-05 13:57:57,194 INFO - 0,5,187,223,30,Step Passed: waitUntill_DispayedElement => OB_Markets with data input: in row : 2,1,0,0,9
([DONE]) 2013-08-05 13:57:58,278 INFO - By.LinkText: Markets clicked
([PASSED]) 2013-08-05 13:57:58,279 INFO - 1: TestStep : Markets
([PASSED]) 2013-08-05 13:57:58,291 INFO - 0,5,187,223,30,Step Passed: click => OB_Markets with data input: in row : 2,1,0,0,9
((null)) 2013-08-05 13:58:54,218 ERROR- Unable to locate element: {"method":"css selector","selector":".w-dual-pane-view-all"}
Command duration or timeout: 55.09 seconds
For documentation on this error, please visit: http://seleniumhq.org/exceptions/no_such_element.html
Build info: version: '2.33.0', revision: '4e90c97', time: '2013-05-22 15:32:38'
System info: os.name: 'Windows 7', os.arch: 'amd64', os.version: '6.1', java.version: '1.7.0_21'
Session ID: b18f707f-31a4-4817-99bc-3af798503620
Driver info: org.openqa.selenium.firefox.FirefoxDriver
Capabilities [{platform=XP, databaseEnabled=true, cssSelectorsEnabled=true, javascriptEnabled=true, acceptSslCerts=true, handlesAlerts=true, browserName=firefox, browserConnectionEnabled=true, nativeEvents=true, webStorageEnabled=true, rotatable=false, locationContextEnabled=true, applicationCacheEnabled=true, takesScreenshot=true, version=20.0.1}]
OpenQA.Selenium.NoSuchElementException: Unable to locate element: {"method":"css selector","selector":".w-dual-pane-view-all"}
Command duration or timeout: 55.09 seconds
For documentation on this error, please visit: http://seleniumhq.org/exceptions/no_such_element.html
Build info: version: '2.33.0', revision: '4e90c97', time: '2013-05-22 15:32:38'
System info: os.name: 'Windows 7', os.arch: 'amd64', os.version: '6.1', java.version: '1.7.0_21'
Session ID: b18f707f-31a4-4817-99bc-3af798503620
Driver info: org.openqa.selenium.firefox.FirefoxDriver
Capabilities [{platform=XP, databaseEnabled=true, cssSelectorsEnabled=true, javascriptEnabled=true, acceptSslCerts=true, handlesAlerts=true, browserName=firefox, browserConnectionEnabled=true, nativeEvents=true, webStorageEnabled=true, rotatable=false, locationContextEnabled=true, applicationCacheEnabled=true, takesScreenshot=true, version=20.0.1}]
   at OpenQA.Selenium.Remote.RemoteWebDriver.UnpackAndThrowOnError(Response errorResponse)
   at OpenQA.Selenium.Remote.RemoteWebDriver.Execute(String driverCommandToExecute, Dictionary`2 parameters)
   at OpenQA.Selenium.Remote.RemoteWebDriver.FindElement(String mechanism, String value)
   at OpenQA.Selenium.By.FindElement(ISearchContext context)
   at WPFeToroAutoStudio.Selenium.Waituntilfindelement(By webelement, Int32 waitElementDisplayedTime, IWebDriver driver) in c:\Users\maximgu\Documents\Visual Studio 2012\Projects\eToroAutoStudio\WPFeToroAutoStudio\Selenium.cs:line 276
   at WPFeToroAutoStudio.Selenium.WaituntilelementDisplayed(By webelement, Int32 waitElementDisplayedTime, IWebDriver driver, Boolean isRefresh) in c:\Users\maximgu\Documents\Visual Studio 2012\Projects\eToroAutoStudio\WPFeToroAutoStudio\Selenium.cs:line 308
   at WPFeToroAutoStudio.Selenium.ExecuteOneStep(DataRow dr, String inputDataColumn, String inputTableValue, IWebDriver driver) in c:\Users\maximgu\Documents\Visual Studio 2012\Projects\eToroAutoStudio\WPFeToroAutoStudio\Selenium.cs:line 440
([FAILED]) 2013-08-05 13:58:54,219 ERROR- 11: TestStep : .w-dual-pane-view-all
([FAILED]) 2013-08-05 13:58:55,090 ERROR- 0,5,187,223,86,Step Failed: waitUntill_DispayedElement => OB_Markets_ViewAll with data input: in row : 2
Unable to locate element: {"method":"css selector","selector":".w-dual-pane-view-all"}
Command duration or timeout: 55.09 seconds
For documentation on this error, please visit: http://seleniumhq.org/exceptions/no_such_element.html
Build info: version: '2.33.0', revision: '4e90c97', time: '2013-05-22 15:32:38'
System info: os.name: 'Windows 7', os.arch: 'amd64', os.version: '6.1', java.version: '1.7.0_21'
Session ID: b18f707f-31a4-4817-99bc-3af798503620
Driver info: org.openqa.selenium.firefox.FirefoxDriver
Capabilities [{platform=XP, databaseEnabled=true, cssSelectorsEnabled=true, javascriptEnabled=true, acceptSslCerts=true, handlesAlerts=true, browserName=firefox, browserConnectionEnabled=true, nativeEvents=true, webStorageEnabled=true, rotatable=false, locationContextEnabled=true, applicationCacheEnabled=true, takesScreenshot=true, version=20.0.1}]
C:\Users\maximgu\Documents\Visual Studio 2012\Projects\eToroAutoStudio\UnitTestExecutionManager\bin\Release\Logs\08_05_2013_13_58_54906.png,2,0,0,9
([FAILED]) 2013-08-05 13:58:55,106 ERROR- 0,5,187,223,0,Copy Of_OB_Buy_All_Stocks_All_Amount Test Failed  with data row : 2,2,0,0,9
([DONE]) 2013-08-05 13:58:55,117 INFO - 0,5,187,222,0,OB_Stocks_ChartChecking Test Started  with data row : 1-5,3,0,0,9
([DONE]) 2013-08-05 13:58:55,128 INFO - 0,5,187,222,0,OB_Stocks_ChartChecking Test Started  with data row : 1,3,0,0,9
((null)) 2013-08-05 13:59:51,123 ERROR- Unable to locate element: {"method":"css selector","selector":".data-picker.dropdown.timeframes-picker .chzn-container.chzn-container-single"}
Command duration or timeout: 55.10 seconds
For documentation on this error, please visit: http://seleniumhq.org/exceptions/no_such_element.html
Build info: version: '2.33.0', revision: '4e90c97', time: '2013-05-22 15:32:38'
System info: os.name: 'Windows 7', os.arch: 'amd64', os.version: '6.1', java.version: '1.7.0_21'
Session ID: b18f707f-31a4-4817-99bc-3af798503620
Driver info: org.openqa.selenium.firefox.FirefoxDriver
Capabilities [{platform=XP, databaseEnabled=true, cssSelectorsEnabled=true, javascriptEnabled=true, acceptSslCerts=true, handlesAlerts=true, browserName=firefox, browserConnectionEnabled=true, nativeEvents=true, webStorageEnabled=true, rotatable=false, locationContextEnabled=true, applicationCacheEnabled=true, takesScreenshot=true, version=20.0.1}]
OpenQA.Selenium.NoSuchElementException: Unable to locate element: {"method":"css selector","selector":".data-picker.dropdown.timeframes-picker .chzn-container.chzn-container-single"}
Command duration or timeout: 55.10 seconds
For documentation on this error, please visit: http://seleniumhq.org/exceptions/no_such_element.html
Build info: version: '2.33.0', revision: '4e90c97', time: '2013-05-22 15:32:38'
System info: os.name: 'Windows 7', os.arch: 'amd64', os.version: '6.1', java.version: '1.7.0_21'
Session ID: b18f707f-31a4-4817-99bc-3af798503620
Driver info: org.openqa.selenium.firefox.FirefoxDriver
Capabilities [{platform=XP, databaseEnabled=true, cssSelectorsEnabled=true, javascriptEnabled=true, acceptSslCerts=true, handlesAlerts=true, browserName=firefox, browserConnectionEnabled=true, nativeEvents=true, webStorageEnabled=true, rotatable=false, locationContextEnabled=true, applicationCacheEnabled=true, takesScreenshot=true, version=20.0.1}]
   at OpenQA.Selenium.Remote.RemoteWebDriver.UnpackAndThrowOnError(Response errorResponse)
   at OpenQA.Selenium.Remote.RemoteWebDriver.Execute(String driverCommandToExecute, Dictionary`2 parameters)
   at OpenQA.Selenium.Remote.RemoteWebDriver.FindElement(String mechanism, String value)
   at OpenQA.Selenium.By.FindElement(ISearchContext context)
   at WPFeToroAutoStudio.Selenium.Waituntilfindelement(By webelement, Int32 waitElementDisplayedTime, IWebDriver driver) in c:\Users\maximgu\Documents\Visual Studio 2012\Projects\eToroAutoStudio\WPFeToroAutoStudio\Selenium.cs:line 276
   at WPFeToroAutoStudio.Selenium.WaituntilelementDisplayed(By webelement, Int32 waitElementDisplayedTime, IWebDriver driver, Boolean isRefresh) in c:\Users\maximgu\Documents\Visual Studio 2012\Projects\eToroAutoStudio\WPFeToroAutoStudio\Selenium.cs:line 308
   at WPFeToroAutoStudio.Selenium.ExecuteOneStep(DataRow dr, String inputDataColumn, String inputTableValue, IWebDriver driver) in c:\Users\maximgu\Documents\Visual Studio 2012\Projects\eToroAutoStudio\WPFeToroAutoStudio\Selenium.cs:line 486
([FAILED]) 2013-08-05 13:59:51,123 ERROR- 16: TestStep : .data-picker.dropdown.timeframes-picker .chzn-container.chzn-container-single
([FAILED]) 2013-08-05 13:59:51,878 ERROR- 0,5,187,222,251,Step Failed: waituntil_DispayedElement(Expanded-1min) => OB_StatsTab_TimePeriod with data input: in row : 1
Unable to locate element: {"method":"css selector","selector":".data-picker.dropdown.timeframes-picker .chzn-container.chzn-container-single"}
Command duration or timeout: 55.10 seconds
For documentation on this error, please visit: http://seleniumhq.org/exceptions/no_such_element.html
Build info: version: '2.33.0', revision: '4e90c97', time: '2013-05-22 15:32:38'
System info: os.name: 'Windows 7', os.arch: 'amd64', os.version: '6.1', java.version: '1.7.0_21'
Session ID: b18f707f-31a4-4817-99bc-3af798503620
Driver info: org.openqa.selenium.firefox.FirefoxDriver
Capabilities [{platform=XP, databaseEnabled=true, cssSelectorsEnabled=true, javascriptEnabled=true, acceptSslCerts=true, handlesAlerts=true, browserName=firefox, browserConnectionEnabled=true, nativeEvents=true, webStorageEnabled=true, rotatable=false, locationContextEnabled=true, applicationCacheEnabled=true, takesScreenshot=true, version=20.0.1}]
C:\Users\maximgu\Documents\Visual Studio 2012\Projects\eToroAutoStudio\UnitTestExecutionManager\bin\Release\Logs\08_05_2013_13_59_51736.png,2,0,0,9
([FAILED]) 2013-08-05 13:59:51,891 ERROR- 0,5,187,222,0,OB_Stocks_ChartChecking Test Failed  with data row : 1,2,0,0,9
([DONE]) 2013-08-05 13:59:51,900 INFO - 0,5,187,222,0,OB_Stocks_ChartChecking Test Started  with data row : 2,3,0,0,9
((null)) 2013-08-05 14:00:47,876 ERROR- Unable to locate element: {"method":"css selector","selector":".data-picker.dropdown.timeframes-picker .chzn-container.chzn-container-single"}
Command duration or timeout: 55.17 seconds
For documentation on this error, please visit: http://seleniumhq.org/exceptions/no_such_element.html
Build info: version: '2.33.0', revision: '4e90c97', time: '2013-05-22 15:32:38'
System info: os.name: 'Windows 7', os.arch: 'amd64', os.version: '6.1', java.version: '1.7.0_21'
Session ID: b18f707f-31a4-4817-99bc-3af798503620
Driver info: org.openqa.selenium.firefox.FirefoxDriver
Capabilities [{platform=XP, databaseEnabled=true, cssSelectorsEnabled=true, javascriptEnabled=true, acceptSslCerts=true, handlesAlerts=true, browserName=firefox, browserConnectionEnabled=true, nativeEvents=true, webStorageEnabled=true, rotatable=false, locationContextEnabled=true, applicationCacheEnabled=true, takesScreenshot=true, version=20.0.1}]
OpenQA.Selenium.NoSuchElementException: Unable to locate element: {"method":"css selector","selector":".data-picker.dropdown.timeframes-picker .chzn-container.chzn-container-single"}
Command duration or timeout: 55.17 seconds
For documentation on this error, please visit: http://seleniumhq.org/exceptions/no_such_element.html
Build info: version: '2.33.0', revision: '4e90c97', time: '2013-05-22 15:32:38'
System info: os.name: 'Windows 7', os.arch: 'amd64', os.version: '6.1', java.version: '1.7.0_21'
Session ID: b18f707f-31a4-4817-99bc-3af798503620
Driver info: org.openqa.selenium.firefox.FirefoxDriver
Capabilities [{platform=XP, databaseEnabled=true, cssSelectorsEnabled=true, javascriptEnabled=true, acceptSslCerts=true, handlesAlerts=true, browserName=firefox, browserConnectionEnabled=true, nativeEvents=true, webStorageEnabled=true, rotatable=false, locationContextEnabled=true, applicationCacheEnabled=true, takesScreenshot=true, version=20.0.1}]
   at OpenQA.Selenium.Remote.RemoteWebDriver.UnpackAndThrowOnError(Response errorResponse)
   at OpenQA.Selenium.Remote.RemoteWebDriver.Execute(String driverCommandToExecute, Dictionary`2 parameters)
   at OpenQA.Selenium.Remote.RemoteWebDriver.FindElement(String mechanism, String value)
   at OpenQA.Selenium.By.FindElement(ISearchContext context)
   at WPFeToroAutoStudio.Selenium.Waituntilfindelement(By webelement, Int32 waitElementDisplayedTime, IWebDriver driver) in c:\Users\maximgu\Documents\Visual Studio 2012\Projects\eToroAutoStudio\WPFeToroAutoStudio\Selenium.cs:line 276
   at WPFeToroAutoStudio.Selenium.WaituntilelementDisplayed(By webelement, Int32 waitElementDisplayedTime, IWebDriver driver, Boolean isRefresh) in c:\Users\maximgu\Documents\Visual Studio 2012\Projects\eToroAutoStudio\WPFeToroAutoStudio\Selenium.cs:line 308
   at WPFeToroAutoStudio.Selenium.ExecuteOneStep(DataRow dr, String inputDataColumn, String inputTableValue, IWebDriver driver) in c:\Users\maximgu\Documents\Visual Studio 2012\Projects\eToroAutoStudio\WPFeToroAutoStudio\Selenium.cs:line 486
([FAILED]) 2013-08-05 14:00:47,877 ERROR- 16: TestStep : .data-picker.dropdown.timeframes-picker .chzn-container.chzn-container-single
([FAILED]) 2013-08-05 14:00:48,628 ERROR- 0,5,187,222,251,Step Failed: waituntil_DispayedElement(Expanded-1min) => OB_StatsTab_TimePeriod with data input: in row : 2
Unable to locate element: {"method":"css selector","selector":".data-picker.dropdown.timeframes-picker .chzn-container.chzn-container-single"}
Command duration or timeout: 55.17 seconds
For documentation on this error, please visit: http://seleniumhq.org/exceptions/no_such_element.html
Build info: version: '2.33.0', revision: '4e90c97', time: '2013-05-22 15:32:38'
System info: os.name: 'Windows 7', os.arch: 'amd64', os.version: '6.1', java.version: '1.7.0_21'
Session ID: b18f707f-31a4-4817-99bc-3af798503620
Driver info: org.openqa.selenium.firefox.FirefoxDriver
Capabilities [{platform=XP, databaseEnabled=true, cssSelectorsEnabled=true, javascriptEnabled=true, acceptSslCerts=true, handlesAlerts=true, browserName=firefox, browserConnectionEnabled=true, nativeEvents=true, webStorageEnabled=true, rotatable=false, locationContextEnabled=true, applicationCacheEnabled=true, takesScreenshot=true, version=20.0.1}]
C:\Users\maximgu\Documents\Visual Studio 2012\Projects\eToroAutoStudio\UnitTestExecutionManager\bin\Release\Logs\08_05_2013_14_00_48484.png,2,0,0,9
([FAILED]) 2013-08-05 14:00:48,645 ERROR- 0,5,187,222,0,OB_Stocks_ChartChecking Test Failed  with data row : 2,2,0,0,9
([DONE]) 2013-08-05 14:00:48,656 INFO - 0,5,187,222,0,OB_Stocks_ChartChecking Test Started  with data row : 3,3,0,0,9
((null)) 2013-08-05 14:01:44,562 ERROR- Unable to locate element: {"method":"css selector","selector":".data-picker.dropdown.timeframes-picker .chzn-container.chzn-container-single"}
Command duration or timeout: 55.10 seconds
For documentation on this error, please visit: http://seleniumhq.org/exceptions/no_such_element.html
Build info: version: '2.33.0', revision: '4e90c97', time: '2013-05-22 15:32:38'
System info: os.name: 'Windows 7', os.arch: 'amd64', os.version: '6.1', java.version: '1.7.0_21'
Session ID: b18f707f-31a4-4817-99bc-3af798503620
Driver info: org.openqa.selenium.firefox.FirefoxDriver
Capabilities [{platform=XP, databaseEnabled=true, cssSelectorsEnabled=true, javascriptEnabled=true, acceptSslCerts=true, handlesAlerts=true, browserName=firefox, browserConnectionEnabled=true, nativeEvents=true, webStorageEnabled=true, rotatable=false, locationContextEnabled=true, applicationCacheEnabled=true, takesScreenshot=true, version=20.0.1}]
OpenQA.Selenium.NoSuchElementException: Unable to locate element: {"method":"css selector","selector":".data-picker.dropdown.timeframes-picker .chzn-container.chzn-container-single"}
Command duration or timeout: 55.10 seconds
For documentation on this error, please visit: http://seleniumhq.org/exceptions/no_such_element.html
Build info: version: '2.33.0', revision: '4e90c97', time: '2013-05-22 15:32:38'
System info: os.name: 'Windows 7', os.arch: 'amd64', os.version: '6.1', java.version: '1.7.0_21'
Session ID: b18f707f-31a4-4817-99bc-3af798503620
Driver info: org.openqa.selenium.firefox.FirefoxDriver
Capabilities [{platform=XP, databaseEnabled=true, cssSelectorsEnabled=true, javascriptEnabled=true, acceptSslCerts=true, handlesAlerts=true, browserName=firefox, browserConnectionEnabled=true, nativeEvents=true, webStorageEnabled=true, rotatable=false, locationContextEnabled=true, applicationCacheEnabled=true, takesScreenshot=true, version=20.0.1}]
   at OpenQA.Selenium.Remote.RemoteWebDriver.UnpackAndThrowOnError(Response errorResponse)
   at OpenQA.Selenium.Remote.RemoteWebDriver.Execute(String driverCommandToExecute, Dictionary`2 parameters)
   at OpenQA.Selenium.Remote.RemoteWebDriver.FindElement(String mechanism, String value)
   at OpenQA.Selenium.By.FindElement(ISearchContext context)
   at WPFeToroAutoStudio.Selenium.Waituntilfindelement(By webelement, Int32 waitElementDisplayedTime, IWebDriver driver) in c:\Users\maximgu\Documents\Visual Studio 2012\Projects\eToroAutoStudio\WPFeToroAutoStudio\Selenium.cs:line 276
   at WPFeToroAutoStudio.Selenium.WaituntilelementDisplayed(By webelement, Int32 waitElementDisplayedTime, IWebDriver driver, Boolean isRefresh) in c:\Users\maximgu\Documents\Visual Studio 2012\Projects\eToroAutoStudio\WPFeToroAutoStudio\Selenium.cs:line 308
   at WPFeToroAutoStudio.Selenium.ExecuteOneStep(DataRow dr, String inputDataColumn, String inputTableValue, IWebDriver driver) in c:\Users\maximgu\Documents\Visual Studio 2012\Projects\eToroAutoStudio\WPFeToroAutoStudio\Selenium.cs:line 486
([FAILED]) 2013-08-05 14:01:44,563 ERROR- 16: TestStep : .data-picker.dropdown.timeframes-picker .chzn-container.chzn-container-single
([FAILED]) 2013-08-05 14:01:45,247 ERROR- 0,5,187,222,251,Step Failed: waituntil_DispayedElement(Expanded-1min) => OB_StatsTab_TimePeriod with data input: in row : 3
Unable to locate element: {"method":"css selector","selector":".data-picker.dropdown.timeframes-picker .chzn-container.chzn-container-single"}
Command duration or timeout: 55.10 seconds
For documentation on this error, please visit: http://seleniumhq.org/exceptions/no_such_element.html
Build info: version: '2.33.0', revision: '4e90c97', time: '2013-05-22 15:32:38'
System info: os.name: 'Windows 7', os.arch: 'amd64', os.version: '6.1', java.version: '1.7.0_21'
Session ID: b18f707f-31a4-4817-99bc-3af798503620
Driver info: org.openqa.selenium.firefox.FirefoxDriver
Capabilities [{platform=XP, databaseEnabled=true, cssSelectorsEnabled=true, javascriptEnabled=true, acceptSslCerts=true, handlesAlerts=true, browserName=firefox, browserConnectionEnabled=true, nativeEvents=true, webStorageEnabled=true, rotatable=false, locationContextEnabled=true, applicationCacheEnabled=true, takesScreenshot=true, version=20.0.1}]
C:\Users\maximgu\Documents\Visual Studio 2012\Projects\eToroAutoStudio\UnitTestExecutionManager\bin\Release\Logs\08_05_2013_14_01_45109.png,2,0,0,9
([FAILED]) 2013-08-05 14:01:45,264 ERROR- 0,5,187,222,0,OB_Stocks_ChartChecking Test Failed  with data row : 3,2,0,0,9
([DONE]) 2013-08-05 14:01:45,274 INFO - 0,5,187,222,0,OB_Stocks_ChartChecking Test Started  with data row : 4,3,0,0,9
((null)) 2013-08-05 14:02:41,212 ERROR- Unable to locate element: {"method":"css selector","selector":".data-picker.dropdown.timeframes-picker .chzn-container.chzn-container-single"}
Command duration or timeout: 55.10 seconds
For documentation on this error, please visit: http://seleniumhq.org/exceptions/no_such_element.html
Build info: version: '2.33.0', revision: '4e90c97', time: '2013-05-22 15:32:38'
System info: os.name: 'Windows 7', os.arch: 'amd64', os.version: '6.1', java.version: '1.7.0_21'
Session ID: b18f707f-31a4-4817-99bc-3af798503620
Driver info: org.openqa.selenium.firefox.FirefoxDriver
Capabilities [{platform=XP, databaseEnabled=true, cssSelectorsEnabled=true, javascriptEnabled=true, acceptSslCerts=true, handlesAlerts=true, browserName=firefox, browserConnectionEnabled=true, nativeEvents=true, webStorageEnabled=true, rotatable=false, locationContextEnabled=true, applicationCacheEnabled=true, takesScreenshot=true, version=20.0.1}]
OpenQA.Selenium.NoSuchElementException: Unable to locate element: {"method":"css selector","selector":".data-picker.dropdown.timeframes-picker .chzn-container.chzn-container-single"}
Command duration or timeout: 55.10 seconds
For documentation on this error, please visit: http://seleniumhq.org/exceptions/no_such_element.html
Build info: version: '2.33.0', revision: '4e90c97', time: '2013-05-22 15:32:38'
System info: os.name: 'Windows 7', os.arch: 'amd64', os.version: '6.1', java.version: '1.7.0_21'
Session ID: b18f707f-31a4-4817-99bc-3af798503620
Driver info: org.openqa.selenium.firefox.FirefoxDriver
Capabilities [{platform=XP, databaseEnabled=true, cssSelectorsEnabled=true, javascriptEnabled=true, acceptSslCerts=true, handlesAlerts=true, browserName=firefox, browserConnectionEnabled=true, nativeEvents=true, webStorageEnabled=true, rotatable=false, locationContextEnabled=true, applicationCacheEnabled=true, takesScreenshot=true, version=20.0.1}]
   at OpenQA.Selenium.Remote.RemoteWebDriver.UnpackAndThrowOnError(Response errorResponse)
   at OpenQA.Selenium.Remote.RemoteWebDriver.Execute(String driverCommandToExecute, Dictionary`2 parameters)
   at OpenQA.Selenium.Remote.RemoteWebDriver.FindElement(String mechanism, String value)
   at OpenQA.Selenium.By.FindElement(ISearchContext context)
   at WPFeToroAutoStudio.Selenium.Waituntilfindelement(By webelement, Int32 waitElementDisplayedTime, IWebDriver driver) in c:\Users\maximgu\Documents\Visual Studio 2012\Projects\eToroAutoStudio\WPFeToroAutoStudio\Selenium.cs:line 276
   at WPFeToroAutoStudio.Selenium.WaituntilelementDisplayed(By webelement, Int32 waitElementDisplayedTime, IWebDriver driver, Boolean isRefresh) in c:\Users\maximgu\Documents\Visual Studio 2012\Projects\eToroAutoStudio\WPFeToroAutoStudio\Selenium.cs:line 308
   at WPFeToroAutoStudio.Selenium.ExecuteOneStep(DataRow dr, String inputDataColumn, String inputTableValue, IWebDriver driver) in c:\Users\maximgu\Documents\Visual Studio 2012\Projects\eToroAutoStudio\WPFeToroAutoStudio\Selenium.cs:line 486
([FAILED]) 2013-08-05 14:02:41,212 ERROR- 16: TestStep : .data-picker.dropdown.timeframes-picker .chzn-container.chzn-container-single
([FAILED]) 2013-08-05 14:02:41,947 ERROR- 0,5,187,222,251,Step Failed: waituntil_DispayedElement(Expanded-1min) => OB_StatsTab_TimePeriod with data input: in row : 4
Unable to locate element: {"method":"css selector","selector":".data-picker.dropdown.timeframes-picker .chzn-container.chzn-container-single"}
Command duration or timeout: 55.10 seconds
For documentation on this error, please visit: http://seleniumhq.org/exceptions/no_such_element.html
Build info: version: '2.33.0', revision: '4e90c97', time: '2013-05-22 15:32:38'
System info: os.name: 'Windows 7', os.arch: 'amd64', os.version: '6.1', java.version: '1.7.0_21'
Session ID: b18f707f-31a4-4817-99bc-3af798503620
Driver info: org.openqa.selenium.firefox.FirefoxDriver
Capabilities [{platform=XP, databaseEnabled=true, cssSelectorsEnabled=true, javascriptEnabled=true, acceptSslCerts=true, handlesAlerts=true, browserName=firefox, browserConnectionEnabled=true, nativeEvents=true, webStorageEnabled=true, rotatable=false, locationContextEnabled=true, applicationCacheEnabled=true, takesScreenshot=true, version=20.0.1}]
C:\Users\maximgu\Documents\Visual Studio 2012\Projects\eToroAutoStudio\UnitTestExecutionManager\bin\Release\Logs\08_05_2013_14_02_41801.png,2,0,0,9
([FAILED]) 2013-08-05 14:02:41,958 ERROR- 0,5,187,222,0,OB_Stocks_ChartChecking Test Failed  with data row : 4,2,0,0,9
([DONE]) 2013-08-05 14:02:41,973 INFO - 0,5,187,222,0,OB_Stocks_ChartChecking Test Started  with data row : 5,3,0,0,9
((null)) 2013-08-05 14:03:37,869 ERROR- Unable to locate element: {"method":"css selector","selector":".data-picker.dropdown.timeframes-picker .chzn-container.chzn-container-single"}
Command duration or timeout: 55.07 seconds
For documentation on this error, please visit: http://seleniumhq.org/exceptions/no_such_element.html
Build info: version: '2.33.0', revision: '4e90c97', time: '2013-05-22 15:32:38'
System info: os.name: 'Windows 7', os.arch: 'amd64', os.version: '6.1', java.version: '1.7.0_21'
Session ID: b18f707f-31a4-4817-99bc-3af798503620
Driver info: org.openqa.selenium.firefox.FirefoxDriver
Capabilities [{platform=XP, databaseEnabled=true, cssSelectorsEnabled=true, javascriptEnabled=true, acceptSslCerts=true, handlesAlerts=true, browserName=firefox, browserConnectionEnabled=true, nativeEvents=true, webStorageEnabled=true, rotatable=false, locationContextEnabled=true, applicationCacheEnabled=true, takesScreenshot=true, version=20.0.1}]
OpenQA.Selenium.NoSuchElementException: Unable to locate element: {"method":"css selector","selector":".data-picker.dropdown.timeframes-picker .chzn-container.chzn-container-single"}
Command duration or timeout: 55.07 seconds
For documentation on this error, please visit: http://seleniumhq.org/exceptions/no_such_element.html
Build info: version: '2.33.0', revision: '4e90c97', time: '2013-05-22 15:32:38'
System info: os.name: 'Windows 7', os.arch: 'amd64', os.version: '6.1', java.version: '1.7.0_21'
Session ID: b18f707f-31a4-4817-99bc-3af798503620
Driver info: org.openqa.selenium.firefox.FirefoxDriver
Capabilities [{platform=XP, databaseEnabled=true, cssSelectorsEnabled=true, javascriptEnabled=true, acceptSslCerts=true, handlesAlerts=true, browserName=firefox, browserConnectionEnabled=true, nativeEvents=true, webStorageEnabled=true, rotatable=false, locationContextEnabled=true, applicationCacheEnabled=true, takesScreenshot=true, version=20.0.1}]
   at OpenQA.Selenium.Remote.RemoteWebDriver.UnpackAndThrowOnError(Response errorResponse)
   at OpenQA.Selenium.Remote.RemoteWebDriver.Execute(String driverCommandToExecute, Dictionary`2 parameters)
   at OpenQA.Selenium.Remote.RemoteWebDriver.FindElement(String mechanism, String value)
   at OpenQA.Selenium.By.FindElement(ISearchContext context)
   at WPFeToroAutoStudio.Selenium.Waituntilfindelement(By webelement, Int32 waitElementDisplayedTime, IWebDriver driver) in c:\Users\maximgu\Documents\Visual Studio 2012\Projects\eToroAutoStudio\WPFeToroAutoStudio\Selenium.cs:line 276
   at WPFeToroAutoStudio.Selenium.WaituntilelementDisplayed(By webelement, Int32 waitElementDisplayedTime, IWebDriver driver, Boolean isRefresh) in c:\Users\maximgu\Documents\Visual Studio 2012\Projects\eToroAutoStudio\WPFeToroAutoStudio\Selenium.cs:line 308
   at WPFeToroAutoStudio.Selenium.ExecuteOneStep(DataRow dr, String inputDataColumn, String inputTableValue, IWebDriver driver) in c:\Users\maximgu\Documents\Visual Studio 2012\Projects\eToroAutoStudio\WPFeToroAutoStudio\Selenium.cs:line 486
([FAILED]) 2013-08-05 14:03:37,870 ERROR- 16: TestStep : .data-picker.dropdown.timeframes-picker .chzn-container.chzn-container-single
([FAILED]) 2013-08-05 14:03:38,593 ERROR- 0,5,187,222,251,Step Failed: waituntil_DispayedElement(Expanded-1min) => OB_StatsTab_TimePeriod with data input: in row : 5
Unable to locate element: {"method":"css selector","selector":".data-picker.dropdown.timeframes-picker .chzn-container.chzn-container-single"}
Command duration or timeout: 55.07 seconds
For documentation on this error, please visit: http://seleniumhq.org/exceptions/no_such_element.html
Build info: version: '2.33.0', revision: '4e90c97', time: '2013-05-22 15:32:38'
System info: os.name: 'Windows 7', os.arch: 'amd64', os.version: '6.1', java.version: '1.7.0_21'
Session ID: b18f707f-31a4-4817-99bc-3af798503620
Driver info: org.openqa.selenium.firefox.FirefoxDriver
Capabilities [{platform=XP, databaseEnabled=true, cssSelectorsEnabled=true, javascriptEnabled=true, acceptSslCerts=true, handlesAlerts=true, browserName=firefox, browserConnectionEnabled=true, nativeEvents=true, webStorageEnabled=true, rotatable=false, locationContextEnabled=true, applicationCacheEnabled=true, takesScreenshot=true, version=20.0.1}]
C:\Users\maximgu\Documents\Visual Studio 2012\Projects\eToroAutoStudio\UnitTestExecutionManager\bin\Release\Logs\08_05_2013_14_03_38454.png,2,0,0,9
([FAILED]) 2013-08-05 14:03:38,608 ERROR- 0,5,187,222,0,OB_Stocks_ChartChecking Test Failed  with data row : 5,2,0,0,9
([DONE]) 2013-08-05 14:03:38,618 INFO - 0,5,187,223,0,Copy Of_OB_Buy_All_Stocks_All_Amount Test Started  with data row : 3,3,0,0,9
([DONE]) 2013-08-05 14:03:47,164 INFO - navigated to http://192.168.13.203
([PASSED]) 2013-08-05 14:03:47,164 INFO - 3: TestStep : 
([PASSED]) 2013-08-05 14:03:47,173 INFO - 0,5,187,223,0,Step Passed: navigateToURL =>  with data input: http://!TestEnvin row : 3,1,0,0,9
([INFO]) 2013-08-05 14:03:47,989 INFO - By.LinkText: Markets waited to find  
([INFO]) 2013-08-05 14:03:48,504 INFO - By.LinkText: Markets waited to display    
([PASSED]) 2013-08-05 14:03:48,504 INFO - 11: TestStep : Markets
([PASSED]) 2013-08-05 14:03:48,511 INFO - 0,5,187,223,30,Step Passed: waitUntill_DispayedElement => OB_Markets with data input: in row : 3,1,0,0,9
([DONE]) 2013-08-05 14:03:49,548 INFO - By.LinkText: Markets clicked
([PASSED]) 2013-08-05 14:03:49,548 INFO - 1: TestStep : Markets
([PASSED]) 2013-08-05 14:03:49,561 INFO - 0,5,187,223,30,Step Passed: click => OB_Markets with data input: in row : 3,1,0,0,9
((null)) 2013-08-05 14:04:45,475 ERROR- Unable to locate element: {"method":"css selector","selector":".w-dual-pane-view-all"}
Command duration or timeout: 55.15 seconds
For documentation on this error, please visit: http://seleniumhq.org/exceptions/no_such_element.html
Build info: version: '2.33.0', revision: '4e90c97', time: '2013-05-22 15:32:38'
System info: os.name: 'Windows 7', os.arch: 'amd64', os.version: '6.1', java.version: '1.7.0_21'
Session ID: b18f707f-31a4-4817-99bc-3af798503620
Driver info: org.openqa.selenium.firefox.FirefoxDriver
Capabilities [{platform=XP, databaseEnabled=true, cssSelectorsEnabled=true, javascriptEnabled=true, acceptSslCerts=true, handlesAlerts=true, browserName=firefox, browserConnectionEnabled=true, nativeEvents=true, webStorageEnabled=true, rotatable=false, locationContextEnabled=true, applicationCacheEnabled=true, takesScreenshot=true, version=20.0.1}]
OpenQA.Selenium.NoSuchElementException: Unable to locate element: {"method":"css selector","selector":".w-dual-pane-view-all"}
Command duration or timeout: 55.15 seconds
For documentation on this error, please visit: http://seleniumhq.org/exceptions/no_such_element.html
Build info: version: '2.33.0', revision: '4e90c97', time: '2013-05-22 15:32:38'
System info: os.name: 'Windows 7', os.arch: 'amd64', os.version: '6.1', java.version: '1.7.0_21'
Session ID: b18f707f-31a4-4817-99bc-3af798503620
Driver info: org.openqa.selenium.firefox.FirefoxDriver
Capabilities [{platform=XP, databaseEnabled=true, cssSelectorsEnabled=true, javascriptEnabled=true, acceptSslCerts=true, handlesAlerts=true, browserName=firefox, browserConnectionEnabled=true, nativeEvents=true, webStorageEnabled=true, rotatable=false, locationContextEnabled=true, applicationCacheEnabled=true, takesScreenshot=true, version=20.0.1}]
   at OpenQA.Selenium.Remote.RemoteWebDriver.UnpackAndThrowOnError(Response errorResponse)
   at OpenQA.Selenium.Remote.RemoteWebDriver.Execute(String driverCommandToExecute, Dictionary`2 parameters)
   at OpenQA.Selenium.Remote.RemoteWebDriver.FindElement(String mechanism, String value)
   at OpenQA.Selenium.By.FindElement(ISearchContext context)
   at WPFeToroAutoStudio.Selenium.Waituntilfindelement(By webelement, Int32 waitElementDisplayedTime, IWebDriver driver) in c:\Users\maximgu\Documents\Visual Studio 2012\Projects\eToroAutoStudio\WPFeToroAutoStudio\Selenium.cs:line 276
   at WPFeToroAutoStudio.Selenium.WaituntilelementDisplayed(By webelement, Int32 waitElementDisplayedTime, IWebDriver driver, Boolean isRefresh) in c:\Users\maximgu\Documents\Visual Studio 2012\Projects\eToroAutoStudio\WPFeToroAutoStudio\Selenium.cs:line 308
   at WPFeToroAutoStudio.Selenium.ExecuteOneStep(DataRow dr, String inputDataColumn, String inputTableValue, IWebDriver driver) in c:\Users\maximgu\Documents\Visual Studio 2012\Projects\eToroAutoStudio\WPFeToroAutoStudio\Selenium.cs:line 440
([FAILED]) 2013-08-05 14:04:45,476 ERROR- 11: TestStep : .w-dual-pane-view-all
([FAILED]) 2013-08-05 14:04:46,202 ERROR- 0,5,187,223,86,Step Failed: waitUntill_DispayedElement => OB_Markets_ViewAll with data input: in row : 3
Unable to locate element: {"method":"css selector","selector":".w-dual-pane-view-all"}
Command duration or timeout: 55.15 seconds
For documentation on this error, please visit: http://seleniumhq.org/exceptions/no_such_element.html
Build info: version: '2.33.0', revision: '4e90c97', time: '2013-05-22 15:32:38'
System info: os.name: 'Windows 7', os.arch: 'amd64', os.version: '6.1', java.version: '1.7.0_21'
Session ID: b18f707f-31a4-4817-99bc-3af798503620
Driver info: org.openqa.selenium.firefox.FirefoxDriver
Capabilities [{platform=XP, databaseEnabled=true, cssSelectorsEnabled=true, javascriptEnabled=true, acceptSslCerts=true, handlesAlerts=true, browserName=firefox, browserConnectionEnabled=true, nativeEvents=true, webStorageEnabled=true, rotatable=false, locationContextEnabled=true, applicationCacheEnabled=true, takesScreenshot=true, version=20.0.1}]
C:\Users\maximgu\Documents\Visual Studio 2012\Projects\eToroAutoStudio\UnitTestExecutionManager\bin\Release\Logs\08_05_2013_14_04_4661.png,2,0,0,9
([FAILED]) 2013-08-05 14:04:46,218 ERROR- 0,5,187,223,0,Copy Of_OB_Buy_All_Stocks_All_Amount Test Failed  with data row : 3,2,0,0,9
([DONE]) 2013-08-05 14:04:46,230 INFO - 0,5,187,222,0,OB_Stocks_ChartChecking Test Started  with data row : 1-5,3,0,0,9
([DONE]) 2013-08-05 14:04:46,241 INFO - 0,5,187,222,0,OB_Stocks_ChartChecking Test Started  with data row : 1,3,0,0,9
((null)) 2013-08-05 14:05:42,241 ERROR- Unable to locate element: {"method":"css selector","selector":".data-picker.dropdown.timeframes-picker .chzn-container.chzn-container-single"}
Command duration or timeout: 55.07 seconds
For documentation on this error, please visit: http://seleniumhq.org/exceptions/no_such_element.html
Build info: version: '2.33.0', revision: '4e90c97', time: '2013-05-22 15:32:38'
System info: os.name: 'Windows 7', os.arch: 'amd64', os.version: '6.1', java.version: '1.7.0_21'
Session ID: b18f707f-31a4-4817-99bc-3af798503620
Driver info: org.openqa.selenium.firefox.FirefoxDriver
Capabilities [{platform=XP, databaseEnabled=true, cssSelectorsEnabled=true, javascriptEnabled=true, acceptSslCerts=true, handlesAlerts=true, browserName=firefox, browserConnectionEnabled=true, nativeEvents=true, webStorageEnabled=true, rotatable=false, locationContextEnabled=true, applicationCacheEnabled=true, takesScreenshot=true, version=20.0.1}]
OpenQA.Selenium.NoSuchElementException: Unable to locate element: {"method":"css selector","selector":".data-picker.dropdown.timeframes-picker .chzn-container.chzn-container-single"}
Command duration or timeout: 55.07 seconds
For documentation on this error, please visit: http://seleniumhq.org/exceptions/no_such_element.html
Build info: version: '2.33.0', revision: '4e90c97', time: '2013-05-22 15:32:38'
System info: os.name: 'Windows 7', os.arch: 'amd64', os.version: '6.1', java.version: '1.7.0_21'
Session ID: b18f707f-31a4-4817-99bc-3af798503620
Driver info: org.openqa.selenium.firefox.FirefoxDriver
Capabilities [{platform=XP, databaseEnabled=true, cssSelectorsEnabled=true, javascriptEnabled=true, acceptSslCerts=true, handlesAlerts=true, browserName=firefox, browserConnectionEnabled=true, nativeEvents=true, webStorageEnabled=true, rotatable=false, locationContextEnabled=true, applicationCacheEnabled=true, takesScreenshot=true, version=20.0.1}]
   at OpenQA.Selenium.Remote.RemoteWebDriver.UnpackAndThrowOnError(Response errorResponse)
   at OpenQA.Selenium.Remote.RemoteWebDriver.Execute(String driverCommandToExecute, Dictionary`2 parameters)
   at OpenQA.Selenium.Remote.RemoteWebDriver.FindElement(String mechanism, String value)
   at OpenQA.Selenium.By.FindElement(ISearchContext context)
   at WPFeToroAutoStudio.Selenium.Waituntilfindelement(By webelement, Int32 waitElementDisplayedTime, IWebDriver driver) in c:\Users\maximgu\Documents\Visual Studio 2012\Projects\eToroAutoStudio\WPFeToroAutoStudio\Selenium.cs:line 276
   at WPFeToroAutoStudio.Selenium.WaituntilelementDisplayed(By webelement, Int32 waitElementDisplayedTime, IWebDriver driver, Boolean isRefresh) in c:\Users\maximgu\Documents\Visual Studio 2012\Projects\eToroAutoStudio\WPFeToroAutoStudio\Selenium.cs:line 308
   at WPFeToroAutoStudio.Selenium.ExecuteOneStep(DataRow dr, String inputDataColumn, String inputTableValue, IWebDriver driver) in c:\Users\maximgu\Documents\Visual Studio 2012\Projects\eToroAutoStudio\WPFeToroAutoStudio\Selenium.cs:line 486
([FAILED]) 2013-08-05 14:05:42,242 ERROR- 16: TestStep : .data-picker.dropdown.timeframes-picker .chzn-container.chzn-container-single
([FAILED]) 2013-08-05 14:05:43,010 ERROR- 0,5,187,222,251,Step Failed: waituntil_DispayedElement(Expanded-1min) => OB_StatsTab_TimePeriod with data input: in row : 1
Unable to locate element: {"method":"css selector","selector":".data-picker.dropdown.timeframes-picker .chzn-container.chzn-container-single"}
Command duration or timeout: 55.07 seconds
For documentation on this error, please visit: http://seleniumhq.org/exceptions/no_such_element.html
Build info: version: '2.33.0', revision: '4e90c97', time: '2013-05-22 15:32:38'
System info: os.name: 'Windows 7', os.arch: 'amd64', os.version: '6.1', java.version: '1.7.0_21'
Session ID: b18f707f-31a4-4817-99bc-3af798503620
Driver info: org.openqa.selenium.firefox.FirefoxDriver
Capabilities [{platform=XP, databaseEnabled=true, cssSelectorsEnabled=true, javascriptEnabled=true, acceptSslCerts=true, handlesAlerts=true, browserName=firefox, browserConnectionEnabled=true, nativeEvents=true, webStorageEnabled=true, rotatable=false, locationContextEnabled=true, applicationCacheEnabled=true, takesScreenshot=true, version=20.0.1}]
C:\Users\maximgu\Documents\Visual Studio 2012\Projects\eToroAutoStudio\UnitTestExecutionManager\bin\Release\Logs\08_05_2013_14_05_42827.png,2,0,0,9
([FAILED]) 2013-08-05 14:05:43,028 ERROR- 0,5,187,222,0,OB_Stocks_ChartChecking Test Failed  with data row : 1,2,0,0,9
([DONE]) 2013-08-05 14:05:43,040 INFO - 0,5,187,222,0,OB_Stocks_ChartChecking Test Started  with data row : 2,3,0,0,9
((null)) 2013-08-05 14:06:39,017 ERROR- Unable to locate element: {"method":"css selector","selector":".data-picker.dropdown.timeframes-picker .chzn-container.chzn-container-single"}
Command duration or timeout: 55.15 seconds
For documentation on this error, please visit: http://seleniumhq.org/exceptions/no_such_element.html
Build info: version: '2.33.0', revision: '4e90c97', time: '2013-05-22 15:32:38'
System info: os.name: 'Windows 7', os.arch: 'amd64', os.version: '6.1', java.version: '1.7.0_21'
Session ID: b18f707f-31a4-4817-99bc-3af798503620
Driver info: org.openqa.selenium.firefox.FirefoxDriver
Capabilities [{platform=XP, databaseEnabled=true, cssSelectorsEnabled=true, javascriptEnabled=true, acceptSslCerts=true, handlesAlerts=true, browserName=firefox, browserConnectionEnabled=true, nativeEvents=true, webStorageEnabled=true, rotatable=false, locationContextEnabled=true, applicationCacheEnabled=true, takesScreenshot=true, version=20.0.1}]
OpenQA.Selenium.NoSuchElementException: Unable to locate element: {"method":"css selector","selector":".data-picker.dropdown.timeframes-picker .chzn-container.chzn-container-single"}
Command duration or timeout: 55.15 seconds
For documentation on this error, please visit: http://seleniumhq.org/exceptions/no_such_element.html
Build info: version: '2.33.0', revision: '4e90c97', time: '2013-05-22 15:32:38'
System info: os.name: 'Windows 7', os.arch: 'amd64', os.version: '6.1', java.version: '1.7.0_21'
Session ID: b18f707f-31a4-4817-99bc-3af798503620
Driver info: org.openqa.selenium.firefox.FirefoxDriver
Capabilities [{platform=XP, databaseEnabled=true, cssSelectorsEnabled=true, javascriptEnabled=true, acceptSslCerts=true, handlesAlerts=true, browserName=firefox, browserConnectionEnabled=true, nativeEvents=true, webStorageEnabled=true, rotatable=false, locationContextEnabled=true, applicationCacheEnabled=true, takesScreenshot=true, version=20.0.1}]
   at OpenQA.Selenium.Remote.RemoteWebDriver.UnpackAndThrowOnError(Response errorResponse)
   at OpenQA.Selenium.Remote.RemoteWebDriver.Execute(String driverCommandToExecute, Dictionary`2 parameters)
   at OpenQA.Selenium.Remote.RemoteWebDriver.FindElement(String mechanism, String value)
   at OpenQA.Selenium.By.FindElement(ISearchContext context)
   at WPFeToroAutoStudio.Selenium.Waituntilfindelement(By webelement, Int32 waitElementDisplayedTime, IWebDriver driver) in c:\Users\maximgu\Documents\Visual Studio 2012\Projects\eToroAutoStudio\WPFeToroAutoStudio\Selenium.cs:line 276
   at WPFeToroAutoStudio.Selenium.WaituntilelementDisplayed(By webelement, Int32 waitElementDisplayedTime, IWebDriver driver, Boolean isRefresh) in c:\Users\maximgu\Documents\Visual Studio 2012\Projects\eToroAutoStudio\WPFeToroAutoStudio\Selenium.cs:line 308
   at WPFeToroAutoStudio.Selenium.ExecuteOneStep(DataRow dr, String inputDataColumn, String inputTableValue, IWebDriver driver) in c:\Users\maximgu\Documents\Visual Studio 2012\Projects\eToroAutoStudio\WPFeToroAutoStudio\Selenium.cs:line 486
([FAILED]) 2013-08-05 14:06:39,018 ERROR- 16: TestStep : .data-picker.dropdown.timeframes-picker .chzn-container.chzn-container-single
([FAILED]) 2013-08-05 14:06:39,742 ERROR- 0,5,187,222,251,Step Failed: waituntil_DispayedElement(Expanded-1min) => OB_StatsTab_TimePeriod with data input: in row : 2
Unable to locate element: {"method":"css selector","selector":".data-picker.dropdown.timeframes-picker .chzn-container.chzn-container-single"}
Command duration or timeout: 55.15 seconds
For documentation on this error, please visit: http://seleniumhq.org/exceptions/no_such_element.html
Build info: version: '2.33.0', revision: '4e90c97', time: '2013-05-22 15:32:38'
System info: os.name: 'Windows 7', os.arch: 'amd64', os.version: '6.1', java.version: '1.7.0_21'
Session ID: b18f707f-31a4-4817-99bc-3af798503620
Driver info: org.openqa.selenium.firefox.FirefoxDriver
Capabilities [{platform=XP, databaseEnabled=true, cssSelectorsEnabled=true, javascriptEnabled=true, acceptSslCerts=true, handlesAlerts=true, browserName=firefox, browserConnectionEnabled=true, nativeEvents=true, webStorageEnabled=true, rotatable=false, locationContextEnabled=true, applicationCacheEnabled=true, takesScreenshot=true, version=20.0.1}]
C:\Users\maximgu\Documents\Visual Studio 2012\Projects\eToroAutoStudio\UnitTestExecutionManager\bin\Release\Logs\08_05_2013_14_06_39595.png,2,0,0,9
([FAILED]) 2013-08-05 14:06:39,765 ERROR- 0,5,187,222,0,OB_Stocks_ChartChecking Test Failed  with data row : 2,2,0,0,9
([DONE]) 2013-08-05 14:06:39,780 INFO - 0,5,187,222,0,OB_Stocks_ChartChecking Test Started  with data row : 3,3,0,0,9
((null)) 2013-08-05 14:07:35,732 ERROR- Unable to locate element: {"method":"css selector","selector":".data-picker.dropdown.timeframes-picker .chzn-container.chzn-container-single"}
Command duration or timeout: 55.13 seconds
For documentation on this error, please visit: http://seleniumhq.org/exceptions/no_such_element.html
Build info: version: '2.33.0', revision: '4e90c97', time: '2013-05-22 15:32:38'
System info: os.name: 'Windows 7', os.arch: 'amd64', os.version: '6.1', java.version: '1.7.0_21'
Session ID: b18f707f-31a4-4817-99bc-3af798503620
Driver info: org.openqa.selenium.firefox.FirefoxDriver
Capabilities [{platform=XP, databaseEnabled=true, cssSelectorsEnabled=true, javascriptEnabled=true, acceptSslCerts=true, handlesAlerts=true, browserName=firefox, browserConnectionEnabled=true, nativeEvents=true, webStorageEnabled=true, rotatable=false, locationContextEnabled=true, applicationCacheEnabled=true, takesScreenshot=true, version=20.0.1}]
OpenQA.Selenium.NoSuchElementException: Unable to locate element: {"method":"css selector","selector":".data-picker.dropdown.timeframes-picker .chzn-container.chzn-container-single"}
Command duration or timeout: 55.13 seconds
For documentation on this error, please visit: http://seleniumhq.org/exceptions/no_such_element.html
Build info: version: '2.33.0', revision: '4e90c97', time: '2013-05-22 15:32:38'
System info: os.name: 'Windows 7', os.arch: 'amd64', os.version: '6.1', java.version: '1.7.0_21'
Session ID: b18f707f-31a4-4817-99bc-3af798503620
Driver info: org.openqa.selenium.firefox.FirefoxDriver
Capabilities [{platform=XP, databaseEnabled=true, cssSelectorsEnabled=true, javascriptEnabled=true, acceptSslCerts=true, handlesAlerts=true, browserName=firefox, browserConnectionEnabled=true, nativeEvents=true, webStorageEnabled=true, rotatable=false, locationContextEnabled=true, applicationCacheEnabled=true, takesScreenshot=true, version=20.0.1}]
   at OpenQA.Selenium.Remote.RemoteWebDriver.UnpackAndThrowOnError(Response errorResponse)
   at OpenQA.Selenium.Remote.RemoteWebDriver.Execute(String driverCommandToExecute, Dictionary`2 parameters)
   at OpenQA.Selenium.Remote.RemoteWebDriver.FindElement(String mechanism, String value)
   at OpenQA.Selenium.By.FindElement(ISearchContext context)
   at WPFeToroAutoStudio.Selenium.Waituntilfindelement(By webelement, Int32 waitElementDisplayedTime, IWebDriver driver) in c:\Users\maximgu\Documents\Visual Studio 2012\Projects\eToroAutoStudio\WPFeToroAutoStudio\Selenium.cs:line 276
   at WPFeToroAutoStudio.Selenium.WaituntilelementDisplayed(By webelement, Int32 waitElementDisplayedTime, IWebDriver driver, Boolean isRefresh) in c:\Users\maximgu\Documents\Visual Studio 2012\Projects\eToroAutoStudio\WPFeToroAutoStudio\Selenium.cs:line 308
   at WPFeToroAutoStudio.Selenium.ExecuteOneStep(DataRow dr, String inputDataColumn, String inputTableValue, IWebDriver driver) in c:\Users\maximgu\Documents\Visual Studio 2012\Projects\eToroAutoStudio\WPFeToroAutoStudio\Selenium.cs:line 486
([FAILED]) 2013-08-05 14:07:35,732 ERROR- 16: TestStep : .data-picker.dropdown.timeframes-picker .chzn-container.chzn-container-single
([FAILED]) 2013-08-05 14:07:36,534 ERROR- 0,5,187,222,251,Step Failed: waituntil_DispayedElement(Expanded-1min) => OB_StatsTab_TimePeriod with data input: in row : 3
Unable to locate element: {"method":"css selector","selector":".data-picker.dropdown.timeframes-picker .chzn-container.chzn-container-single"}
Command duration or timeout: 55.13 seconds
For documentation on this error, please visit: http://seleniumhq.org/exceptions/no_such_element.html
Build info: version: '2.33.0', revision: '4e90c97', time: '2013-05-22 15:32:38'
System info: os.name: 'Windows 7', os.arch: 'amd64', os.version: '6.1', java.version: '1.7.0_21'
Session ID: b18f707f-31a4-4817-99bc-3af798503620
Driver info: org.openqa.selenium.firefox.FirefoxDriver
Capabilities [{platform=XP, databaseEnabled=true, cssSelectorsEnabled=true, javascriptEnabled=true, acceptSslCerts=true, handlesAlerts=true, browserName=firefox, browserConnectionEnabled=true, nativeEvents=true, webStorageEnabled=true, rotatable=false, locationContextEnabled=true, applicationCacheEnabled=true, takesScreenshot=true, version=20.0.1}]
C:\Users\maximgu\Documents\Visual Studio 2012\Projects\eToroAutoStudio\UnitTestExecutionManager\bin\Release\Logs\08_05_2013_14_07_36355.png,2,0,0,9
([FAILED]) 2013-08-05 14:07:36,545 ERROR- 0,5,187,222,0,OB_Stocks_ChartChecking Test Failed  with data row : 3,2,0,0,9
([DONE]) 2013-08-05 14:07:36,552 INFO - 0,5,187,222,0,OB_Stocks_ChartChecking Test Started  with data row : 4,3,0,0,9
((null)) 2013-08-05 14:08:32,507 ERROR- Unable to locate element: {"method":"css selector","selector":".data-picker.dropdown.timeframes-picker .chzn-container.chzn-container-single"}
Command duration or timeout: 55.14 seconds
For documentation on this error, please visit: http://seleniumhq.org/exceptions/no_such_element.html
Build info: version: '2.33.0', revision: '4e90c97', time: '2013-05-22 15:32:38'
System info: os.name: 'Windows 7', os.arch: 'amd64', os.version: '6.1', java.version: '1.7.0_21'
Session ID: b18f707f-31a4-4817-99bc-3af798503620
Driver info: org.openqa.selenium.firefox.FirefoxDriver
Capabilities [{platform=XP, databaseEnabled=true, cssSelectorsEnabled=true, javascriptEnabled=true, acceptSslCerts=true, handlesAlerts=true, browserName=firefox, browserConnectionEnabled=true, nativeEvents=true, webStorageEnabled=true, rotatable=false, locationContextEnabled=true, applicationCacheEnabled=true, takesScreenshot=true, version=20.0.1}]
OpenQA.Selenium.NoSuchElementException: Unable to locate element: {"method":"css selector","selector":".data-picker.dropdown.timeframes-picker .chzn-container.chzn-container-single"}
Command duration or timeout: 55.14 seconds
For documentation on this error, please visit: http://seleniumhq.org/exceptions/no_such_element.html
Build info: version: '2.33.0', revision: '4e90c97', time: '2013-05-22 15:32:38'
System info: os.name: 'Windows 7', os.arch: 'amd64', os.version: '6.1', java.version: '1.7.0_21'
Session ID: b18f707f-31a4-4817-99bc-3af798503620
Driver info: org.openqa.selenium.firefox.FirefoxDriver
Capabilities [{platform=XP, databaseEnabled=true, cssSelectorsEnabled=true, javascriptEnabled=true, acceptSslCerts=true, handlesAlerts=true, browserName=firefox, browserConnectionEnabled=true, nativeEvents=true, webStorageEnabled=true, rotatable=false, locationContextEnabled=true, applicationCacheEnabled=true, takesScreenshot=true, version=20.0.1}]
   at OpenQA.Selenium.Remote.RemoteWebDriver.UnpackAndThrowOnError(Response errorResponse)
   at OpenQA.Selenium.Remote.RemoteWebDriver.Execute(String driverCommandToExecute, Dictionary`2 parameters)
   at OpenQA.Selenium.Remote.RemoteWebDriver.FindElement(String mechanism, String value)
   at OpenQA.Selenium.By.FindElement(ISearchContext context)
   at WPFeToroAutoStudio.Selenium.Waituntilfindelement(By webelement, Int32 waitElementDisplayedTime, IWebDriver driver) in c:\Users\maximgu\Documents\Visual Studio 2012\Projects\eToroAutoStudio\WPFeToroAutoStudio\Selenium.cs:line 276
   at WPFeToroAutoStudio.Selenium.WaituntilelementDisplayed(By webelement, Int32 waitElementDisplayedTime, IWebDriver driver, Boolean isRefresh) in c:\Users\maximgu\Documents\Visual Studio 2012\Projects\eToroAutoStudio\WPFeToroAutoStudio\Selenium.cs:line 308
   at WPFeToroAutoStudio.Selenium.ExecuteOneStep(DataRow dr, String inputDataColumn, String inputTableValue, IWebDriver driver) in c:\Users\maximgu\Documents\Visual Studio 2012\Projects\eToroAutoStudio\WPFeToroAutoStudio\Selenium.cs:line 486
([FAILED]) 2013-08-05 14:08:32,508 ERROR- 16: TestStep : .data-picker.dropdown.timeframes-picker .chzn-container.chzn-container-single
([FAILED]) 2013-08-05 14:08:33,230 ERROR- 0,5,187,222,251,Step Failed: waituntil_DispayedElement(Expanded-1min) => OB_StatsTab_TimePeriod with data input: in row : 4
Unable to locate element: {"method":"css selector","selector":".data-picker.dropdown.timeframes-picker .chzn-container.chzn-container-single"}
Command duration or timeout: 55.14 seconds
For documentation on this error, please visit: http://seleniumhq.org/exceptions/no_such_element.html
Build info: version: '2.33.0', revision: '4e90c97', time: '2013-05-22 15:32:38'
System info: os.name: 'Windows 7', os.arch: 'amd64', os.version: '6.1', java.version: '1.7.0_21'
Session ID: b18f707f-31a4-4817-99bc-3af798503620
Driver info: org.openqa.selenium.firefox.FirefoxDriver
Capabilities [{platform=XP, databaseEnabled=true, cssSelectorsEnabled=true, javascriptEnabled=true, acceptSslCerts=true, handlesAlerts=true, browserName=firefox, browserConnectionEnabled=true, nativeEvents=true, webStorageEnabled=true, rotatable=false, locationContextEnabled=true, applicationCacheEnabled=true, takesScreenshot=true, version=20.0.1}]
C:\Users\maximgu\Documents\Visual Studio 2012\Projects\eToroAutoStudio\UnitTestExecutionManager\bin\Release\Logs\08_05_2013_14_08_3384.png,2,0,0,9
([FAILED]) 2013-08-05 14:08:33,246 ERROR- 0,5,187,222,0,OB_Stocks_ChartChecking Test Failed  with data row : 4,2,0,0,9
([DONE]) 2013-08-05 14:08:33,262 INFO - 0,5,187,222,0,OB_Stocks_ChartChecking Test Started  with data row : 5,3,0,0,9
((null)) 2013-08-05 14:09:29,273 ERROR- Unable to locate element: {"method":"css selector","selector":".data-picker.dropdown.timeframes-picker .chzn-container.chzn-container-single"}
Command duration or timeout: 55.13 seconds
For documentation on this error, please visit: http://seleniumhq.org/exceptions/no_such_element.html
Build info: version: '2.33.0', revision: '4e90c97', time: '2013-05-22 15:32:38'
System info: os.name: 'Windows 7', os.arch: 'amd64', os.version: '6.1', java.version: '1.7.0_21'
Session ID: b18f707f-31a4-4817-99bc-3af798503620
Driver info: org.openqa.selenium.firefox.FirefoxDriver
Capabilities [{platform=XP, databaseEnabled=true, cssSelectorsEnabled=true, javascriptEnabled=true, acceptSslCerts=true, handlesAlerts=true, browserName=firefox, browserConnectionEnabled=true, nativeEvents=true, webStorageEnabled=true, rotatable=false, locationContextEnabled=true, applicationCacheEnabled=true, takesScreenshot=true, version=20.0.1}]
OpenQA.Selenium.NoSuchElementException: Unable to locate element: {"method":"css selector","selector":".data-picker.dropdown.timeframes-picker .chzn-container.chzn-container-single"}
Command duration or timeout: 55.13 seconds
For documentation on this error, please visit: http://seleniumhq.org/exceptions/no_such_element.html
Build info: version: '2.33.0', revision: '4e90c97', time: '2013-05-22 15:32:38'
System info: os.name: 'Windows 7', os.arch: 'amd64', os.version: '6.1', java.version: '1.7.0_21'
Session ID: b18f707f-31a4-4817-99bc-3af798503620
Driver info: org.openqa.selenium.firefox.FirefoxDriver
Capabilities [{platform=XP, databaseEnabled=true, cssSelectorsEnabled=true, javascriptEnabled=true, acceptSslCerts=true, handlesAlerts=true, browserName=firefox, browserConnectionEnabled=true, nativeEvents=true, webStorageEnabled=true, rotatable=false, locationContextEnabled=true, applicationCacheEnabled=true, takesScreenshot=true, version=20.0.1}]
   at OpenQA.Selenium.Remote.RemoteWebDriver.UnpackAndThrowOnError(Response errorResponse)
   at OpenQA.Selenium.Remote.RemoteWebDriver.Execute(String driverCommandToExecute, Dictionary`2 parameters)
   at OpenQA.Selenium.Remote.RemoteWebDriver.FindElement(String mechanism, String value)
   at OpenQA.Selenium.By.FindElement(ISearchContext context)
   at WPFeToroAutoStudio.Selenium.Waituntilfindelement(By webelement, Int32 waitElementDisplayedTime, IWebDriver driver) in c:\Users\maximgu\Documents\Visual Studio 2012\Projects\eToroAutoStudio\WPFeToroAutoStudio\Selenium.cs:line 276
   at WPFeToroAutoStudio.Selenium.WaituntilelementDisplayed(By webelement, Int32 waitElementDisplayedTime, IWebDriver driver, Boolean isRefresh) in c:\Users\maximgu\Documents\Visual Studio 2012\Projects\eToroAutoStudio\WPFeToroAutoStudio\Selenium.cs:line 308
   at WPFeToroAutoStudio.Selenium.ExecuteOneStep(DataRow dr, String inputDataColumn, String inputTableValue, IWebDriver driver) in c:\Users\maximgu\Documents\Visual Studio 2012\Projects\eToroAutoStudio\WPFeToroAutoStudio\Selenium.cs:line 486
([FAILED]) 2013-08-05 14:09:29,274 ERROR- 16: TestStep : .data-picker.dropdown.timeframes-picker .chzn-container.chzn-container-single
([FAILED]) 2013-08-05 14:09:30,867 ERROR- 0,5,187,222,251,Step Failed: waituntil_DispayedElement(Expanded-1min) => OB_StatsTab_TimePeriod with data input: in row : 5
Unable to locate element: {"method":"css selector","selector":".data-picker.dropdown.timeframes-picker .chzn-container.chzn-container-single"}
Command duration or timeout: 55.13 seconds
For documentation on this error, please visit: http://seleniumhq.org/exceptions/no_such_element.html
Build info: version: '2.33.0', revision: '4e90c97', time: '2013-05-22 15:32:38'
System info: os.name: 'Windows 7', os.arch: 'amd64', os.version: '6.1', java.version: '1.7.0_21'
Session ID: b18f707f-31a4-4817-99bc-3af798503620
Driver info: org.openqa.selenium.firefox.FirefoxDriver
Capabilities [{platform=XP, databaseEnabled=true, cssSelectorsEnabled=true, javascriptEnabled=true, acceptSslCerts=true, handlesAlerts=true, browserName=firefox, browserConnectionEnabled=true, nativeEvents=true, webStorageEnabled=true, rotatable=false, locationContextEnabled=true, applicationCacheEnabled=true, takesScreenshot=true, version=20.0.1}]
C:\Users\maximgu\Documents\Visual Studio 2012\Projects\eToroAutoStudio\UnitTestExecutionManager\bin\Release\Logs\08_05_2013_14_09_30692.png,2,0,0,9
([FAILED]) 2013-08-05 14:09:30,879 ERROR- 0,5,187,222,0,OB_Stocks_ChartChecking Test Failed  with data row : 5,2,0,0,9
([DONE]) 2013-08-05 14:09:30,888 INFO - 0,5,187,223,0,Copy Of_OB_Buy_All_Stocks_All_Amount Test Started  with data row : 4,3,0,0,9
([DONE]) 2013-08-05 14:09:38,907 INFO - navigated to http://192.168.13.203
([PASSED]) 2013-08-05 14:09:38,907 INFO - 3: TestStep : 
([PASSED]) 2013-08-05 14:09:38,913 INFO - 0,5,187,223,0,Step Passed: navigateToURL =>  with data input: http://!TestEnvin row : 4,1,0,0,9
([INFO]) 2013-08-05 14:09:39,780 INFO - By.LinkText: Markets waited to find  
([INFO]) 2013-08-05 14:09:40,311 INFO - By.LinkText: Markets waited to display    
([PASSED]) 2013-08-05 14:09:40,311 INFO - 11: TestStep : Markets
([PASSED]) 2013-08-05 14:09:40,321 INFO - 0,5,187,223,30,Step Passed: waitUntill_DispayedElement => OB_Markets with data input: in row : 4,1,0,0,9
([DONE]) 2013-08-05 14:09:41,486 INFO - By.LinkText: Markets clicked
([PASSED]) 2013-08-05 14:09:41,486 INFO - 1: TestStep : Markets
([PASSED]) 2013-08-05 14:09:41,497 INFO - 0,5,187,223,30,Step Passed: click => OB_Markets with data input: in row : 4,1,0,0,9
((null)) 2013-08-05 14:10:37,515 ERROR- Unable to locate element: {"method":"css selector","selector":".w-dual-pane-view-all"}
Command duration or timeout: 55.14 seconds
For documentation on this error, please visit: http://seleniumhq.org/exceptions/no_such_element.html
Build info: version: '2.33.0', revision: '4e90c97', time: '2013-05-22 15:32:38'
System info: os.name: 'Windows 7', os.arch: 'amd64', os.version: '6.1', java.version: '1.7.0_21'
Session ID: b18f707f-31a4-4817-99bc-3af798503620
Driver info: org.openqa.selenium.firefox.FirefoxDriver
Capabilities [{platform=XP, databaseEnabled=true, cssSelectorsEnabled=true, javascriptEnabled=true, acceptSslCerts=true, handlesAlerts=true, browserName=firefox, browserConnectionEnabled=true, nativeEvents=true, webStorageEnabled=true, rotatable=false, locationContextEnabled=true, applicationCacheEnabled=true, takesScreenshot=true, version=20.0.1}]
OpenQA.Selenium.NoSuchElementException: Unable to locate element: {"method":"css selector","selector":".w-dual-pane-view-all"}
Command duration or timeout: 55.14 seconds
For documentation on this error, please visit: http://seleniumhq.org/exceptions/no_such_element.html
Build info: version: '2.33.0', revision: '4e90c97', time: '2013-05-22 15:32:38'
System info: os.name: 'Windows 7', os.arch: 'amd64', os.version: '6.1', java.version: '1.7.0_21'
Session ID: b18f707f-31a4-4817-99bc-3af798503620
Driver info: org.openqa.selenium.firefox.FirefoxDriver
Capabilities [{platform=XP, databaseEnabled=true, cssSelectorsEnabled=true, javascriptEnabled=true, acceptSslCerts=true, handlesAlerts=true, browserName=firefox, browserConnectionEnabled=true, nativeEvents=true, webStorageEnabled=true, rotatable=false, locationContextEnabled=true, applicationCacheEnabled=true, takesScreenshot=true, version=20.0.1}]
   at OpenQA.Selenium.Remote.RemoteWebDriver.UnpackAndThrowOnError(Response errorResponse)
   at OpenQA.Selenium.Remote.RemoteWebDriver.Execute(String driverCommandToExecute, Dictionary`2 parameters)
   at OpenQA.Selenium.Remote.RemoteWebDriver.FindElement(String mechanism, String value)
   at OpenQA.Selenium.By.FindElement(ISearchContext context)
   at WPFeToroAutoStudio.Selenium.Waituntilfindelement(By webelement, Int32 waitElementDisplayedTime, IWebDriver driver) in c:\Users\maximgu\Documents\Visual Studio 2012\Projects\eToroAutoStudio\WPFeToroAutoStudio\Selenium.cs:line 276
   at WPFeToroAutoStudio.Selenium.WaituntilelementDisplayed(By webelement, Int32 waitElementDisplayedTime, IWebDriver driver, Boolean isRefresh) in c:\Users\maximgu\Documents\Visual Studio 2012\Projects\eToroAutoStudio\WPFeToroAutoStudio\Selenium.cs:line 308
   at WPFeToroAutoStudio.Selenium.ExecuteOneStep(DataRow dr, String inputDataColumn, String inputTableValue, IWebDriver driver) in c:\Users\maximgu\Documents\Visual Studio 2012\Projects\eToroAutoStudio\WPFeToroAutoStudio\Selenium.cs:line 440
([FAILED]) 2013-08-05 14:10:37,516 ERROR- 11: TestStep : .w-dual-pane-view-all
([FAILED]) 2013-08-05 14:10:38,291 ERROR- 0,5,187,223,86,Step Failed: waitUntill_DispayedElement => OB_Markets_ViewAll with data input: in row : 4
Unable to locate element: {"method":"css selector","selector":".w-dual-pane-view-all"}
Command duration or timeout: 55.14 seconds
For documentation on this error, please visit: http://seleniumhq.org/exceptions/no_such_element.html
Build info: version: '2.33.0', revision: '4e90c97', time: '2013-05-22 15:32:38'
System info: os.name: 'Windows 7', os.arch: 'amd64', os.version: '6.1', java.version: '1.7.0_21'
Session ID: b18f707f-31a4-4817-99bc-3af798503620
Driver info: org.openqa.selenium.firefox.FirefoxDriver
Capabilities [{platform=XP, databaseEnabled=true, cssSelectorsEnabled=true, javascriptEnabled=true, acceptSslCerts=true, handlesAlerts=true, browserName=firefox, browserConnectionEnabled=true, nativeEvents=true, webStorageEnabled=true, rotatable=false, locationContextEnabled=true, applicationCacheEnabled=true, takesScreenshot=true, version=20.0.1}]
C:\Users\maximgu\Documents\Visual Studio 2012\Projects\eToroAutoStudio\UnitTestExecutionManager\bin\Release\Logs\08_05_2013_14_10_38142.png,2,0,0,9
([FAILED]) 2013-08-05 14:10:38,308 ERROR- 0,5,187,223,0,Copy Of_OB_Buy_All_Stocks_All_Amount Test Failed  with data row : 4,2,0,0,9
([DONE]) 2013-08-05 14:10:38,320 INFO - 0,5,187,222,0,OB_Stocks_ChartChecking Test Started  with data row : 1-5,3,0,0,9
([DONE]) 2013-08-05 14:10:38,333 INFO - 0,5,187,222,0,OB_Stocks_ChartChecking Test Started  with data row : 1,3,0,0,9
((null)) 2013-08-05 14:11:34,254 ERROR- Unable to locate element: {"method":"css selector","selector":".data-picker.dropdown.timeframes-picker .chzn-container.chzn-container-single"}
Command duration or timeout: 55.09 seconds
For documentation on this error, please visit: http://seleniumhq.org/exceptions/no_such_element.html
Build info: version: '2.33.0', revision: '4e90c97', time: '2013-05-22 15:32:38'
System info: os.name: 'Windows 7', os.arch: 'amd64', os.version: '6.1', java.version: '1.7.0_21'
Session ID: b18f707f-31a4-4817-99bc-3af798503620
Driver info: org.openqa.selenium.firefox.FirefoxDriver
Capabilities [{platform=XP, databaseEnabled=true, cssSelectorsEnabled=true, javascriptEnabled=true, acceptSslCerts=true, handlesAlerts=true, browserName=firefox, browserConnectionEnabled=true, nativeEvents=true, webStorageEnabled=true, rotatable=false, locationContextEnabled=true, applicationCacheEnabled=true, takesScreenshot=true, version=20.0.1}]
OpenQA.Selenium.NoSuchElementException: Unable to locate element: {"method":"css selector","selector":".data-picker.dropdown.timeframes-picker .chzn-container.chzn-container-single"}
Command duration or timeout: 55.09 seconds
For documentation on this error, please visit: http://seleniumhq.org/exceptions/no_such_element.html
Build info: version: '2.33.0', revision: '4e90c97', time: '2013-05-22 15:32:38'
System info: os.name: 'Windows 7', os.arch: 'amd64', os.version: '6.1', java.version: '1.7.0_21'
Session ID: b18f707f-31a4-4817-99bc-3af798503620
Driver info: org.openqa.selenium.firefox.FirefoxDriver
Capabilities [{platform=XP, databaseEnabled=true, cssSelectorsEnabled=true, javascriptEnabled=true, acceptSslCerts=true, handlesAlerts=true, browserName=firefox, browserConnectionEnabled=true, nativeEvents=true, webStorageEnabled=true, rotatable=false, locationContextEnabled=true, applicationCacheEnabled=true, takesScreenshot=true, version=20.0.1}]
   at OpenQA.Selenium.Remote.RemoteWebDriver.UnpackAndThrowOnError(Response errorResponse)
   at OpenQA.Selenium.Remote.RemoteWebDriver.Execute(String driverCommandToExecute, Dictionary`2 parameters)
   at OpenQA.Selenium.Remote.RemoteWebDriver.FindElement(String mechanism, String value)
   at OpenQA.Selenium.By.FindElement(ISearchContext context)
   at WPFeToroAutoStudio.Selenium.Waituntilfindelement(By webelement, Int32 waitElementDisplayedTime, IWebDriver driver) in c:\Users\maximgu\Documents\Visual Studio 2012\Projects\eToroAutoStudio\WPFeToroAutoStudio\Selenium.cs:line 276
   at WPFeToroAutoStudio.Selenium.WaituntilelementDisplayed(By webelement, Int32 waitElementDisplayedTime, IWebDriver driver, Boolean isRefresh) in c:\Users\maximgu\Documents\Visual Studio 2012\Projects\eToroAutoStudio\WPFeToroAutoStudio\Selenium.cs:line 308
   at WPFeToroAutoStudio.Selenium.ExecuteOneStep(DataRow dr, String inputDataColumn, String inputTableValue, IWebDriver driver) in c:\Users\maximgu\Documents\Visual Studio 2012\Projects\eToroAutoStudio\WPFeToroAutoStudio\Selenium.cs:line 486
([FAILED]) 2013-08-05 14:11:34,254 ERROR- 16: TestStep : .data-picker.dropdown.timeframes-picker .chzn-container.chzn-container-single
([FAILED]) 2013-08-05 14:11:35,020 ERROR- 0,5,187,222,251,Step Failed: waituntil_DispayedElement(Expanded-1min) => OB_StatsTab_TimePeriod with data input: in row : 1
Unable to locate element: {"method":"css selector","selector":".data-picker.dropdown.timeframes-picker .chzn-container.chzn-container-single"}
Command duration or timeout: 55.09 seconds
For documentation on this error, please visit: http://seleniumhq.org/exceptions/no_such_element.html
Build info: version: '2.33.0', revision: '4e90c97', time: '2013-05-22 15:32:38'
System info: os.name: 'Windows 7', os.arch: 'amd64', os.version: '6.1', java.version: '1.7.0_21'
Session ID: b18f707f-31a4-4817-99bc-3af798503620
Driver info: org.openqa.selenium.firefox.FirefoxDriver
Capabilities [{platform=XP, databaseEnabled=true, cssSelectorsEnabled=true, javascriptEnabled=true, acceptSslCerts=true, handlesAlerts=true, browserName=firefox, browserConnectionEnabled=true, nativeEvents=true, webStorageEnabled=true, rotatable=false, locationContextEnabled=true, applicationCacheEnabled=true, takesScreenshot=true, version=20.0.1}]
C:\Users\maximgu\Documents\Visual Studio 2012\Projects\eToroAutoStudio\UnitTestExecutionManager\bin\Release\Logs\08_05_2013_14_11_34841.png,2,0,0,9
([FAILED]) 2013-08-05 14:11:35,043 ERROR- 0,5,187,222,0,OB_Stocks_ChartChecking Test Failed  with data row : 1,2,0,0,9
([DONE]) 2013-08-05 14:11:35,053 INFO - 0,5,187,222,0,OB_Stocks_ChartChecking Test Started  with data row : 2,3,0,0,9
((null)) 2013-08-05 14:12:31,016 ERROR- Unable to locate element: {"method":"css selector","selector":".data-picker.dropdown.timeframes-picker .chzn-container.chzn-container-single"}
Command duration or timeout: 55.16 seconds
For documentation on this error, please visit: http://seleniumhq.org/exceptions/no_such_element.html
Build info: version: '2.33.0', revision: '4e90c97', time: '2013-05-22 15:32:38'
System info: os.name: 'Windows 7', os.arch: 'amd64', os.version: '6.1', java.version: '1.7.0_21'
Session ID: b18f707f-31a4-4817-99bc-3af798503620
Driver info: org.openqa.selenium.firefox.FirefoxDriver
Capabilities [{platform=XP, databaseEnabled=true, cssSelectorsEnabled=true, javascriptEnabled=true, acceptSslCerts=true, handlesAlerts=true, browserName=firefox, browserConnectionEnabled=true, nativeEvents=true, webStorageEnabled=true, rotatable=false, locationContextEnabled=true, applicationCacheEnabled=true, takesScreenshot=true, version=20.0.1}]
OpenQA.Selenium.NoSuchElementException: Unable to locate element: {"method":"css selector","selector":".data-picker.dropdown.timeframes-picker .chzn-container.chzn-container-single"}
Command duration or timeout: 55.16 seconds
For documentation on this error, please visit: http://seleniumhq.org/exceptions/no_such_element.html
Build info: version: '2.33.0', revision: '4e90c97', time: '2013-05-22 15:32:38'
System info: os.name: 'Windows 7', os.arch: 'amd64', os.version: '6.1', java.version: '1.7.0_21'
Session ID: b18f707f-31a4-4817-99bc-3af798503620
Driver info: org.openqa.selenium.firefox.FirefoxDriver
Capabilities [{platform=XP, databaseEnabled=true, cssSelectorsEnabled=true, javascriptEnabled=true, acceptSslCerts=true, handlesAlerts=true, browserName=firefox, browserConnectionEnabled=true, nativeEvents=true, webStorageEnabled=true, rotatable=false, locationContextEnabled=true, applicationCacheEnabled=true, takesScreenshot=true, version=20.0.1}]
   at OpenQA.Selenium.Remote.RemoteWebDriver.UnpackAndThrowOnError(Response errorResponse)
   at OpenQA.Selenium.Remote.RemoteWebDriver.Execute(String driverCommandToExecute, Dictionary`2 parameters)
   at OpenQA.Selenium.Remote.RemoteWebDriver.FindElement(String mechanism, String value)
   at OpenQA.Selenium.By.FindElement(ISearchContext context)
   at WPFeToroAutoStudio.Selenium.Waituntilfindelement(By webelement, Int32 waitElementDisplayedTime, IWebDriver driver) in c:\Users\maximgu\Documents\Visual Studio 2012\Projects\eToroAutoStudio\WPFeToroAutoStudio\Selenium.cs:line 276
   at WPFeToroAutoStudio.Selenium.WaituntilelementDisplayed(By webelement, Int32 waitElementDisplayedTime, IWebDriver driver, Boolean isRefresh) in c:\Users\maximgu\Documents\Visual Studio 2012\Projects\eToroAutoStudio\WPFeToroAutoStudio\Selenium.cs:line 308
   at WPFeToroAutoStudio.Selenium.ExecuteOneStep(DataRow dr, String inputDataColumn, String inputTableValue, IWebDriver driver) in c:\Users\maximgu\Documents\Visual Studio 2012\Projects\eToroAutoStudio\WPFeToroAutoStudio\Selenium.cs:line 486
([FAILED]) 2013-08-05 14:12:31,016 ERROR- 16: TestStep : .data-picker.dropdown.timeframes-picker .chzn-container.chzn-container-single
([FAILED]) 2013-08-05 14:12:31,792 ERROR- 0,5,187,222,251,Step Failed: waituntil_DispayedElement(Expanded-1min) => OB_StatsTab_TimePeriod with data input: in row : 2
Unable to locate element: {"method":"css selector","selector":".data-picker.dropdown.timeframes-picker .chzn-container.chzn-container-single"}
Command duration or timeout: 55.16 seconds
For documentation on this error, please visit: http://seleniumhq.org/exceptions/no_such_element.html
Build info: version: '2.33.0', revision: '4e90c97', time: '2013-05-22 15:32:38'
System info: os.name: 'Windows 7', os.arch: 'amd64', os.version: '6.1', java.version: '1.7.0_21'
Session ID: b18f707f-31a4-4817-99bc-3af798503620
Driver info: org.openqa.selenium.firefox.FirefoxDriver
Capabilities [{platform=XP, databaseEnabled=true, cssSelectorsEnabled=true, javascriptEnabled=true, acceptSslCerts=true, handlesAlerts=true, browserName=firefox, browserConnectionEnabled=true, nativeEvents=true, webStorageEnabled=true, rotatable=false, locationContextEnabled=true, applicationCacheEnabled=true, takesScreenshot=true, version=20.0.1}]
C:\Users\maximgu\Documents\Visual Studio 2012\Projects\eToroAutoStudio\UnitTestExecutionManager\bin\Release\Logs\08_05_2013_14_12_31644.png,2,0,0,9
([FAILED]) 2013-08-05 14:12:31,825 ERROR- 0,5,187,222,0,OB_Stocks_ChartChecking Test Failed  with data row : 2,2,0,0,9
([DONE]) 2013-08-05 14:12:31,846 INFO - 0,5,187,222,0,OB_Stocks_ChartChecking Test Started  with data row : 3,3,0,0,9
((null)) 2013-08-05 14:13:27,713 ERROR- Unable to locate element: {"method":"css selector","selector":".data-picker.dropdown.timeframes-picker .chzn-container.chzn-container-single"}
Command duration or timeout: 55.10 seconds
For documentation on this error, please visit: http://seleniumhq.org/exceptions/no_such_element.html
Build info: version: '2.33.0', revision: '4e90c97', time: '2013-05-22 15:32:38'
System info: os.name: 'Windows 7', os.arch: 'amd64', os.version: '6.1', java.version: '1.7.0_21'
Session ID: b18f707f-31a4-4817-99bc-3af798503620
Driver info: org.openqa.selenium.firefox.FirefoxDriver
Capabilities [{platform=XP, databaseEnabled=true, cssSelectorsEnabled=true, javascriptEnabled=true, acceptSslCerts=true, handlesAlerts=true, browserName=firefox, browserConnectionEnabled=true, nativeEvents=true, webStorageEnabled=true, rotatable=false, locationContextEnabled=true, applicationCacheEnabled=true, takesScreenshot=true, version=20.0.1}]
OpenQA.Selenium.NoSuchElementException: Unable to locate element: {"method":"css selector","selector":".data-picker.dropdown.timeframes-picker .chzn-container.chzn-container-single"}
Command duration or timeout: 55.10 seconds
For documentation on this error, please visit: http://seleniumhq.org/exceptions/no_such_element.html
Build info: version: '2.33.0', revision: '4e90c97', time: '2013-05-22 15:32:38'
System info: os.name: 'Windows 7', os.arch: 'amd64', os.version: '6.1', java.version: '1.7.0_21'
Session ID: b18f707f-31a4-4817-99bc-3af798503620
Driver info: org.openqa.selenium.firefox.FirefoxDriver
Capabilities [{platform=XP, databaseEnabled=true, cssSelectorsEnabled=true, javascriptEnabled=true, acceptSslCerts=true, handlesAlerts=true, browserName=firefox, browserConnectionEnabled=true, nativeEvents=true, webStorageEnabled=true, rotatable=false, locationContextEnabled=true, applicationCacheEnabled=true, takesScreenshot=true, version=20.0.1}]
   at OpenQA.Selenium.Remote.RemoteWebDriver.UnpackAndThrowOnError(Response errorResponse)
   at OpenQA.Selenium.Remote.RemoteWebDriver.Execute(String driverCommandToExecute, Dictionary`2 parameters)
   at OpenQA.Selenium.Remote.RemoteWebDriver.FindElement(String mechanism, String value)
   at OpenQA.Selenium.By.FindElement(ISearchContext context)
   at WPFeToroAutoStudio.Selenium.Waituntilfindelement(By webelement, Int32 waitElementDisplayedTime, IWebDriver driver) in c:\Users\maximgu\Documents\Visual Studio 2012\Projects\eToroAutoStudio\WPFeToroAutoStudio\Selenium.cs:line 276
   at WPFeToroAutoStudio.Selenium.WaituntilelementDisplayed(By webelement, Int32 waitElementDisplayedTime, IWebDriver driver, Boolean isRefresh) in c:\Users\maximgu\Documents\Visual Studio 2012\Projects\eToroAutoStudio\WPFeToroAutoStudio\Selenium.cs:line 308
   at WPFeToroAutoStudio.Selenium.ExecuteOneStep(DataRow dr, String inputDataColumn, String inputTableValue, IWebDriver driver) in c:\Users\maximgu\Documents\Visual Studio 2012\Projects\eToroAutoStudio\WPFeToroAutoStudio\Selenium.cs:line 486
([FAILED]) 2013-08-05 14:13:27,713 ERROR- 16: TestStep : .data-picker.dropdown.timeframes-picker .chzn-container.chzn-container-single
([FAILED]) 2013-08-05 14:13:28,430 ERROR- 0,5,187,222,251,Step Failed: waituntil_DispayedElement(Expanded-1min) => OB_StatsTab_TimePeriod with data input: in row : 3
Unable to locate element: {"method":"css selector","selector":".data-picker.dropdown.timeframes-picker .chzn-container.chzn-container-single"}
Command duration or timeout: 55.10 seconds
For documentation on this error, please visit: http://seleniumhq.org/exceptions/no_such_element.html
Build info: version: '2.33.0', revision: '4e90c97', time: '2013-05-22 15:32:38'
System info: os.name: 'Windows 7', os.arch: 'amd64', os.version: '6.1', java.version: '1.7.0_21'
Session ID: b18f707f-31a4-4817-99bc-3af798503620
Driver info: org.openqa.selenium.firefox.FirefoxDriver
Capabilities [{platform=XP, databaseEnabled=true, cssSelectorsEnabled=true, javascriptEnabled=true, acceptSslCerts=true, handlesAlerts=true, browserName=firefox, browserConnectionEnabled=true, nativeEvents=true, webStorageEnabled=true, rotatable=false, locationContextEnabled=true, applicationCacheEnabled=true, takesScreenshot=true, version=20.0.1}]
C:\Users\maximgu\Documents\Visual Studio 2012\Projects\eToroAutoStudio\UnitTestExecutionManager\bin\Release\Logs\08_05_2013_14_13_28273.png,2,0,0,9
([FAILED]) 2013-08-05 14:13:28,461 ERROR- 0,5,187,222,0,OB_Stocks_ChartChecking Test Failed  with data row : 3,2,0,0,9
([DONE]) 2013-08-05 14:13:28,479 INFO - 0,5,187,222,0,OB_Stocks_ChartChecking Test Started  with data row : 4,3,0,0,9
((null)) 2013-08-05 14:14:24,343 ERROR- Unable to locate element: {"method":"css selector","selector":".data-picker.dropdown.timeframes-picker .chzn-container.chzn-container-single"}
Command duration or timeout: 55.04 seconds
For documentation on this error, please visit: http://seleniumhq.org/exceptions/no_such_element.html
Build info: version: '2.33.0', revision: '4e90c97', time: '2013-05-22 15:32:38'
System info: os.name: 'Windows 7', os.arch: 'amd64', os.version: '6.1', java.version: '1.7.0_21'
Session ID: b18f707f-31a4-4817-99bc-3af798503620
Driver info: org.openqa.selenium.firefox.FirefoxDriver
Capabilities [{platform=XP, databaseEnabled=true, cssSelectorsEnabled=true, javascriptEnabled=true, acceptSslCerts=true, handlesAlerts=true, browserName=firefox, browserConnectionEnabled=true, nativeEvents=true, webStorageEnabled=true, rotatable=false, locationContextEnabled=true, applicationCacheEnabled=true, takesScreenshot=true, version=20.0.1}]
OpenQA.Selenium.NoSuchElementException: Unable to locate element: {"method":"css selector","selector":".data-picker.dropdown.timeframes-picker .chzn-container.chzn-container-single"}
Command duration or timeout: 55.04 seconds
For documentation on this error, please visit: http://seleniumhq.org/exceptions/no_such_element.html
Build info: version: '2.33.0', revision: '4e90c97', time: '2013-05-22 15:32:38'
System info: os.name: 'Windows 7', os.arch: 'amd64', os.version: '6.1', java.version: '1.7.0_21'
Session ID: b18f707f-31a4-4817-99bc-3af798503620
Driver info: org.openqa.selenium.firefox.FirefoxDriver
Capabilities [{platform=XP, databaseEnabled=true, cssSelectorsEnabled=true, javascriptEnabled=true, acceptSslCerts=true, handlesAlerts=true, browserName=firefox, browserConnectionEnabled=true, nativeEvents=true, webStorageEnabled=true, rotatable=false, locationContextEnabled=true, applicationCacheEnabled=true, takesScreenshot=true, version=20.0.1}]
   at OpenQA.Selenium.Remote.RemoteWebDriver.UnpackAndThrowOnError(Response errorResponse)
   at OpenQA.Selenium.Remote.RemoteWebDriver.Execute(String driverCommandToExecute, Dictionary`2 parameters)
   at OpenQA.Selenium.Remote.RemoteWebDriver.FindElement(String mechanism, String value)
   at OpenQA.Selenium.By.FindElement(ISearchContext context)
   at WPFeToroAutoStudio.Selenium.Waituntilfindelement(By webelement, Int32 waitElementDisplayedTime, IWebDriver driver) in c:\Users\maximgu\Documents\Visual Studio 2012\Projects\eToroAutoStudio\WPFeToroAutoStudio\Selenium.cs:line 276
   at WPFeToroAutoStudio.Selenium.WaituntilelementDisplayed(By webelement, Int32 waitElementDisplayedTime, IWebDriver driver, Boolean isRefresh) in c:\Users\maximgu\Documents\Visual Studio 2012\Projects\eToroAutoStudio\WPFeToroAutoStudio\Selenium.cs:line 308
   at WPFeToroAutoStudio.Selenium.ExecuteOneStep(DataRow dr, String inputDataColumn, String inputTableValue, IWebDriver driver) in c:\Users\maximgu\Documents\Visual Studio 2012\Projects\eToroAutoStudio\WPFeToroAutoStudio\Selenium.cs:line 486
([FAILED]) 2013-08-05 14:14:24,343 ERROR- 16: TestStep : .data-picker.dropdown.timeframes-picker .chzn-container.chzn-container-single
([FAILED]) 2013-08-05 14:14:25,417 ERROR- 0,5,187,222,251,Step Failed: waituntil_DispayedElement(Expanded-1min) => OB_StatsTab_TimePeriod with data input: in row : 4
Unable to locate element: {"method":"css selector","selector":".data-picker.dropdown.timeframes-picker .chzn-container.chzn-container-single"}
Command duration or timeout: 55.04 seconds
For documentation on this error, please visit: http://seleniumhq.org/exceptions/no_such_element.html
Build info: version: '2.33.0', revision: '4e90c97', time: '2013-05-22 15:32:38'
System info: os.name: 'Windows 7', os.arch: 'amd64', os.version: '6.1', java.version: '1.7.0_21'
Session ID: b18f707f-31a4-4817-99bc-3af798503620
Driver info: org.openqa.selenium.firefox.FirefoxDriver
Capabilities [{platform=XP, databaseEnabled=true, cssSelectorsEnabled=true, javascriptEnabled=true, acceptSslCerts=true, handlesAlerts=true, browserName=firefox, browserConnectionEnabled=true, nativeEvents=true, webStorageEnabled=true, rotatable=false, locationContextEnabled=true, applicationCacheEnabled=true, takesScreenshot=true, version=20.0.1}]
C:\Users\maximgu\Documents\Visual Studio 2012\Projects\eToroAutoStudio\UnitTestExecutionManager\bin\Release\Logs\08_05_2013_14_14_25245.png,2,0,0,9
([FAILED]) 2013-08-05 14:14:25,451 ERROR- 0,5,187,222,0,OB_Stocks_ChartChecking Test Failed  with data row : 4,2,0,0,9
([DONE]) 2013-08-05 14:14:25,476 INFO - 0,5,187,222,0,OB_Stocks_ChartChecking Test Started  with data row : 5,3,0,0,9
((null)) 2013-08-05 14:15:21,472 ERROR- Unable to locate element: {"method":"css selector","selector":".data-picker.dropdown.timeframes-picker .chzn-container.chzn-container-single"}
Command duration or timeout: 55.16 seconds
For documentation on this error, please visit: http://seleniumhq.org/exceptions/no_such_element.html
Build info: version: '2.33.0', revision: '4e90c97', time: '2013-05-22 15:32:38'
System info: os.name: 'Windows 7', os.arch: 'amd64', os.version: '6.1', java.version: '1.7.0_21'
Session ID: b18f707f-31a4-4817-99bc-3af798503620
Driver info: org.openqa.selenium.firefox.FirefoxDriver
Capabilities [{platform=XP, databaseEnabled=true, cssSelectorsEnabled=true, javascriptEnabled=true, acceptSslCerts=true, handlesAlerts=true, browserName=firefox, browserConnectionEnabled=true, nativeEvents=true, webStorageEnabled=true, rotatable=false, locationContextEnabled=true, applicationCacheEnabled=true, takesScreenshot=true, version=20.0.1}]
OpenQA.Selenium.NoSuchElementException: Unable to locate element: {"method":"css selector","selector":".data-picker.dropdown.timeframes-picker .chzn-container.chzn-container-single"}
Command duration or timeout: 55.16 seconds
For documentation on this error, please visit: http://seleniumhq.org/exceptions/no_such_element.html
Build info: version: '2.33.0', revision: '4e90c97', time: '2013-05-22 15:32:38'
System info: os.name: 'Windows 7', os.arch: 'amd64', os.version: '6.1', java.version: '1.7.0_21'
Session ID: b18f707f-31a4-4817-99bc-3af798503620
Driver info: org.openqa.selenium.firefox.FirefoxDriver
Capabilities [{platform=XP, databaseEnabled=true, cssSelectorsEnabled=true, javascriptEnabled=true, acceptSslCerts=true, handlesAlerts=true, browserName=firefox, browserConnectionEnabled=true, nativeEvents=true, webStorageEnabled=true, rotatable=false, locationContextEnabled=true, applicationCacheEnabled=true, takesScreenshot=true, version=20.0.1}]
   at OpenQA.Selenium.Remote.RemoteWebDriver.UnpackAndThrowOnError(Response errorResponse)
   at OpenQA.Selenium.Remote.RemoteWebDriver.Execute(String driverCommandToExecute, Dictionary`2 parameters)
   at OpenQA.Selenium.Remote.RemoteWebDriver.FindElement(String mechanism, String value)
   at OpenQA.Selenium.By.FindElement(ISearchContext context)
   at WPFeToroAutoStudio.Selenium.Waituntilfindelement(By webelement, Int32 waitElementDisplayedTime, IWebDriver driver) in c:\Users\maximgu\Documents\Visual Studio 2012\Projects\eToroAutoStudio\WPFeToroAutoStudio\Selenium.cs:line 276
   at WPFeToroAutoStudio.Selenium.WaituntilelementDisplayed(By webelement, Int32 waitElementDisplayedTime, IWebDriver driver, Boolean isRefresh) in c:\Users\maximgu\Documents\Visual Studio 2012\Projects\eToroAutoStudio\WPFeToroAutoStudio\Selenium.cs:line 308
   at WPFeToroAutoStudio.Selenium.ExecuteOneStep(DataRow dr, String inputDataColumn, String inputTableValue, IWebDriver driver) in c:\Users\maximgu\Documents\Visual Studio 2012\Projects\eToroAutoStudio\WPFeToroAutoStudio\Selenium.cs:line 486
([FAILED]) 2013-08-05 14:15:21,473 ERROR- 16: TestStep : .data-picker.dropdown.timeframes-picker .chzn-container.chzn-container-single
([FAILED]) 2013-08-05 14:15:22,299 ERROR- 0,5,187,222,251,Step Failed: waituntil_DispayedElement(Expanded-1min) => OB_StatsTab_TimePeriod with data input: in row : 5
Unable to locate element: {"method":"css selector","selector":".data-picker.dropdown.timeframes-picker .chzn-container.chzn-container-single"}
Command duration or timeout: 55.16 seconds
For documentation on this error, please visit: http://seleniumhq.org/exceptions/no_such_element.html
Build info: version: '2.33.0', revision: '4e90c97', time: '2013-05-22 15:32:38'
System info: os.name: 'Windows 7', os.arch: 'amd64', os.version: '6.1', java.version: '1.7.0_21'
Session ID: b18f707f-31a4-4817-99bc-3af798503620
Driver info: org.openqa.selenium.firefox.FirefoxDriver
Capabilities [{platform=XP, databaseEnabled=true, cssSelectorsEnabled=true, javascriptEnabled=true, acceptSslCerts=true, handlesAlerts=true, browserName=firefox, browserConnectionEnabled=true, nativeEvents=true, webStorageEnabled=true, rotatable=false, locationContextEnabled=true, applicationCacheEnabled=true, takesScreenshot=true, version=20.0.1}]
C:\Users\maximgu\Documents\Visual Studio 2012\Projects\eToroAutoStudio\UnitTestExecutionManager\bin\Release\Logs\08_05_2013_14_15_22139.png,2,0,0,9
([FAILED]) 2013-08-05 14:15:22,335 ERROR- 0,5,187,222,0,OB_Stocks_ChartChecking Test Failed  with data row : 5,2,0,0,9
([DONE]) 2013-08-05 14:15:22,363 INFO - 0,5,187,223,0,Copy Of_OB_Buy_All_Stocks_All_Amount Test Started  with data row : 5,3,0,0,9
([DONE]) 2013-08-05 14:15:29,183 INFO - navigated to http://192.168.13.203
([PASSED]) 2013-08-05 14:15:29,184 INFO - 3: TestStep : 
([PASSED]) 2013-08-05 14:15:29,204 INFO - 0,5,187,223,0,Step Passed: navigateToURL =>  with data input: http://!TestEnvin row : 5,1,0,0,9
([INFO]) 2013-08-05 14:15:30,057 INFO - By.LinkText: Markets waited to find  
([INFO]) 2013-08-05 14:15:30,775 INFO - By.LinkText: Markets waited to display    
([PASSED]) 2013-08-05 14:15:30,775 INFO - 11: TestStep : Markets
([PASSED]) 2013-08-05 14:15:30,786 INFO - 0,5,187,223,30,Step Passed: waitUntill_DispayedElement => OB_Markets with data input: in row : 5,1,0,0,9
([DONE]) 2013-08-05 14:15:32,131 INFO - By.LinkText: Markets clicked
([PASSED]) 2013-08-05 14:15:32,131 INFO - 1: TestStep : Markets
([PASSED]) 2013-08-05 14:15:32,144 INFO - 0,5,187,223,30,Step Passed: click => OB_Markets with data input: in row : 5,1,0,0,9
((null)) 2013-08-05 14:16:27,829 ERROR- Unable to locate element: {"method":"css selector","selector":".w-dual-pane-view-all"}
Command duration or timeout: 55.09 seconds
For documentation on this error, please visit: http://seleniumhq.org/exceptions/no_such_element.html
Build info: version: '2.33.0', revision: '4e90c97', time: '2013-05-22 15:32:38'
System info: os.name: 'Windows 7', os.arch: 'amd64', os.version: '6.1', java.version: '1.7.0_21'
Session ID: b18f707f-31a4-4817-99bc-3af798503620
Driver info: org.openqa.selenium.firefox.FirefoxDriver
Capabilities [{platform=XP, databaseEnabled=true, cssSelectorsEnabled=true, javascriptEnabled=true, acceptSslCerts=true, handlesAlerts=true, browserName=firefox, browserConnectionEnabled=true, nativeEvents=true, webStorageEnabled=true, rotatable=false, locationContextEnabled=true, applicationCacheEnabled=true, takesScreenshot=true, version=20.0.1}]
OpenQA.Selenium.NoSuchElementException: Unable to locate element: {"method":"css selector","selector":".w-dual-pane-view-all"}
Command duration or timeout: 55.09 seconds
For documentation on this error, please visit: http://seleniumhq.org/exceptions/no_such_element.html
Build info: version: '2.33.0', revision: '4e90c97', time: '2013-05-22 15:32:38'
System info: os.name: 'Windows 7', os.arch: 'amd64', os.version: '6.1', java.version: '1.7.0_21'
Session ID: b18f707f-31a4-4817-99bc-3af798503620
Driver info: org.openqa.selenium.firefox.FirefoxDriver
Capabilities [{platform=XP, databaseEnabled=true, cssSelectorsEnabled=true, javascriptEnabled=true, acceptSslCerts=true, handlesAlerts=true, browserName=firefox, browserConnectionEnabled=true, nativeEvents=true, webStorageEnabled=true, rotatable=false, locationContextEnabled=true, applicationCacheEnabled=true, takesScreenshot=true, version=20.0.1}]
   at OpenQA.Selenium.Remote.RemoteWebDriver.UnpackAndThrowOnError(Response errorResponse)
   at OpenQA.Selenium.Remote.RemoteWebDriver.Execute(String driverCommandToExecute, Dictionary`2 parameters)
   at OpenQA.Selenium.Remote.RemoteWebDriver.FindElement(String mechanism, String value)
   at OpenQA.Selenium.By.FindElement(ISearchContext context)
   at WPFeToroAutoStudio.Selenium.Waituntilfindelement(By webelement, Int32 waitElementDisplayedTime, IWebDriver driver) in c:\Users\maximgu\Documents\Visual Studio 2012\Projects\eToroAutoStudio\WPFeToroAutoStudio\Selenium.cs:line 276
   at WPFeToroAutoStudio.Selenium.WaituntilelementDisplayed(By webelement, Int32 waitElementDisplayedTime, IWebDriver driver, Boolean isRefresh) in c:\Users\maximgu\Documents\Visual Studio 2012\Projects\eToroAutoStudio\WPFeToroAutoStudio\Selenium.cs:line 308
   at WPFeToroAutoStudio.Selenium.ExecuteOneStep(DataRow dr, String inputDataColumn, String inputTableValue, IWebDriver driver) in c:\Users\maximgu\Documents\Visual Studio 2012\Projects\eToroAutoStudio\WPFeToroAutoStudio\Selenium.cs:line 440
([FAILED]) 2013-08-05 14:16:27,830 ERROR- 11: TestStep : .w-dual-pane-view-all
([FAILED]) 2013-08-05 14:16:28,278 ERROR- 0,5,187,223,86,Step Failed: waitUntill_DispayedElement => OB_Markets_ViewAll with data input: in row : 5
Unable to locate element: {"method":"css selector","selector":".w-dual-pane-view-all"}
Command duration or timeout: 55.09 seconds
For documentation on this error, please visit: http://seleniumhq.org/exceptions/no_such_element.html
Build info: version: '2.33.0', revision: '4e90c97', time: '2013-05-22 15:32:38'
System info: os.name: 'Windows 7', os.arch: 'amd64', os.version: '6.1', java.version: '1.7.0_21'
Session ID: b18f707f-31a4-4817-99bc-3af798503620
Driver info: org.openqa.selenium.firefox.FirefoxDriver
Capabilities [{platform=XP, databaseEnabled=true, cssSelectorsEnabled=true, javascriptEnabled=true, acceptSslCerts=true, handlesAlerts=true, browserName=firefox, browserConnectionEnabled=true, nativeEvents=true, webStorageEnabled=true, rotatable=false, locationContextEnabled=true, applicationCacheEnabled=true, takesScreenshot=true, version=20.0.1}]
C:\Users\maximgu\Documents\Visual Studio 2012\Projects\eToroAutoStudio\UnitTestExecutionManager\bin\Release\Logs\08_05_2013_14_16_28132.png,2,0,0,9
([FAILED]) 2013-08-05 14:16:28,305 ERROR- 0,5,187,223,0,Copy Of_OB_Buy_All_Stocks_All_Amount Test Failed  with data row : 5,2,0,0,9
([DONE]) 2013-08-05 14:16:28,318 INFO - 0,5,187,222,0,OB_Stocks_ChartChecking Test Started  with data row : 1-5,3,0,0,9
([DONE]) 2013-08-05 14:16:28,335 INFO - 0,5,187,222,0,OB_Stocks_ChartChecking Test Started  with data row : 1,3,0,0,9
((null)) 2013-08-05 14:17:24,234 ERROR- Unable to locate element: {"method":"css selector","selector":".data-picker.dropdown.timeframes-picker .chzn-container.chzn-container-single"}
Command duration or timeout: 55.09 seconds
For documentation on this error, please visit: http://seleniumhq.org/exceptions/no_such_element.html
Build info: version: '2.33.0', revision: '4e90c97', time: '2013-05-22 15:32:38'
System info: os.name: 'Windows 7', os.arch: 'amd64', os.version: '6.1', java.version: '1.7.0_21'
Session ID: b18f707f-31a4-4817-99bc-3af798503620
Driver info: org.openqa.selenium.firefox.FirefoxDriver
Capabilities [{platform=XP, databaseEnabled=true, cssSelectorsEnabled=true, javascriptEnabled=true, acceptSslCerts=true, handlesAlerts=true, browserName=firefox, browserConnectionEnabled=true, nativeEvents=true, webStorageEnabled=true, rotatable=false, locationContextEnabled=true, applicationCacheEnabled=true, takesScreenshot=true, version=20.0.1}]
OpenQA.Selenium.NoSuchElementException: Unable to locate element: {"method":"css selector","selector":".data-picker.dropdown.timeframes-picker .chzn-container.chzn-container-single"}
Command duration or timeout: 55.09 seconds
For documentation on this error, please visit: http://seleniumhq.org/exceptions/no_such_element.html
Build info: version: '2.33.0', revision: '4e90c97', time: '2013-05-22 15:32:38'
System info: os.name: 'Windows 7', os.arch: 'amd64', os.version: '6.1', java.version: '1.7.0_21'
Session ID: b18f707f-31a4-4817-99bc-3af798503620
Driver info: org.openqa.selenium.firefox.FirefoxDriver
Capabilities [{platform=XP, databaseEnabled=true, cssSelectorsEnabled=true, javascriptEnabled=true, acceptSslCerts=true, handlesAlerts=true, browserName=firefox, browserConnectionEnabled=true, nativeEvents=true, webStorageEnabled=true, rotatable=false, locationContextEnabled=true, applicationCacheEnabled=true, takesScreenshot=true, version=20.0.1}]
   at OpenQA.Selenium.Remote.RemoteWebDriver.UnpackAndThrowOnError(Response errorResponse)
   at OpenQA.Selenium.Remote.RemoteWebDriver.Execute(String driverCommandToExecute, Dictionary`2 parameters)
   at OpenQA.Selenium.Remote.RemoteWebDriver.FindElement(String mechanism, String value)
   at OpenQA.Selenium.By.FindElement(ISearchContext context)
   at WPFeToroAutoStudio.Selenium.Waituntilfindelement(By webelement, Int32 waitElementDisplayedTime, IWebDriver driver) in c:\Users\maximgu\Documents\Visual Studio 2012\Projects\eToroAutoStudio\WPFeToroAutoStudio\Selenium.cs:line 276
   at WPFeToroAutoStudio.Selenium.WaituntilelementDisplayed(By webelement, Int32 waitElementDisplayedTime, IWebDriver driver, Boolean isRefresh) in c:\Users\maximgu\Documents\Visual Studio 2012\Projects\eToroAutoStudio\WPFeToroAutoStudio\Selenium.cs:line 308
   at WPFeToroAutoStudio.Selenium.ExecuteOneStep(DataRow dr, String inputDataColumn, String inputTableValue, IWebDriver driver) in c:\Users\maximgu\Documents\Visual Studio 2012\Projects\eToroAutoStudio\WPFeToroAutoStudio\Selenium.cs:line 486
([FAILED]) 2013-08-05 14:17:24,235 ERROR- 16: TestStep : .data-picker.dropdown.timeframes-picker .chzn-container.chzn-container-single
([FAILED]) 2013-08-05 14:17:24,938 ERROR- 0,5,187,222,251,Step Failed: waituntil_DispayedElement(Expanded-1min) => OB_StatsTab_TimePeriod with data input: in row : 1
Unable to locate element: {"method":"css selector","selector":".data-picker.dropdown.timeframes-picker .chzn-container.chzn-container-single"}
Command duration or timeout: 55.09 seconds
For documentation on this error, please visit: http://seleniumhq.org/exceptions/no_such_element.html
Build info: version: '2.33.0', revision: '4e90c97', time: '2013-05-22 15:32:38'
System info: os.name: 'Windows 7', os.arch: 'amd64', os.version: '6.1', java.version: '1.7.0_21'
Session ID: b18f707f-31a4-4817-99bc-3af798503620
Driver info: org.openqa.selenium.firefox.FirefoxDriver
Capabilities [{platform=XP, databaseEnabled=true, cssSelectorsEnabled=true, javascriptEnabled=true, acceptSslCerts=true, handlesAlerts=true, browserName=firefox, browserConnectionEnabled=true, nativeEvents=true, webStorageEnabled=true, rotatable=false, locationContextEnabled=true, applicationCacheEnabled=true, takesScreenshot=true, version=20.0.1}]
C:\Users\maximgu\Documents\Visual Studio 2012\Projects\eToroAutoStudio\UnitTestExecutionManager\bin\Release\Logs\08_05_2013_14_17_24776.png,2,0,0,9
([FAILED]) 2013-08-05 14:17:24,952 ERROR- 0,5,187,222,0,OB_Stocks_ChartChecking Test Failed  with data row : 1,2,0,0,9
([DONE]) 2013-08-05 14:17:24,962 INFO - 0,5,187,222,0,OB_Stocks_ChartChecking Test Started  with data row : 2,3,0,0,9
((null)) 2013-08-05 14:18:20,865 ERROR- Unable to locate element: {"method":"css selector","selector":".data-picker.dropdown.timeframes-picker .chzn-container.chzn-container-single"}
Command duration or timeout: 55.10 seconds
For documentation on this error, please visit: http://seleniumhq.org/exceptions/no_such_element.html
Build info: version: '2.33.0', revision: '4e90c97', time: '2013-05-22 15:32:38'
System info: os.name: 'Windows 7', os.arch: 'amd64', os.version: '6.1', java.version: '1.7.0_21'
Session ID: b18f707f-31a4-4817-99bc-3af798503620
Driver info: org.openqa.selenium.firefox.FirefoxDriver
Capabilities [{platform=XP, databaseEnabled=true, cssSelectorsEnabled=true, javascriptEnabled=true, acceptSslCerts=true, handlesAlerts=true, browserName=firefox, browserConnectionEnabled=true, nativeEvents=true, webStorageEnabled=true, rotatable=false, locationContextEnabled=true, applicationCacheEnabled=true, takesScreenshot=true, version=20.0.1}]
OpenQA.Selenium.NoSuchElementException: Unable to locate element: {"method":"css selector","selector":".data-picker.dropdown.timeframes-picker .chzn-container.chzn-container-single"}
Command duration or timeout: 55.10 seconds
For documentation on this error, please visit: http://seleniumhq.org/exceptions/no_such_element.html
Build info: version: '2.33.0', revision: '4e90c97', time: '2013-05-22 15:32:38'
System info: os.name: 'Windows 7', os.arch: 'amd64', os.version: '6.1', java.version: '1.7.0_21'
Session ID: b18f707f-31a4-4817-99bc-3af798503620
Driver info: org.openqa.selenium.firefox.FirefoxDriver
Capabilities [{platform=XP, databaseEnabled=true, cssSelectorsEnabled=true, javascriptEnabled=true, acceptSslCerts=true, handlesAlerts=true, browserName=firefox, browserConnectionEnabled=true, nativeEvents=true, webStorageEnabled=true, rotatable=false, locationContextEnabled=true, applicationCacheEnabled=true, takesScreenshot=true, version=20.0.1}]
   at OpenQA.Selenium.Remote.RemoteWebDriver.UnpackAndThrowOnError(Response errorResponse)
   at OpenQA.Selenium.Remote.RemoteWebDriver.Execute(String driverCommandToExecute, Dictionary`2 parameters)
   at OpenQA.Selenium.Remote.RemoteWebDriver.FindElement(String mechanism, String value)
   at OpenQA.Selenium.By.FindElement(ISearchContext context)
   at WPFeToroAutoStudio.Selenium.Waituntilfindelement(By webelement, Int32 waitElementDisplayedTime, IWebDriver driver) in c:\Users\maximgu\Documents\Visual Studio 2012\Projects\eToroAutoStudio\WPFeToroAutoStudio\Selenium.cs:line 276
   at WPFeToroAutoStudio.Selenium.WaituntilelementDisplayed(By webelement, Int32 waitElementDisplayedTime, IWebDriver driver, Boolean isRefresh) in c:\Users\maximgu\Documents\Visual Studio 2012\Projects\eToroAutoStudio\WPFeToroAutoStudio\Selenium.cs:line 308
   at WPFeToroAutoStudio.Selenium.ExecuteOneStep(DataRow dr, String inputDataColumn, String inputTableValue, IWebDriver driver) in c:\Users\maximgu\Documents\Visual Studio 2012\Projects\eToroAutoStudio\WPFeToroAutoStudio\Selenium.cs:line 486
([FAILED]) 2013-08-05 14:18:20,866 ERROR- 16: TestStep : .data-picker.dropdown.timeframes-picker .chzn-container.chzn-container-single
([FAILED]) 2013-08-05 14:18:21,685 ERROR- 0,5,187,222,251,Step Failed: waituntil_DispayedElement(Expanded-1min) => OB_StatsTab_TimePeriod with data input: in row : 2
Unable to locate element: {"method":"css selector","selector":".data-picker.dropdown.timeframes-picker .chzn-container.chzn-container-single"}
Command duration or timeout: 55.10 seconds
For documentation on this error, please visit: http://seleniumhq.org/exceptions/no_such_element.html
Build info: version: '2.33.0', revision: '4e90c97', time: '2013-05-22 15:32:38'
System info: os.name: 'Windows 7', os.arch: 'amd64', os.version: '6.1', java.version: '1.7.0_21'
Session ID: b18f707f-31a4-4817-99bc-3af798503620
Driver info: org.openqa.selenium.firefox.FirefoxDriver
Capabilities [{platform=XP, databaseEnabled=true, cssSelectorsEnabled=true, javascriptEnabled=true, acceptSslCerts=true, handlesAlerts=true, browserName=firefox, browserConnectionEnabled=true, nativeEvents=true, webStorageEnabled=true, rotatable=false, locationContextEnabled=true, applicationCacheEnabled=true, takesScreenshot=true, version=20.0.1}]
C:\Users\maximgu\Documents\Visual Studio 2012\Projects\eToroAutoStudio\UnitTestExecutionManager\bin\Release\Logs\08_05_2013_14_18_21534.png,2,0,0,9
([FAILED]) 2013-08-05 14:18:21,700 ERROR- 0,5,187,222,0,OB_Stocks_ChartChecking Test Failed  with data row : 2,2,0,0,9
([DONE]) 2013-08-05 14:18:21,711 INFO - 0,5,187,222,0,OB_Stocks_ChartChecking Test Started  with data row : 3,3,0,0,9
((null)) 2013-08-05 14:19:17,767 ERROR- Unable to locate element: {"method":"css selector","selector":".data-picker.dropdown.timeframes-picker .chzn-container.chzn-container-single"}
Command duration or timeout: 55.16 seconds
For documentation on this error, please visit: http://seleniumhq.org/exceptions/no_such_element.html
Build info: version: '2.33.0', revision: '4e90c97', time: '2013-05-22 15:32:38'
System info: os.name: 'Windows 7', os.arch: 'amd64', os.version: '6.1', java.version: '1.7.0_21'
Session ID: b18f707f-31a4-4817-99bc-3af798503620
Driver info: org.openqa.selenium.firefox.FirefoxDriver
Capabilities [{platform=XP, databaseEnabled=true, cssSelectorsEnabled=true, javascriptEnabled=true, acceptSslCerts=true, handlesAlerts=true, browserName=firefox, browserConnectionEnabled=true, nativeEvents=true, webStorageEnabled=true, rotatable=false, locationContextEnabled=true, applicationCacheEnabled=true, takesScreenshot=true, version=20.0.1}]
OpenQA.Selenium.NoSuchElementException: Unable to locate element: {"method":"css selector","selector":".data-picker.dropdown.timeframes-picker .chzn-container.chzn-container-single"}
Command duration or timeout: 55.16 seconds
For documentation on this error, please visit: http://seleniumhq.org/exceptions/no_such_element.html
Build info: version: '2.33.0', revision: '4e90c97', time: '2013-05-22 15:32:38'
System info: os.name: 'Windows 7', os.arch: 'amd64', os.version: '6.1', java.version: '1.7.0_21'
Session ID: b18f707f-31a4-4817-99bc-3af798503620
Driver info: org.openqa.selenium.firefox.FirefoxDriver
Capabilities [{platform=XP, databaseEnabled=true, cssSelectorsEnabled=true, javascriptEnabled=true, acceptSslCerts=true, handlesAlerts=true, browserName=firefox, browserConnectionEnabled=true, nativeEvents=true, webStorageEnabled=true, rotatable=false, locationContextEnabled=true, applicationCacheEnabled=true, takesScreenshot=true, version=20.0.1}]
   at OpenQA.Selenium.Remote.RemoteWebDriver.UnpackAndThrowOnError(Response errorResponse)
   at OpenQA.Selenium.Remote.RemoteWebDriver.Execute(String driverCommandToExecute, Dictionary`2 parameters)
   at OpenQA.Selenium.Remote.RemoteWebDriver.FindElement(String mechanism, String value)
   at OpenQA.Selenium.By.FindElement(ISearchContext context)
   at WPFeToroAutoStudio.Selenium.Waituntilfindelement(By webelement, Int32 waitElementDisplayedTime, IWebDriver driver) in c:\Users\maximgu\Documents\Visual Studio 2012\Projects\eToroAutoStudio\WPFeToroAutoStudio\Selenium.cs:line 276
   at WPFeToroAutoStudio.Selenium.WaituntilelementDisplayed(By webelement, Int32 waitElementDisplayedTime, IWebDriver driver, Boolean isRefresh) in c:\Users\maximgu\Documents\Visual Studio 2012\Projects\eToroAutoStudio\WPFeToroAutoStudio\Selenium.cs:line 308
   at WPFeToroAutoStudio.Selenium.ExecuteOneStep(DataRow dr, String inputDataColumn, String inputTableValue, IWebDriver driver) in c:\Users\maximgu\Documents\Visual Studio 2012\Projects\eToroAutoStudio\WPFeToroAutoStudio\Selenium.cs:line 486
([FAILED]) 2013-08-05 14:19:17,768 ERROR- 16: TestStep : .data-picker.dropdown.timeframes-picker .chzn-container.chzn-container-single
([FAILED]) 2013-08-05 14:19:18,695 ERROR- 0,5,187,222,251,Step Failed: waituntil_DispayedElement(Expanded-1min) => OB_StatsTab_TimePeriod with data input: in row : 3
Unable to locate element: {"method":"css selector","selector":".data-picker.dropdown.timeframes-picker .chzn-container.chzn-container-single"}
Command duration or timeout: 55.16 seconds
For documentation on this error, please visit: http://seleniumhq.org/exceptions/no_such_element.html
Build info: version: '2.33.0', revision: '4e90c97', time: '2013-05-22 15:32:38'
System info: os.name: 'Windows 7', os.arch: 'amd64', os.version: '6.1', java.version: '1.7.0_21'
Session ID: b18f707f-31a4-4817-99bc-3af798503620
Driver info: org.openqa.selenium.firefox.FirefoxDriver
Capabilities [{platform=XP, databaseEnabled=true, cssSelectorsEnabled=true, javascriptEnabled=true, acceptSslCerts=true, handlesAlerts=true, browserName=firefox, browserConnectionEnabled=true, nativeEvents=true, webStorageEnabled=true, rotatable=false, locationContextEnabled=true, applicationCacheEnabled=true, takesScreenshot=true, version=20.0.1}]
C:\Users\maximgu\Documents\Visual Studio 2012\Projects\eToroAutoStudio\UnitTestExecutionManager\bin\Release\Logs\08_05_2013_14_19_18515.png,2,0,0,9
([FAILED]) 2013-08-05 14:19:18,717 ERROR- 0,5,187,222,0,OB_Stocks_ChartChecking Test Failed  with data row : 3,2,0,0,9
([DONE]) 2013-08-05 14:19:18,727 INFO - 0,5,187,222,0,OB_Stocks_ChartChecking Test Started  with data row : 4,3,0,0,9
((null)) 2013-08-05 14:20:14,651 ERROR- Unable to locate element: {"method":"css selector","selector":".data-picker.dropdown.timeframes-picker .chzn-container.chzn-container-single"}
Command duration or timeout: 55.10 seconds
For documentation on this error, please visit: http://seleniumhq.org/exceptions/no_such_element.html
Build info: version: '2.33.0', revision: '4e90c97', time: '2013-05-22 15:32:38'
System info: os.name: 'Windows 7', os.arch: 'amd64', os.version: '6.1', java.version: '1.7.0_21'
Session ID: b18f707f-31a4-4817-99bc-3af798503620
Driver info: org.openqa.selenium.firefox.FirefoxDriver
Capabilities [{platform=XP, databaseEnabled=true, cssSelectorsEnabled=true, javascriptEnabled=true, acceptSslCerts=true, handlesAlerts=true, browserName=firefox, browserConnectionEnabled=true, nativeEvents=true, webStorageEnabled=true, rotatable=false, locationContextEnabled=true, applicationCacheEnabled=true, takesScreenshot=true, version=20.0.1}]
OpenQA.Selenium.NoSuchElementException: Unable to locate element: {"method":"css selector","selector":".data-picker.dropdown.timeframes-picker .chzn-container.chzn-container-single"}
Command duration or timeout: 55.10 seconds
For documentation on this error, please visit: http://seleniumhq.org/exceptions/no_such_element.html
Build info: version: '2.33.0', revision: '4e90c97', time: '2013-05-22 15:32:38'
System info: os.name: 'Windows 7', os.arch: 'amd64', os.version: '6.1', java.version: '1.7.0_21'
Session ID: b18f707f-31a4-4817-99bc-3af798503620
Driver info: org.openqa.selenium.firefox.FirefoxDriver
Capabilities [{platform=XP, databaseEnabled=true, cssSelectorsEnabled=true, javascriptEnabled=true, acceptSslCerts=true, handlesAlerts=true, browserName=firefox, browserConnectionEnabled=true, nativeEvents=true, webStorageEnabled=true, rotatable=false, locationContextEnabled=true, applicationCacheEnabled=true, takesScreenshot=true, version=20.0.1}]
   at OpenQA.Selenium.Remote.RemoteWebDriver.UnpackAndThrowOnError(Response errorResponse)
   at OpenQA.Selenium.Remote.RemoteWebDriver.Execute(String driverCommandToExecute, Dictionary`2 parameters)
   at OpenQA.Selenium.Remote.RemoteWebDriver.FindElement(String mechanism, String value)
   at OpenQA.Selenium.By.FindElement(ISearchContext context)
   at WPFeToroAutoStudio.Selenium.Waituntilfindelement(By webelement, Int32 waitElementDisplayedTime, IWebDriver driver) in c:\Users\maximgu\Documents\Visual Studio 2012\Projects\eToroAutoStudio\WPFeToroAutoStudio\Selenium.cs:line 276
   at WPFeToroAutoStudio.Selenium.WaituntilelementDisplayed(By webelement, Int32 waitElementDisplayedTime, IWebDriver driver, Boolean isRefresh) in c:\Users\maximgu\Documents\Visual Studio 2012\Projects\eToroAutoStudio\WPFeToroAutoStudio\Selenium.cs:line 308
   at WPFeToroAutoStudio.Selenium.ExecuteOneStep(DataRow dr, String inputDataColumn, String inputTableValue, IWebDriver driver) in c:\Users\maximgu\Documents\Visual Studio 2012\Projects\eToroAutoStudio\WPFeToroAutoStudio\Selenium.cs:line 486
([FAILED]) 2013-08-05 14:20:14,652 ERROR- 16: TestStep : .data-picker.dropdown.timeframes-picker .chzn-container.chzn-container-single
([FAILED]) 2013-08-05 14:20:15,482 ERROR- 0,5,187,222,251,Step Failed: waituntil_DispayedElement(Expanded-1min) => OB_StatsTab_TimePeriod with data input: in row : 4
Unable to locate element: {"method":"css selector","selector":".data-picker.dropdown.timeframes-picker .chzn-container.chzn-container-single"}
Command duration or timeout: 55.10 seconds
For documentation on this error, please visit: http://seleniumhq.org/exceptions/no_such_element.html
Build info: version: '2.33.0', revision: '4e90c97', time: '2013-05-22 15:32:38'
System info: os.name: 'Windows 7', os.arch: 'amd64', os.version: '6.1', java.version: '1.7.0_21'
Session ID: b18f707f-31a4-4817-99bc-3af798503620
Driver info: org.openqa.selenium.firefox.FirefoxDriver
Capabilities [{platform=XP, databaseEnabled=true, cssSelectorsEnabled=true, javascriptEnabled=true, acceptSslCerts=true, handlesAlerts=true, browserName=firefox, browserConnectionEnabled=true, nativeEvents=true, webStorageEnabled=true, rotatable=false, locationContextEnabled=true, applicationCacheEnabled=true, takesScreenshot=true, version=20.0.1}]
C:\Users\maximgu\Documents\Visual Studio 2012\Projects\eToroAutoStudio\UnitTestExecutionManager\bin\Release\Logs\08_05_2013_14_20_15334.png,2,0,0,9
([FAILED]) 2013-08-05 14:20:15,502 ERROR- 0,5,187,222,0,OB_Stocks_ChartChecking Test Failed  with data row : 4,2,0,0,9
([DONE]) 2013-08-05 14:20:15,512 INFO - 0,5,187,222,0,OB_Stocks_ChartChecking Test Started  with data row : 5,3,0,0,9
((null)) 2013-08-05 14:21:11,401 ERROR- Unable to locate element: {"method":"css selector","selector":".data-picker.dropdown.timeframes-picker .chzn-container.chzn-container-single"}
Command duration or timeout: 55.10 seconds
For documentation on this error, please visit: http://seleniumhq.org/exceptions/no_such_element.html
Build info: version: '2.33.0', revision: '4e90c97', time: '2013-05-22 15:32:38'
System info: os.name: 'Windows 7', os.arch: 'amd64', os.version: '6.1', java.version: '1.7.0_21'
Session ID: b18f707f-31a4-4817-99bc-3af798503620
Driver info: org.openqa.selenium.firefox.FirefoxDriver
Capabilities [{platform=XP, databaseEnabled=true, cssSelectorsEnabled=true, javascriptEnabled=true, acceptSslCerts=true, handlesAlerts=true, browserName=firefox, browserConnectionEnabled=true, nativeEvents=true, webStorageEnabled=true, rotatable=false, locationContextEnabled=true, applicationCacheEnabled=true, takesScreenshot=true, version=20.0.1}]
OpenQA.Selenium.NoSuchElementException: Unable to locate element: {"method":"css selector","selector":".data-picker.dropdown.timeframes-picker .chzn-container.chzn-container-single"}
Command duration or timeout: 55.10 seconds
For documentation on this error, please visit: http://seleniumhq.org/exceptions/no_such_element.html
Build info: version: '2.33.0', revision: '4e90c97', time: '2013-05-22 15:32:38'
System info: os.name: 'Windows 7', os.arch: 'amd64', os.version: '6.1', java.version: '1.7.0_21'
Session ID: b18f707f-31a4-4817-99bc-3af798503620
Driver info: org.openqa.selenium.firefox.FirefoxDriver
Capabilities [{platform=XP, databaseEnabled=true, cssSelectorsEnabled=true, javascriptEnabled=true, acceptSslCerts=true, handlesAlerts=true, browserName=firefox, browserConnectionEnabled=true, nativeEvents=true, webStorageEnabled=true, rotatable=false, locationContextEnabled=true, applicationCacheEnabled=true, takesScreenshot=true, version=20.0.1}]
   at OpenQA.Selenium.Remote.RemoteWebDriver.UnpackAndThrowOnError(Response errorResponse)
   at OpenQA.Selenium.Remote.RemoteWebDriver.Execute(String driverCommandToExecute, Dictionary`2 parameters)
   at OpenQA.Selenium.Remote.RemoteWebDriver.FindElement(String mechanism, String value)
   at OpenQA.Selenium.By.FindElement(ISearchContext context)
   at WPFeToroAutoStudio.Selenium.Waituntilfindelement(By webelement, Int32 waitElementDisplayedTime, IWebDriver driver) in c:\Users\maximgu\Documents\Visual Studio 2012\Projects\eToroAutoStudio\WPFeToroAutoStudio\Selenium.cs:line 276
   at WPFeToroAutoStudio.Selenium.WaituntilelementDisplayed(By webelement, Int32 waitElementDisplayedTime, IWebDriver driver, Boolean isRefresh) in c:\Users\maximgu\Documents\Visual Studio 2012\Projects\eToroAutoStudio\WPFeToroAutoStudio\Selenium.cs:line 308
   at WPFeToroAutoStudio.Selenium.ExecuteOneStep(DataRow dr, String inputDataColumn, String inputTableValue, IWebDriver driver) in c:\Users\maximgu\Documents\Visual Studio 2012\Projects\eToroAutoStudio\WPFeToroAutoStudio\Selenium.cs:line 486
([FAILED]) 2013-08-05 14:21:11,401 ERROR- 16: TestStep : .data-picker.dropdown.timeframes-picker .chzn-container.chzn-container-single
([FAILED]) 2013-08-05 14:21:12,143 ERROR- 0,5,187,222,251,Step Failed: waituntil_DispayedElement(Expanded-1min) => OB_StatsTab_TimePeriod with data input: in row : 5
Unable to locate element: {"method":"css selector","selector":".data-picker.dropdown.timeframes-picker .chzn-container.chzn-container-single"}
Command duration or timeout: 55.10 seconds
For documentation on this error, please visit: http://seleniumhq.org/exceptions/no_such_element.html
Build info: version: '2.33.0', revision: '4e90c97', time: '2013-05-22 15:32:38'
System info: os.name: 'Windows 7', os.arch: 'amd64', os.version: '6.1', java.version: '1.7.0_21'
Session ID: b18f707f-31a4-4817-99bc-3af798503620
Driver info: org.openqa.selenium.firefox.FirefoxDriver
Capabilities [{platform=XP, databaseEnabled=true, cssSelectorsEnabled=true, javascriptEnabled=true, acceptSslCerts=true, handlesAlerts=true, browserName=firefox, browserConnectionEnabled=true, nativeEvents=true, webStorageEnabled=true, rotatable=false, locationContextEnabled=true, applicationCacheEnabled=true, takesScreenshot=true, version=20.0.1}]
C:\Users\maximgu\Documents\Visual Studio 2012\Projects\eToroAutoStudio\UnitTestExecutionManager\bin\Release\Logs\08_05_2013_14_21_11971.png,2,0,0,9
([FAILED]) 2013-08-05 14:21:12,160 ERROR- 0,5,187,222,0,OB_Stocks_ChartChecking Test Failed  with data row : 5,2,0,0,9
([DONE]) 2013-08-05 14:21:12,171 INFO - 0,5,187,223,0,Copy Of_OB_Buy_All_Stocks_All_Amount Test Started  with data row : 6,3,0,0,9
([DONE]) 2013-08-05 14:21:19,265 INFO - navigated to http://192.168.13.203
([PASSED]) 2013-08-05 14:21:19,265 INFO - 3: TestStep : 
([PASSED]) 2013-08-05 14:21:19,277 INFO - 0,5,187,223,0,Step Passed: navigateToURL =>  with data input: http://!TestEnvin row : 6,1,0,0,9
([INFO]) 2013-08-05 14:21:20,108 INFO - By.LinkText: Markets waited to find  
([INFO]) 2013-08-05 14:21:20,562 INFO - By.LinkText: Markets waited to display    
([PASSED]) 2013-08-05 14:21:20,562 INFO - 11: TestStep : Markets
([PASSED]) 2013-08-05 14:21:20,582 INFO - 0,5,187,223,30,Step Passed: waitUntill_DispayedElement => OB_Markets with data input: in row : 6,1,0,0,9
([DONE]) 2013-08-05 14:21:21,793 INFO - By.LinkText: Markets clicked
([PASSED]) 2013-08-05 14:21:21,793 INFO - 1: TestStep : Markets
([PASSED]) 2013-08-05 14:21:21,804 INFO - 0,5,187,223,30,Step Passed: click => OB_Markets with data input: in row : 6,1,0,0,9
((null)) 2013-08-05 14:22:17,751 ERROR- Unable to locate element: {"method":"css selector","selector":".w-dual-pane-view-all"}
Command duration or timeout: 55.13 seconds
For documentation on this error, please visit: http://seleniumhq.org/exceptions/no_such_element.html
Build info: version: '2.33.0', revision: '4e90c97', time: '2013-05-22 15:32:38'
System info: os.name: 'Windows 7', os.arch: 'amd64', os.version: '6.1', java.version: '1.7.0_21'
Session ID: b18f707f-31a4-4817-99bc-3af798503620
Driver info: org.openqa.selenium.firefox.FirefoxDriver
Capabilities [{platform=XP, databaseEnabled=true, cssSelectorsEnabled=true, javascriptEnabled=true, acceptSslCerts=true, handlesAlerts=true, browserName=firefox, browserConnectionEnabled=true, nativeEvents=true, webStorageEnabled=true, rotatable=false, locationContextEnabled=true, applicationCacheEnabled=true, takesScreenshot=true, version=20.0.1}]
OpenQA.Selenium.NoSuchElementException: Unable to locate element: {"method":"css selector","selector":".w-dual-pane-view-all"}
Command duration or timeout: 55.13 seconds
For documentation on this error, please visit: http://seleniumhq.org/exceptions/no_such_element.html
Build info: version: '2.33.0', revision: '4e90c97', time: '2013-05-22 15:32:38'
System info: os.name: 'Windows 7', os.arch: 'amd64', os.version: '6.1', java.version: '1.7.0_21'
Session ID: b18f707f-31a4-4817-99bc-3af798503620
Driver info: org.openqa.selenium.firefox.FirefoxDriver
Capabilities [{platform=XP, databaseEnabled=true, cssSelectorsEnabled=true, javascriptEnabled=true, acceptSslCerts=true, handlesAlerts=true, browserName=firefox, browserConnectionEnabled=true, nativeEvents=true, webStorageEnabled=true, rotatable=false, locationContextEnabled=true, applicationCacheEnabled=true, takesScreenshot=true, version=20.0.1}]
   at OpenQA.Selenium.Remote.RemoteWebDriver.UnpackAndThrowOnError(Response errorResponse)
   at OpenQA.Selenium.Remote.RemoteWebDriver.Execute(String driverCommandToExecute, Dictionary`2 parameters)
   at OpenQA.Selenium.Remote.RemoteWebDriver.FindElement(String mechanism, String value)
   at OpenQA.Selenium.By.FindElement(ISearchContext context)
   at WPFeToroAutoStudio.Selenium.Waituntilfindelement(By webelement, Int32 waitElementDisplayedTime, IWebDriver driver) in c:\Users\maximgu\Documents\Visual Studio 2012\Projects\eToroAutoStudio\WPFeToroAutoStudio\Selenium.cs:line 276
   at WPFeToroAutoStudio.Selenium.WaituntilelementDisplayed(By webelement, Int32 waitElementDisplayedTime, IWebDriver driver, Boolean isRefresh) in c:\Users\maximgu\Documents\Visual Studio 2012\Projects\eToroAutoStudio\WPFeToroAutoStudio\Selenium.cs:line 308
   at WPFeToroAutoStudio.Selenium.ExecuteOneStep(DataRow dr, String inputDataColumn, String inputTableValue, IWebDriver driver) in c:\Users\maximgu\Documents\Visual Studio 2012\Projects\eToroAutoStudio\WPFeToroAutoStudio\Selenium.cs:line 440
([FAILED]) 2013-08-05 14:22:17,751 ERROR- 11: TestStep : .w-dual-pane-view-all
([FAILED]) 2013-08-05 14:22:18,520 ERROR- 0,5,187,223,86,Step Failed: waitUntill_DispayedElement => OB_Markets_ViewAll with data input: in row : 6
Unable to locate element: {"method":"css selector","selector":".w-dual-pane-view-all"}
Command duration or timeout: 55.13 seconds
For documentation on this error, please visit: http://seleniumhq.org/exceptions/no_such_element.html
Build info: version: '2.33.0', revision: '4e90c97', time: '2013-05-22 15:32:38'
System info: os.name: 'Windows 7', os.arch: 'amd64', os.version: '6.1', java.version: '1.7.0_21'
Session ID: b18f707f-31a4-4817-99bc-3af798503620
Driver info: org.openqa.selenium.firefox.FirefoxDriver
Capabilities [{platform=XP, databaseEnabled=true, cssSelectorsEnabled=true, javascriptEnabled=true, acceptSslCerts=true, handlesAlerts=true, browserName=firefox, browserConnectionEnabled=true, nativeEvents=true, webStorageEnabled=true, rotatable=false, locationContextEnabled=true, applicationCacheEnabled=true, takesScreenshot=true, version=20.0.1}]
C:\Users\maximgu\Documents\Visual Studio 2012\Projects\eToroAutoStudio\UnitTestExecutionManager\bin\Release\Logs\08_05_2013_14_22_18358.png,2,0,0,9
([FAILED]) 2013-08-05 14:22:18,540 ERROR- 0,5,187,223,0,Copy Of_OB_Buy_All_Stocks_All_Amount Test Failed  with data row : 6,2,0,0,9
([DONE]) 2013-08-05 14:22:18,556 INFO - 0,5,187,222,0,OB_Stocks_ChartChecking Test Started  with data row : 1-5,3,0,0,9
([DONE]) 2013-08-05 14:22:18,567 INFO - 0,5,187,222,0,OB_Stocks_ChartChecking Test Started  with data row : 1,3,0,0,9
((null)) 2013-08-05 14:23:14,433 ERROR- Unable to locate element: {"method":"css selector","selector":".data-picker.dropdown.timeframes-picker .chzn-container.chzn-container-single"}
Command duration or timeout: 55.09 seconds
For documentation on this error, please visit: http://seleniumhq.org/exceptions/no_such_element.html
Build info: version: '2.33.0', revision: '4e90c97', time: '2013-05-22 15:32:38'
System info: os.name: 'Windows 7', os.arch: 'amd64', os.version: '6.1', java.version: '1.7.0_21'
Session ID: b18f707f-31a4-4817-99bc-3af798503620
Driver info: org.openqa.selenium.firefox.FirefoxDriver
Capabilities [{platform=XP, databaseEnabled=true, cssSelectorsEnabled=true, javascriptEnabled=true, acceptSslCerts=true, handlesAlerts=true, browserName=firefox, browserConnectionEnabled=true, nativeEvents=true, webStorageEnabled=true, rotatable=false, locationContextEnabled=true, applicationCacheEnabled=true, takesScreenshot=true, version=20.0.1}]
OpenQA.Selenium.NoSuchElementException: Unable to locate element: {"method":"css selector","selector":".data-picker.dropdown.timeframes-picker .chzn-container.chzn-container-single"}
Command duration or timeout: 55.09 seconds
For documentation on this error, please visit: http://seleniumhq.org/exceptions/no_such_element.html
Build info: version: '2.33.0', revision: '4e90c97', time: '2013-05-22 15:32:38'
System info: os.name: 'Windows 7', os.arch: 'amd64', os.version: '6.1', java.version: '1.7.0_21'
Session ID: b18f707f-31a4-4817-99bc-3af798503620
Driver info: org.openqa.selenium.firefox.FirefoxDriver
Capabilities [{platform=XP, databaseEnabled=true, cssSelectorsEnabled=true, javascriptEnabled=true, acceptSslCerts=true, handlesAlerts=true, browserName=firefox, browserConnectionEnabled=true, nativeEvents=true, webStorageEnabled=true, rotatable=false, locationContextEnabled=true, applicationCacheEnabled=true, takesScreenshot=true, version=20.0.1}]
   at OpenQA.Selenium.Remote.RemoteWebDriver.UnpackAndThrowOnError(Response errorResponse)
   at OpenQA.Selenium.Remote.RemoteWebDriver.Execute(String driverCommandToExecute, Dictionary`2 parameters)
   at OpenQA.Selenium.Remote.RemoteWebDriver.FindElement(String mechanism, String value)
   at OpenQA.Selenium.By.FindElement(ISearchContext context)
   at WPFeToroAutoStudio.Selenium.Waituntilfindelement(By webelement, Int32 waitElementDisplayedTime, IWebDriver driver) in c:\Users\maximgu\Documents\Visual Studio 2012\Projects\eToroAutoStudio\WPFeToroAutoStudio\Selenium.cs:line 276
   at WPFeToroAutoStudio.Selenium.WaituntilelementDisplayed(By webelement, Int32 waitElementDisplayedTime, IWebDriver driver, Boolean isRefresh) in c:\Users\maximgu\Documents\Visual Studio 2012\Projects\eToroAutoStudio\WPFeToroAutoStudio\Selenium.cs:line 308
   at WPFeToroAutoStudio.Selenium.ExecuteOneStep(DataRow dr, String inputDataColumn, String inputTableValue, IWebDriver driver) in c:\Users\maximgu\Documents\Visual Studio 2012\Projects\eToroAutoStudio\WPFeToroAutoStudio\Selenium.cs:line 486
([FAILED]) 2013-08-05 14:23:14,434 ERROR- 16: TestStep : .data-picker.dropdown.timeframes-picker .chzn-container.chzn-container-single
([FAILED]) 2013-08-05 14:23:15,176 ERROR- 0,5,187,222,251,Step Failed: waituntil_DispayedElement(Expanded-1min) => OB_StatsTab_TimePeriod with data input: in row : 1
Unable to locate element: {"method":"css selector","selector":".data-picker.dropdown.timeframes-picker .chzn-container.chzn-container-single"}
Command duration or timeout: 55.09 seconds
For documentation on this error, please visit: http://seleniumhq.org/exceptions/no_such_element.html
Build info: version: '2.33.0', revision: '4e90c97', time: '2013-05-22 15:32:38'
System info: os.name: 'Windows 7', os.arch: 'amd64', os.version: '6.1', java.version: '1.7.0_21'
Session ID: b18f707f-31a4-4817-99bc-3af798503620
Driver info: org.openqa.selenium.firefox.FirefoxDriver
Capabilities [{platform=XP, databaseEnabled=true, cssSelectorsEnabled=true, javascriptEnabled=true, acceptSslCerts=true, handlesAlerts=true, browserName=firefox, browserConnectionEnabled=true, nativeEvents=true, webStorageEnabled=true, rotatable=false, locationContextEnabled=true, applicationCacheEnabled=true, takesScreenshot=true, version=20.0.1}]
C:\Users\maximgu\Documents\Visual Studio 2012\Projects\eToroAutoStudio\UnitTestExecutionManager\bin\Release\Logs\08_05_2013_14_23_1527.png,2,0,0,9
([FAILED]) 2013-08-05 14:23:15,250 ERROR- 0,5,187,222,0,OB_Stocks_ChartChecking Test Failed  with data row : 1,2,0,0,9
([DONE]) 2013-08-05 14:23:15,276 INFO - 0,5,187,222,0,OB_Stocks_ChartChecking Test Started  with data row : 2,3,0,0,9
((null)) 2013-08-05 14:24:11,209 ERROR- Unable to locate element: {"method":"css selector","selector":".data-picker.dropdown.timeframes-picker .chzn-container.chzn-container-single"}
Command duration or timeout: 55.16 seconds
For documentation on this error, please visit: http://seleniumhq.org/exceptions/no_such_element.html
Build info: version: '2.33.0', revision: '4e90c97', time: '2013-05-22 15:32:38'
System info: os.name: 'Windows 7', os.arch: 'amd64', os.version: '6.1', java.version: '1.7.0_21'
Session ID: b18f707f-31a4-4817-99bc-3af798503620
Driver info: org.openqa.selenium.firefox.FirefoxDriver
Capabilities [{platform=XP, databaseEnabled=true, cssSelectorsEnabled=true, javascriptEnabled=true, acceptSslCerts=true, handlesAlerts=true, browserName=firefox, browserConnectionEnabled=true, nativeEvents=true, webStorageEnabled=true, rotatable=false, locationContextEnabled=true, applicationCacheEnabled=true, takesScreenshot=true, version=20.0.1}]
OpenQA.Selenium.NoSuchElementException: Unable to locate element: {"method":"css selector","selector":".data-picker.dropdown.timeframes-picker .chzn-container.chzn-container-single"}
Command duration or timeout: 55.16 seconds
For documentation on this error, please visit: http://seleniumhq.org/exceptions/no_such_element.html
Build info: version: '2.33.0', revision: '4e90c97', time: '2013-05-22 15:32:38'
System info: os.name: 'Windows 7', os.arch: 'amd64', os.version: '6.1', java.version: '1.7.0_21'
Session ID: b18f707f-31a4-4817-99bc-3af798503620
Driver info: org.openqa.selenium.firefox.FirefoxDriver
Capabilities [{platform=XP, databaseEnabled=true, cssSelectorsEnabled=true, javascriptEnabled=true, acceptSslCerts=true, handlesAlerts=true, browserName=firefox, browserConnectionEnabled=true, nativeEvents=true, webStorageEnabled=true, rotatable=false, locationContextEnabled=true, applicationCacheEnabled=true, takesScreenshot=true, version=20.0.1}]
   at OpenQA.Selenium.Remote.RemoteWebDriver.UnpackAndThrowOnError(Response errorResponse)
   at OpenQA.Selenium.Remote.RemoteWebDriver.Execute(String driverCommandToExecute, Dictionary`2 parameters)
   at OpenQA.Selenium.Remote.RemoteWebDriver.FindElement(String mechanism, String value)
   at OpenQA.Selenium.By.FindElement(ISearchContext context)
   at WPFeToroAutoStudio.Selenium.Waituntilfindelement(By webelement, Int32 waitElementDisplayedTime, IWebDriver driver) in c:\Users\maximgu\Documents\Visual Studio 2012\Projects\eToroAutoStudio\WPFeToroAutoStudio\Selenium.cs:line 276
   at WPFeToroAutoStudio.Selenium.WaituntilelementDisplayed(By webelement, Int32 waitElementDisplayedTime, IWebDriver driver, Boolean isRefresh) in c:\Users\maximgu\Documents\Visual Studio 2012\Projects\eToroAutoStudio\WPFeToroAutoStudio\Selenium.cs:line 308
   at WPFeToroAutoStudio.Selenium.ExecuteOneStep(DataRow dr, String inputDataColumn, String inputTableValue, IWebDriver driver) in c:\Users\maximgu\Documents\Visual Studio 2012\Projects\eToroAutoStudio\WPFeToroAutoStudio\Selenium.cs:line 486
([FAILED]) 2013-08-05 14:24:11,210 ERROR- 16: TestStep : .data-picker.dropdown.timeframes-picker .chzn-container.chzn-container-single
([FAILED]) 2013-08-05 14:24:11,943 ERROR- 0,5,187,222,251,Step Failed: waituntil_DispayedElement(Expanded-1min) => OB_StatsTab_TimePeriod with data input: in row : 2
Unable to locate element: {"method":"css selector","selector":".data-picker.dropdown.timeframes-picker .chzn-container.chzn-container-single"}
Command duration or timeout: 55.16 seconds
For documentation on this error, please visit: http://seleniumhq.org/exceptions/no_such_element.html
Build info: version: '2.33.0', revision: '4e90c97', time: '2013-05-22 15:32:38'
System info: os.name: 'Windows 7', os.arch: 'amd64', os.version: '6.1', java.version: '1.7.0_21'
Session ID: b18f707f-31a4-4817-99bc-3af798503620
Driver info: org.openqa.selenium.firefox.FirefoxDriver
Capabilities [{platform=XP, databaseEnabled=true, cssSelectorsEnabled=true, javascriptEnabled=true, acceptSslCerts=true, handlesAlerts=true, browserName=firefox, browserConnectionEnabled=true, nativeEvents=true, webStorageEnabled=true, rotatable=false, locationContextEnabled=true, applicationCacheEnabled=true, takesScreenshot=true, version=20.0.1}]
C:\Users\maximgu\Documents\Visual Studio 2012\Projects\eToroAutoStudio\UnitTestExecutionManager\bin\Release\Logs\08_05_2013_14_24_11800.png,2,0,0,9
([FAILED]) 2013-08-05 14:24:11,959 ERROR- 0,5,187,222,0,OB_Stocks_ChartChecking Test Failed  with data row : 2,2,0,0,9
([DONE]) 2013-08-05 14:24:11,969 INFO - 0,5,187,222,0,OB_Stocks_ChartChecking Test Started  with data row : 3,3,0,0,9
((null)) 2013-08-05 14:25:07,942 ERROR- Unable to locate element: {"method":"css selector","selector":".data-picker.dropdown.timeframes-picker .chzn-container.chzn-container-single"}
Command duration or timeout: 55.13 seconds
For documentation on this error, please visit: http://seleniumhq.org/exceptions/no_such_element.html
Build info: version: '2.33.0', revision: '4e90c97', time: '2013-05-22 15:32:38'
System info: os.name: 'Windows 7', os.arch: 'amd64', os.version: '6.1', java.version: '1.7.0_21'
Session ID: b18f707f-31a4-4817-99bc-3af798503620
Driver info: org.openqa.selenium.firefox.FirefoxDriver
Capabilities [{platform=XP, databaseEnabled=true, cssSelectorsEnabled=true, javascriptEnabled=true, acceptSslCerts=true, handlesAlerts=true, browserName=firefox, browserConnectionEnabled=true, nativeEvents=true, webStorageEnabled=true, rotatable=false, locationContextEnabled=true, applicationCacheEnabled=true, takesScreenshot=true, version=20.0.1}]
OpenQA.Selenium.NoSuchElementException: Unable to locate element: {"method":"css selector","selector":".data-picker.dropdown.timeframes-picker .chzn-container.chzn-container-single"}
Command duration or timeout: 55.13 seconds
For documentation on this error, please visit: http://seleniumhq.org/exceptions/no_such_element.html
Build info: version: '2.33.0', revision: '4e90c97', time: '2013-05-22 15:32:38'
System info: os.name: 'Windows 7', os.arch: 'amd64', os.version: '6.1', java.version: '1.7.0_21'
Session ID: b18f707f-31a4-4817-99bc-3af798503620
Driver info: org.openqa.selenium.firefox.FirefoxDriver
Capabilities [{platform=XP, databaseEnabled=true, cssSelectorsEnabled=true, javascriptEnabled=true, acceptSslCerts=true, handlesAlerts=true, browserName=firefox, browserConnectionEnabled=true, nativeEvents=true, webStorageEnabled=true, rotatable=false, locationContextEnabled=true, applicationCacheEnabled=true, takesScreenshot=true, version=20.0.1}]
   at OpenQA.Selenium.Remote.RemoteWebDriver.UnpackAndThrowOnError(Response errorResponse)
   at OpenQA.Selenium.Remote.RemoteWebDriver.Execute(String driverCommandToExecute, Dictionary`2 parameters)
   at OpenQA.Selenium.Remote.RemoteWebDriver.FindElement(String mechanism, String value)
   at OpenQA.Selenium.By.FindElement(ISearchContext context)
   at WPFeToroAutoStudio.Selenium.Waituntilfindelement(By webelement, Int32 waitElementDisplayedTime, IWebDriver driver) in c:\Users\maximgu\Documents\Visual Studio 2012\Projects\eToroAutoStudio\WPFeToroAutoStudio\Selenium.cs:line 276
   at WPFeToroAutoStudio.Selenium.WaituntilelementDisplayed(By webelement, Int32 waitElementDisplayedTime, IWebDriver driver, Boolean isRefresh) in c:\Users\maximgu\Documents\Visual Studio 2012\Projects\eToroAutoStudio\WPFeToroAutoStudio\Selenium.cs:line 308
   at WPFeToroAutoStudio.Selenium.ExecuteOneStep(DataRow dr, String inputDataColumn, String inputTableValue, IWebDriver driver) in c:\Users\maximgu\Documents\Visual Studio 2012\Projects\eToroAutoStudio\WPFeToroAutoStudio\Selenium.cs:line 486
([FAILED]) 2013-08-05 14:25:07,942 ERROR- 16: TestStep : .data-picker.dropdown.timeframes-picker .chzn-container.chzn-container-single
([FAILED]) 2013-08-05 14:25:08,697 ERROR- 0,5,187,222,251,Step Failed: waituntil_DispayedElement(Expanded-1min) => OB_StatsTab_TimePeriod with data input: in row : 3
Unable to locate element: {"method":"css selector","selector":".data-picker.dropdown.timeframes-picker .chzn-container.chzn-container-single"}
Command duration or timeout: 55.13 seconds
For documentation on this error, please visit: http://seleniumhq.org/exceptions/no_such_element.html
Build info: version: '2.33.0', revision: '4e90c97', time: '2013-05-22 15:32:38'
System info: os.name: 'Windows 7', os.arch: 'amd64', os.version: '6.1', java.version: '1.7.0_21'
Session ID: b18f707f-31a4-4817-99bc-3af798503620
Driver info: org.openqa.selenium.firefox.FirefoxDriver
Capabilities [{platform=XP, databaseEnabled=true, cssSelectorsEnabled=true, javascriptEnabled=true, acceptSslCerts=true, handlesAlerts=true, browserName=firefox, browserConnectionEnabled=true, nativeEvents=true, webStorageEnabled=true, rotatable=false, locationContextEnabled=true, applicationCacheEnabled=true, takesScreenshot=true, version=20.0.1}]
C:\Users\maximgu\Documents\Visual Studio 2012\Projects\eToroAutoStudio\UnitTestExecutionManager\bin\Release\Logs\08_05_2013_14_25_08544.png,2,0,0,9
([FAILED]) 2013-08-05 14:25:08,709 ERROR- 0,5,187,222,0,OB_Stocks_ChartChecking Test Failed  with data row : 3,2,0,0,9
([DONE]) 2013-08-05 14:25:08,718 INFO - 0,5,187,222,0,OB_Stocks_ChartChecking Test Started  with data row : 4,3,0,0,9
((null)) 2013-08-05 14:26:04,640 ERROR- Unable to locate element: {"method":"css selector","selector":".data-picker.dropdown.timeframes-picker .chzn-container.chzn-container-single"}
Command duration or timeout: 55.10 seconds
For documentation on this error, please visit: http://seleniumhq.org/exceptions/no_such_element.html
Build info: version: '2.33.0', revision: '4e90c97', time: '2013-05-22 15:32:38'
System info: os.name: 'Windows 7', os.arch: 'amd64', os.version: '6.1', java.version: '1.7.0_21'
Session ID: b18f707f-31a4-4817-99bc-3af798503620
Driver info: org.openqa.selenium.firefox.FirefoxDriver
Capabilities [{platform=XP, databaseEnabled=true, cssSelectorsEnabled=true, javascriptEnabled=true, acceptSslCerts=true, handlesAlerts=true, browserName=firefox, browserConnectionEnabled=true, nativeEvents=true, webStorageEnabled=true, rotatable=false, locationContextEnabled=true, applicationCacheEnabled=true, takesScreenshot=true, version=20.0.1}]
OpenQA.Selenium.NoSuchElementException: Unable to locate element: {"method":"css selector","selector":".data-picker.dropdown.timeframes-picker .chzn-container.chzn-container-single"}
Command duration or timeout: 55.10 seconds
For documentation on this error, please visit: http://seleniumhq.org/exceptions/no_such_element.html
Build info: version: '2.33.0', revision: '4e90c97', time: '2013-05-22 15:32:38'
System info: os.name: 'Windows 7', os.arch: 'amd64', os.version: '6.1', java.version: '1.7.0_21'
Session ID: b18f707f-31a4-4817-99bc-3af798503620
Driver info: org.openqa.selenium.firefox.FirefoxDriver
Capabilities [{platform=XP, databaseEnabled=true, cssSelectorsEnabled=true, javascriptEnabled=true, acceptSslCerts=true, handlesAlerts=true, browserName=firefox, browserConnectionEnabled=true, nativeEvents=true, webStorageEnabled=true, rotatable=false, locationContextEnabled=true, applicationCacheEnabled=true, takesScreenshot=true, version=20.0.1}]
   at OpenQA.Selenium.Remote.RemoteWebDriver.UnpackAndThrowOnError(Response errorResponse)
   at OpenQA.Selenium.Remote.RemoteWebDriver.Execute(String driverCommandToExecute, Dictionary`2 parameters)
   at OpenQA.Selenium.Remote.RemoteWebDriver.FindElement(String mechanism, String value)
   at OpenQA.Selenium.By.FindElement(ISearchContext context)
   at WPFeToroAutoStudio.Selenium.Waituntilfindelement(By webelement, Int32 waitElementDisplayedTime, IWebDriver driver) in c:\Users\maximgu\Documents\Visual Studio 2012\Projects\eToroAutoStudio\WPFeToroAutoStudio\Selenium.cs:line 276
   at WPFeToroAutoStudio.Selenium.WaituntilelementDisplayed(By webelement, Int32 waitElementDisplayedTime, IWebDriver driver, Boolean isRefresh) in c:\Users\maximgu\Documents\Visual Studio 2012\Projects\eToroAutoStudio\WPFeToroAutoStudio\Selenium.cs:line 308
   at WPFeToroAutoStudio.Selenium.ExecuteOneStep(DataRow dr, String inputDataColumn, String inputTableValue, IWebDriver driver) in c:\Users\maximgu\Documents\Visual Studio 2012\Projects\eToroAutoStudio\WPFeToroAutoStudio\Selenium.cs:line 486
([FAILED]) 2013-08-05 14:26:04,640 ERROR- 16: TestStep : .data-picker.dropdown.timeframes-picker .chzn-container.chzn-container-single
([FAILED]) 2013-08-05 14:26:05,437 ERROR- 0,5,187,222,251,Step Failed: waituntil_DispayedElement(Expanded-1min) => OB_StatsTab_TimePeriod with data input: in row : 4
Unable to locate element: {"method":"css selector","selector":".data-picker.dropdown.timeframes-picker .chzn-container.chzn-container-single"}
Command duration or timeout: 55.10 seconds
For documentation on this error, please visit: http://seleniumhq.org/exceptions/no_such_element.html
Build info: version: '2.33.0', revision: '4e90c97', time: '2013-05-22 15:32:38'
System info: os.name: 'Windows 7', os.arch: 'amd64', os.version: '6.1', java.version: '1.7.0_21'
Session ID: b18f707f-31a4-4817-99bc-3af798503620
Driver info: org.openqa.selenium.firefox.FirefoxDriver
Capabilities [{platform=XP, databaseEnabled=true, cssSelectorsEnabled=true, javascriptEnabled=true, acceptSslCerts=true, handlesAlerts=true, browserName=firefox, browserConnectionEnabled=true, nativeEvents=true, webStorageEnabled=true, rotatable=false, locationContextEnabled=true, applicationCacheEnabled=true, takesScreenshot=true, version=20.0.1}]
C:\Users\maximgu\Documents\Visual Studio 2012\Projects\eToroAutoStudio\UnitTestExecutionManager\bin\Release\Logs\08_05_2013_14_26_05263.png,2,0,0,9
([FAILED]) 2013-08-05 14:26:05,458 ERROR- 0,5,187,222,0,OB_Stocks_ChartChecking Test Failed  with data row : 4,2,0,0,9
([DONE]) 2013-08-05 14:26:05,474 INFO - 0,5,187,222,0,OB_Stocks_ChartChecking Test Started  with data row : 5,3,0,0,9
((null)) 2013-08-05 14:27:01,419 ERROR- Unable to locate element: {"method":"css selector","selector":".data-picker.dropdown.timeframes-picker .chzn-container.chzn-container-single"}
Command duration or timeout: 55.16 seconds
For documentation on this error, please visit: http://seleniumhq.org/exceptions/no_such_element.html
Build info: version: '2.33.0', revision: '4e90c97', time: '2013-05-22 15:32:38'
System info: os.name: 'Windows 7', os.arch: 'amd64', os.version: '6.1', java.version: '1.7.0_21'
Session ID: b18f707f-31a4-4817-99bc-3af798503620
Driver info: org.openqa.selenium.firefox.FirefoxDriver
Capabilities [{platform=XP, databaseEnabled=true, cssSelectorsEnabled=true, javascriptEnabled=true, acceptSslCerts=true, handlesAlerts=true, browserName=firefox, browserConnectionEnabled=true, nativeEvents=true, webStorageEnabled=true, rotatable=false, locationContextEnabled=true, applicationCacheEnabled=true, takesScreenshot=true, version=20.0.1}]
OpenQA.Selenium.NoSuchElementException: Unable to locate element: {"method":"css selector","selector":".data-picker.dropdown.timeframes-picker .chzn-container.chzn-container-single"}
Command duration or timeout: 55.16 seconds
For documentation on this error, please visit: http://seleniumhq.org/exceptions/no_such_element.html
Build info: version: '2.33.0', revision: '4e90c97', time: '2013-05-22 15:32:38'
System info: os.name: 'Windows 7', os.arch: 'amd64', os.version: '6.1', java.version: '1.7.0_21'
Session ID: b18f707f-31a4-4817-99bc-3af798503620
Driver info: org.openqa.selenium.firefox.FirefoxDriver
Capabilities [{platform=XP, databaseEnabled=true, cssSelectorsEnabled=true, javascriptEnabled=true, acceptSslCerts=true, handlesAlerts=true, browserName=firefox, browserConnectionEnabled=true, nativeEvents=true, webStorageEnabled=true, rotatable=false, locationContextEnabled=true, applicationCacheEnabled=true, takesScreenshot=true, version=20.0.1}]
   at OpenQA.Selenium.Remote.RemoteWebDriver.UnpackAndThrowOnError(Response errorResponse)
   at OpenQA.Selenium.Remote.RemoteWebDriver.Execute(String driverCommandToExecute, Dictionary`2 parameters)
   at OpenQA.Selenium.Remote.RemoteWebDriver.FindElement(String mechanism, String value)
   at OpenQA.Selenium.By.FindElement(ISearchContext context)
   at WPFeToroAutoStudio.Selenium.Waituntilfindelement(By webelement, Int32 waitElementDisplayedTime, IWebDriver driver) in c:\Users\maximgu\Documents\Visual Studio 2012\Projects\eToroAutoStudio\WPFeToroAutoStudio\Selenium.cs:line 276
   at WPFeToroAutoStudio.Selenium.WaituntilelementDisplayed(By webelement, Int32 waitElementDisplayedTime, IWebDriver driver, Boolean isRefresh) in c:\Users\maximgu\Documents\Visual Studio 2012\Projects\eToroAutoStudio\WPFeToroAutoStudio\Selenium.cs:line 308
   at WPFeToroAutoStudio.Selenium.ExecuteOneStep(DataRow dr, String inputDataColumn, String inputTableValue, IWebDriver driver) in c:\Users\maximgu\Documents\Visual Studio 2012\Projects\eToroAutoStudio\WPFeToroAutoStudio\Selenium.cs:line 486
([FAILED]) 2013-08-05 14:27:01,420 ERROR- 16: TestStep : .data-picker.dropdown.timeframes-picker .chzn-container.chzn-container-single
([FAILED]) 2013-08-05 14:27:02,165 ERROR- 0,5,187,222,251,Step Failed: waituntil_DispayedElement(Expanded-1min) => OB_StatsTab_TimePeriod with data input: in row : 5
Unable to locate element: {"method":"css selector","selector":".data-picker.dropdown.timeframes-picker .chzn-container.chzn-container-single"}
Command duration or timeout: 55.16 seconds
For documentation on this error, please visit: http://seleniumhq.org/exceptions/no_such_element.html
Build info: version: '2.33.0', revision: '4e90c97', time: '2013-05-22 15:32:38'
System info: os.name: 'Windows 7', os.arch: 'amd64', os.version: '6.1', java.version: '1.7.0_21'
Session ID: b18f707f-31a4-4817-99bc-3af798503620
Driver info: org.openqa.selenium.firefox.FirefoxDriver
Capabilities [{platform=XP, databaseEnabled=true, cssSelectorsEnabled=true, javascriptEnabled=true, acceptSslCerts=true, handlesAlerts=true, browserName=firefox, browserConnectionEnabled=true, nativeEvents=true, webStorageEnabled=true, rotatable=false, locationContextEnabled=true, applicationCacheEnabled=true, takesScreenshot=true, version=20.0.1}]
C:\Users\maximgu\Documents\Visual Studio 2012\Projects\eToroAutoStudio\UnitTestExecutionManager\bin\Release\Logs\08_05_2013_14_27_0216.png,2,0,0,9
([FAILED]) 2013-08-05 14:27:02,180 ERROR- 0,5,187,222,0,OB_Stocks_ChartChecking Test Failed  with data row : 5,2,0,0,9
([DONE]) 2013-08-05 14:27:02,188 INFO - 0,5,187,223,0,Copy Of_OB_Buy_All_Stocks_All_Amount Test Started  with data row : 7,3,0,0,9
([DONE]) 2013-08-05 14:27:09,708 INFO - navigated to http://192.168.13.203
([PASSED]) 2013-08-05 14:27:09,709 INFO - 3: TestStep : 
([PASSED]) 2013-08-05 14:27:09,719 INFO - 0,5,187,223,0,Step Passed: navigateToURL =>  with data input: http://!TestEnvin row : 7,1,0,0,9
([INFO]) 2013-08-05 14:27:10,582 INFO - By.LinkText: Markets waited to find  
([INFO]) 2013-08-05 14:27:11,175 INFO - By.LinkText: Markets waited to display    
([PASSED]) 2013-08-05 14:27:11,175 INFO - 11: TestStep : Markets
([PASSED]) 2013-08-05 14:27:11,189 INFO - 0,5,187,223,30,Step Passed: waitUntill_DispayedElement => OB_Markets with data input: in row : 7,1,0,0,9
([DONE]) 2013-08-05 14:27:12,331 INFO - By.LinkText: Markets clicked
([PASSED]) 2013-08-05 14:27:12,331 INFO - 1: TestStep : Markets
([PASSED]) 2013-08-05 14:27:12,343 INFO - 0,5,187,223,30,Step Passed: click => OB_Markets with data input: in row : 7,1,0,0,9
((null)) 2013-08-05 14:28:08,268 ERROR- Unable to locate element: {"method":"css selector","selector":".w-dual-pane-view-all"}
Command duration or timeout: 55.10 seconds
For documentation on this error, please visit: http://seleniumhq.org/exceptions/no_such_element.html
Build info: version: '2.33.0', revision: '4e90c97', time: '2013-05-22 15:32:38'
System info: os.name: 'Windows 7', os.arch: 'amd64', os.version: '6.1', java.version: '1.7.0_21'
Session ID: b18f707f-31a4-4817-99bc-3af798503620
Driver info: org.openqa.selenium.firefox.FirefoxDriver
Capabilities [{platform=XP, databaseEnabled=true, cssSelectorsEnabled=true, javascriptEnabled=true, acceptSslCerts=true, handlesAlerts=true, browserName=firefox, browserConnectionEnabled=true, nativeEvents=true, webStorageEnabled=true, rotatable=false, locationContextEnabled=true, applicationCacheEnabled=true, takesScreenshot=true, version=20.0.1}]
OpenQA.Selenium.NoSuchElementException: Unable to locate element: {"method":"css selector","selector":".w-dual-pane-view-all"}
Command duration or timeout: 55.10 seconds
For documentation on this error, please visit: http://seleniumhq.org/exceptions/no_such_element.html
Build info: version: '2.33.0', revision: '4e90c97', time: '2013-05-22 15:32:38'
System info: os.name: 'Windows 7', os.arch: 'amd64', os.version: '6.1', java.version: '1.7.0_21'
Session ID: b18f707f-31a4-4817-99bc-3af798503620
Driver info: org.openqa.selenium.firefox.FirefoxDriver
Capabilities [{platform=XP, databaseEnabled=true, cssSelectorsEnabled=true, javascriptEnabled=true, acceptSslCerts=true, handlesAlerts=true, browserName=firefox, browserConnectionEnabled=true, nativeEvents=true, webStorageEnabled=true, rotatable=false, locationContextEnabled=true, applicationCacheEnabled=true, takesScreenshot=true, version=20.0.1}]
   at OpenQA.Selenium.Remote.RemoteWebDriver.UnpackAndThrowOnError(Response errorResponse)
   at OpenQA.Selenium.Remote.RemoteWebDriver.Execute(String driverCommandToExecute, Dictionary`2 parameters)
   at OpenQA.Selenium.Remote.RemoteWebDriver.FindElement(String mechanism, String value)
   at OpenQA.Selenium.By.FindElement(ISearchContext context)
   at WPFeToroAutoStudio.Selenium.Waituntilfindelement(By webelement, Int32 waitElementDisplayedTime, IWebDriver driver) in c:\Users\maximgu\Documents\Visual Studio 2012\Projects\eToroAutoStudio\WPFeToroAutoStudio\Selenium.cs:line 276
   at WPFeToroAutoStudio.Selenium.WaituntilelementDisplayed(By webelement, Int32 waitElementDisplayedTime, IWebDriver driver, Boolean isRefresh) in c:\Users\maximgu\Documents\Visual Studio 2012\Projects\eToroAutoStudio\WPFeToroAutoStudio\Selenium.cs:line 308
   at WPFeToroAutoStudio.Selenium.ExecuteOneStep(DataRow dr, String inputDataColumn, String inputTableValue, IWebDriver driver) in c:\Users\maximgu\Documents\Visual Studio 2012\Projects\eToroAutoStudio\WPFeToroAutoStudio\Selenium.cs:line 440
([FAILED]) 2013-08-05 14:28:08,268 ERROR- 11: TestStep : .w-dual-pane-view-all
([FAILED]) 2013-08-05 14:28:09,020 ERROR- 0,5,187,223,86,Step Failed: waitUntill_DispayedElement => OB_Markets_ViewAll with data input: in row : 7
Unable to locate element: {"method":"css selector","selector":".w-dual-pane-view-all"}
Command duration or timeout: 55.10 seconds
For documentation on this error, please visit: http://seleniumhq.org/exceptions/no_such_element.html
Build info: version: '2.33.0', revision: '4e90c97', time: '2013-05-22 15:32:38'
System info: os.name: 'Windows 7', os.arch: 'amd64', os.version: '6.1', java.version: '1.7.0_21'
Session ID: b18f707f-31a4-4817-99bc-3af798503620
Driver info: org.openqa.selenium.firefox.FirefoxDriver
Capabilities [{platform=XP, databaseEnabled=true, cssSelectorsEnabled=true, javascriptEnabled=true, acceptSslCerts=true, handlesAlerts=true, browserName=firefox, browserConnectionEnabled=true, nativeEvents=true, webStorageEnabled=true, rotatable=false, locationContextEnabled=true, applicationCacheEnabled=true, takesScreenshot=true, version=20.0.1}]
C:\Users\maximgu\Documents\Visual Studio 2012\Projects\eToroAutoStudio\UnitTestExecutionManager\bin\Release\Logs\08_05_2013_14_28_08847.png,2,0,0,9
([FAILED]) 2013-08-05 14:28:09,054 ERROR- 0,5,187,223,0,Copy Of_OB_Buy_All_Stocks_All_Amount Test Failed  with data row : 7,2,0,0,9
([DONE]) 2013-08-05 14:28:09,075 INFO - 0,5,187,222,0,OB_Stocks_ChartChecking Test Started  with data row : 1-5,3,0,0,9
([DONE]) 2013-08-05 14:28:09,098 INFO - 0,5,187,222,0,OB_Stocks_ChartChecking Test Started  with data row : 1,3,0,0,9
((null)) 2013-08-05 14:29:05,106 ERROR- Unable to locate element: {"method":"css selector","selector":".data-picker.dropdown.timeframes-picker .chzn-container.chzn-container-single"}
Command duration or timeout: 55.13 seconds
For documentation on this error, please visit: http://seleniumhq.org/exceptions/no_such_element.html
Build info: version: '2.33.0', revision: '4e90c97', time: '2013-05-22 15:32:38'
System info: os.name: 'Windows 7', os.arch: 'amd64', os.version: '6.1', java.version: '1.7.0_21'
Session ID: b18f707f-31a4-4817-99bc-3af798503620
Driver info: org.openqa.selenium.firefox.FirefoxDriver
Capabilities [{platform=XP, databaseEnabled=true, cssSelectorsEnabled=true, javascriptEnabled=true, acceptSslCerts=true, handlesAlerts=true, browserName=firefox, browserConnectionEnabled=true, nativeEvents=true, webStorageEnabled=true, rotatable=false, locationContextEnabled=true, applicationCacheEnabled=true, takesScreenshot=true, version=20.0.1}]
OpenQA.Selenium.NoSuchElementException: Unable to locate element: {"method":"css selector","selector":".data-picker.dropdown.timeframes-picker .chzn-container.chzn-container-single"}
Command duration or timeout: 55.13 seconds
For documentation on this error, please visit: http://seleniumhq.org/exceptions/no_such_element.html
Build info: version: '2.33.0', revision: '4e90c97', time: '2013-05-22 15:32:38'
System info: os.name: 'Windows 7', os.arch: 'amd64', os.version: '6.1', java.version: '1.7.0_21'
Session ID: b18f707f-31a4-4817-99bc-3af798503620
Driver info: org.openqa.selenium.firefox.FirefoxDriver
Capabilities [{platform=XP, databaseEnabled=true, cssSelectorsEnabled=true, javascriptEnabled=true, acceptSslCerts=true, handlesAlerts=true, browserName=firefox, browserConnectionEnabled=true, nativeEvents=true, webStorageEnabled=true, rotatable=false, locationContextEnabled=true, applicationCacheEnabled=true, takesScreenshot=true, version=20.0.1}]
   at OpenQA.Selenium.Remote.RemoteWebDriver.UnpackAndThrowOnError(Response errorResponse)
   at OpenQA.Selenium.Remote.RemoteWebDriver.Execute(String driverCommandToExecute, Dictionary`2 parameters)
   at OpenQA.Selenium.Remote.RemoteWebDriver.FindElement(String mechanism, String value)
   at OpenQA.Selenium.By.FindElement(ISearchContext context)
   at WPFeToroAutoStudio.Selenium.Waituntilfindelement(By webelement, Int32 waitElementDisplayedTime, IWebDriver driver) in c:\Users\maximgu\Documents\Visual Studio 2012\Projects\eToroAutoStudio\WPFeToroAutoStudio\Selenium.cs:line 276
   at WPFeToroAutoStudio.Selenium.WaituntilelementDisplayed(By webelement, Int32 waitElementDisplayedTime, IWebDriver driver, Boolean isRefresh) in c:\Users\maximgu\Documents\Visual Studio 2012\Projects\eToroAutoStudio\WPFeToroAutoStudio\Selenium.cs:line 308
   at WPFeToroAutoStudio.Selenium.ExecuteOneStep(DataRow dr, String inputDataColumn, String inputTableValue, IWebDriver driver) in c:\Users\maximgu\Documents\Visual Studio 2012\Projects\eToroAutoStudio\WPFeToroAutoStudio\Selenium.cs:line 486
([FAILED]) 2013-08-05 14:29:05,107 ERROR- 16: TestStep : .data-picker.dropdown.timeframes-picker .chzn-container.chzn-container-single
([FAILED]) 2013-08-05 14:29:05,899 ERROR- 0,5,187,222,251,Step Failed: waituntil_DispayedElement(Expanded-1min) => OB_StatsTab_TimePeriod with data input: in row : 1
Unable to locate element: {"method":"css selector","selector":".data-picker.dropdown.timeframes-picker .chzn-container.chzn-container-single"}
Command duration or timeout: 55.13 seconds
For documentation on this error, please visit: http://seleniumhq.org/exceptions/no_such_element.html
Build info: version: '2.33.0', revision: '4e90c97', time: '2013-05-22 15:32:38'
System info: os.name: 'Windows 7', os.arch: 'amd64', os.version: '6.1', java.version: '1.7.0_21'
Session ID: b18f707f-31a4-4817-99bc-3af798503620
Driver info: org.openqa.selenium.firefox.FirefoxDriver
Capabilities [{platform=XP, databaseEnabled=true, cssSelectorsEnabled=true, javascriptEnabled=true, acceptSslCerts=true, handlesAlerts=true, browserName=firefox, browserConnectionEnabled=true, nativeEvents=true, webStorageEnabled=true, rotatable=false, locationContextEnabled=true, applicationCacheEnabled=true, takesScreenshot=true, version=20.0.1}]
C:\Users\maximgu\Documents\Visual Studio 2012\Projects\eToroAutoStudio\UnitTestExecutionManager\bin\Release\Logs\08_05_2013_14_29_05756.png,2,0,0,9
([FAILED]) 2013-08-05 14:29:05,908 ERROR- 0,5,187,222,0,OB_Stocks_ChartChecking Test Failed  with data row : 1,2,0,0,9
([DONE]) 2013-08-05 14:29:05,913 INFO - 0,5,187,222,0,OB_Stocks_ChartChecking Test Started  with data row : 2,3,0,0,9
((null)) 2013-08-05 14:30:01,871 ERROR- Unable to locate element: {"method":"css selector","selector":".data-picker.dropdown.timeframes-picker .chzn-container.chzn-container-single"}
Command duration or timeout: 55.13 seconds
For documentation on this error, please visit: http://seleniumhq.org/exceptions/no_such_element.html
Build info: version: '2.33.0', revision: '4e90c97', time: '2013-05-22 15:32:38'
System info: os.name: 'Windows 7', os.arch: 'amd64', os.version: '6.1', java.version: '1.7.0_21'
Session ID: b18f707f-31a4-4817-99bc-3af798503620
Driver info: org.openqa.selenium.firefox.FirefoxDriver
Capabilities [{platform=XP, databaseEnabled=true, cssSelectorsEnabled=true, javascriptEnabled=true, acceptSslCerts=true, handlesAlerts=true, browserName=firefox, browserConnectionEnabled=true, nativeEvents=true, webStorageEnabled=true, rotatable=false, locationContextEnabled=true, applicationCacheEnabled=true, takesScreenshot=true, version=20.0.1}]
OpenQA.Selenium.NoSuchElementException: Unable to locate element: {"method":"css selector","selector":".data-picker.dropdown.timeframes-picker .chzn-container.chzn-container-single"}
Command duration or timeout: 55.13 seconds
For documentation on this error, please visit: http://seleniumhq.org/exceptions/no_such_element.html
Build info: version: '2.33.0', revision: '4e90c97', time: '2013-05-22 15:32:38'
System info: os.name: 'Windows 7', os.arch: 'amd64', os.version: '6.1', java.version: '1.7.0_21'
Session ID: b18f707f-31a4-4817-99bc-3af798503620
Driver info: org.openqa.selenium.firefox.FirefoxDriver
Capabilities [{platform=XP, databaseEnabled=true, cssSelectorsEnabled=true, javascriptEnabled=true, acceptSslCerts=true, handlesAlerts=true, browserName=firefox, browserConnectionEnabled=true, nativeEvents=true, webStorageEnabled=true, rotatable=false, locationContextEnabled=true, applicationCacheEnabled=true, takesScreenshot=true, version=20.0.1}]
   at OpenQA.Selenium.Remote.RemoteWebDriver.UnpackAndThrowOnError(Response errorResponse)
   at OpenQA.Selenium.Remote.RemoteWebDriver.Execute(String driverCommandToExecute, Dictionary`2 parameters)
   at OpenQA.Selenium.Remote.RemoteWebDriver.FindElement(String mechanism, String value)
   at OpenQA.Selenium.By.FindElement(ISearchContext context)
   at WPFeToroAutoStudio.Selenium.Waituntilfindelement(By webelement, Int32 waitElementDisplayedTime, IWebDriver driver) in c:\Users\maximgu\Documents\Visual Studio 2012\Projects\eToroAutoStudio\WPFeToroAutoStudio\Selenium.cs:line 276
   at WPFeToroAutoStudio.Selenium.WaituntilelementDisplayed(By webelement, Int32 waitElementDisplayedTime, IWebDriver driver, Boolean isRefresh) in c:\Users\maximgu\Documents\Visual Studio 2012\Projects\eToroAutoStudio\WPFeToroAutoStudio\Selenium.cs:line 308
   at WPFeToroAutoStudio.Selenium.ExecuteOneStep(DataRow dr, String inputDataColumn, String inputTableValue, IWebDriver driver) in c:\Users\maximgu\Documents\Visual Studio 2012\Projects\eToroAutoStudio\WPFeToroAutoStudio\Selenium.cs:line 486
([FAILED]) 2013-08-05 14:30:01,872 ERROR- 16: TestStep : .data-picker.dropdown.timeframes-picker .chzn-container.chzn-container-single
([FAILED]) 2013-08-05 14:30:02,636 ERROR- 0,5,187,222,251,Step Failed: waituntil_DispayedElement(Expanded-1min) => OB_StatsTab_TimePeriod with data input: in row : 2
Unable to locate element: {"method":"css selector","selector":".data-picker.dropdown.timeframes-picker .chzn-container.chzn-container-single"}
Command duration or timeout: 55.13 seconds
For documentation on this error, please visit: http://seleniumhq.org/exceptions/no_such_element.html
Build info: version: '2.33.0', revision: '4e90c97', time: '2013-05-22 15:32:38'
System info: os.name: 'Windows 7', os.arch: 'amd64', os.version: '6.1', java.version: '1.7.0_21'
Session ID: b18f707f-31a4-4817-99bc-3af798503620
Driver info: org.openqa.selenium.firefox.FirefoxDriver
Capabilities [{platform=XP, databaseEnabled=true, cssSelectorsEnabled=true, javascriptEnabled=true, acceptSslCerts=true, handlesAlerts=true, browserName=firefox, browserConnectionEnabled=true, nativeEvents=true, webStorageEnabled=true, rotatable=false, locationContextEnabled=true, applicationCacheEnabled=true, takesScreenshot=true, version=20.0.1}]
C:\Users\maximgu\Documents\Visual Studio 2012\Projects\eToroAutoStudio\UnitTestExecutionManager\bin\Release\Logs\08_05_2013_14_30_02485.png,2,0,0,9
([FAILED]) 2013-08-05 14:30:02,652 ERROR- 0,5,187,222,0,OB_Stocks_ChartChecking Test Failed  with data row : 2,2,0,0,9
([DONE]) 2013-08-05 14:30:02,662 INFO - 0,5,187,222,0,OB_Stocks_ChartChecking Test Started  with data row : 3,3,0,0,9
((null)) 2013-08-05 14:30:58,662 ERROR- Unable to locate element: {"method":"css selector","selector":".data-picker.dropdown.timeframes-picker .chzn-container.chzn-container-single"}
Command duration or timeout: 55.13 seconds
For documentation on this error, please visit: http://seleniumhq.org/exceptions/no_such_element.html
Build info: version: '2.33.0', revision: '4e90c97', time: '2013-05-22 15:32:38'
System info: os.name: 'Windows 7', os.arch: 'amd64', os.version: '6.1', java.version: '1.7.0_21'
Session ID: b18f707f-31a4-4817-99bc-3af798503620
Driver info: org.openqa.selenium.firefox.FirefoxDriver
Capabilities [{platform=XP, databaseEnabled=true, cssSelectorsEnabled=true, javascriptEnabled=true, acceptSslCerts=true, handlesAlerts=true, browserName=firefox, browserConnectionEnabled=true, nativeEvents=true, webStorageEnabled=true, rotatable=false, locationContextEnabled=true, applicationCacheEnabled=true, takesScreenshot=true, version=20.0.1}]
OpenQA.Selenium.NoSuchElementException: Unable to locate element: {"method":"css selector","selector":".data-picker.dropdown.timeframes-picker .chzn-container.chzn-container-single"}
Command duration or timeout: 55.13 seconds
For documentation on this error, please visit: http://seleniumhq.org/exceptions/no_such_element.html
Build info: version: '2.33.0', revision: '4e90c97', time: '2013-05-22 15:32:38'
System info: os.name: 'Windows 7', os.arch: 'amd64', os.version: '6.1', java.version: '1.7.0_21'
Session ID: b18f707f-31a4-4817-99bc-3af798503620
Driver info: org.openqa.selenium.firefox.FirefoxDriver
Capabilities [{platform=XP, databaseEnabled=true, cssSelectorsEnabled=true, javascriptEnabled=true, acceptSslCerts=true, handlesAlerts=true, browserName=firefox, browserConnectionEnabled=true, nativeEvents=true, webStorageEnabled=true, rotatable=false, locationContextEnabled=true, applicationCacheEnabled=true, takesScreenshot=true, version=20.0.1}]
   at OpenQA.Selenium.Remote.RemoteWebDriver.UnpackAndThrowOnError(Response errorResponse)
   at OpenQA.Selenium.Remote.RemoteWebDriver.Execute(String driverCommandToExecute, Dictionary`2 parameters)
   at OpenQA.Selenium.Remote.RemoteWebDriver.FindElement(String mechanism, String value)
   at OpenQA.Selenium.By.FindElement(ISearchContext context)
   at WPFeToroAutoStudio.Selenium.Waituntilfindelement(By webelement, Int32 waitElementDisplayedTime, IWebDriver driver) in c:\Users\maximgu\Documents\Visual Studio 2012\Projects\eToroAutoStudio\WPFeToroAutoStudio\Selenium.cs:line 276
   at WPFeToroAutoStudio.Selenium.WaituntilelementDisplayed(By webelement, Int32 waitElementDisplayedTime, IWebDriver driver, Boolean isRefresh) in c:\Users\maximgu\Documents\Visual Studio 2012\Projects\eToroAutoStudio\WPFeToroAutoStudio\Selenium.cs:line 308
   at WPFeToroAutoStudio.Selenium.ExecuteOneStep(DataRow dr, String inputDataColumn, String inputTableValue, IWebDriver driver) in c:\Users\maximgu\Documents\Visual Studio 2012\Projects\eToroAutoStudio\WPFeToroAutoStudio\Selenium.cs:line 486
([FAILED]) 2013-08-05 14:30:58,662 ERROR- 16: TestStep : .data-picker.dropdown.timeframes-picker .chzn-container.chzn-container-single
([FAILED]) 2013-08-05 14:30:59,460 ERROR- 0,5,187,222,251,Step Failed: waituntil_DispayedElement(Expanded-1min) => OB_StatsTab_TimePeriod with data input: in row : 3
Unable to locate element: {"method":"css selector","selector":".data-picker.dropdown.timeframes-picker .chzn-container.chzn-container-single"}
Command duration or timeout: 55.13 seconds
For documentation on this error, please visit: http://seleniumhq.org/exceptions/no_such_element.html
Build info: version: '2.33.0', revision: '4e90c97', time: '2013-05-22 15:32:38'
System info: os.name: 'Windows 7', os.arch: 'amd64', os.version: '6.1', java.version: '1.7.0_21'
Session ID: b18f707f-31a4-4817-99bc-3af798503620
Driver info: org.openqa.selenium.firefox.FirefoxDriver
Capabilities [{platform=XP, databaseEnabled=true, cssSelectorsEnabled=true, javascriptEnabled=true, acceptSslCerts=true, handlesAlerts=true, browserName=firefox, browserConnectionEnabled=true, nativeEvents=true, webStorageEnabled=true, rotatable=false, locationContextEnabled=true, applicationCacheEnabled=true, takesScreenshot=true, version=20.0.1}]
C:\Users\maximgu\Documents\Visual Studio 2012\Projects\eToroAutoStudio\UnitTestExecutionManager\bin\Release\Logs\08_05_2013_14_30_59303.png,2,0,0,9
([FAILED]) 2013-08-05 14:30:59,475 ERROR- 0,5,187,222,0,OB_Stocks_ChartChecking Test Failed  with data row : 3,2,0,0,9
([DONE]) 2013-08-05 14:30:59,485 INFO - 0,5,187,222,0,OB_Stocks_ChartChecking Test Started  with data row : 4,3,0,0,9
((null)) 2013-08-05 14:31:55,463 ERROR- Unable to locate element: {"method":"css selector","selector":".data-picker.dropdown.timeframes-picker .chzn-container.chzn-container-single"}
Command duration or timeout: 55.13 seconds
For documentation on this error, please visit: http://seleniumhq.org/exceptions/no_such_element.html
Build info: version: '2.33.0', revision: '4e90c97', time: '2013-05-22 15:32:38'
System info: os.name: 'Windows 7', os.arch: 'amd64', os.version: '6.1', java.version: '1.7.0_21'
Session ID: b18f707f-31a4-4817-99bc-3af798503620
Driver info: org.openqa.selenium.firefox.FirefoxDriver
Capabilities [{platform=XP, databaseEnabled=true, cssSelectorsEnabled=true, javascriptEnabled=true, acceptSslCerts=true, handlesAlerts=true, browserName=firefox, browserConnectionEnabled=true, nativeEvents=true, webStorageEnabled=true, rotatable=false, locationContextEnabled=true, applicationCacheEnabled=true, takesScreenshot=true, version=20.0.1}]
OpenQA.Selenium.NoSuchElementException: Unable to locate element: {"method":"css selector","selector":".data-picker.dropdown.timeframes-picker .chzn-container.chzn-container-single"}
Command duration or timeout: 55.13 seconds
For documentation on this error, please visit: http://seleniumhq.org/exceptions/no_such_element.html
Build info: version: '2.33.0', revision: '4e90c97', time: '2013-05-22 15:32:38'
System info: os.name: 'Windows 7', os.arch: 'amd64', os.version: '6.1', java.version: '1.7.0_21'
Session ID: b18f707f-31a4-4817-99bc-3af798503620
Driver info: org.openqa.selenium.firefox.FirefoxDriver
Capabilities [{platform=XP, databaseEnabled=true, cssSelectorsEnabled=true, javascriptEnabled=true, acceptSslCerts=true, handlesAlerts=true, browserName=firefox, browserConnectionEnabled=true, nativeEvents=true, webStorageEnabled=true, rotatable=false, locationContextEnabled=true, applicationCacheEnabled=true, takesScreenshot=true, version=20.0.1}]
   at OpenQA.Selenium.Remote.RemoteWebDriver.UnpackAndThrowOnError(Response errorResponse)
   at OpenQA.Selenium.Remote.RemoteWebDriver.Execute(String driverCommandToExecute, Dictionary`2 parameters)
   at OpenQA.Selenium.Remote.RemoteWebDriver.FindElement(String mechanism, String value)
   at OpenQA.Selenium.By.FindElement(ISearchContext context)
   at WPFeToroAutoStudio.Selenium.Waituntilfindelement(By webelement, Int32 waitElementDisplayedTime, IWebDriver driver) in c:\Users\maximgu\Documents\Visual Studio 2012\Projects\eToroAutoStudio\WPFeToroAutoStudio\Selenium.cs:line 276
   at WPFeToroAutoStudio.Selenium.WaituntilelementDisplayed(By webelement, Int32 waitElementDisplayedTime, IWebDriver driver, Boolean isRefresh) in c:\Users\maximgu\Documents\Visual Studio 2012\Projects\eToroAutoStudio\WPFeToroAutoStudio\Selenium.cs:line 308
   at WPFeToroAutoStudio.Selenium.ExecuteOneStep(DataRow dr, String inputDataColumn, String inputTableValue, IWebDriver driver) in c:\Users\maximgu\Documents\Visual Studio 2012\Projects\eToroAutoStudio\WPFeToroAutoStudio\Selenium.cs:line 486
([FAILED]) 2013-08-05 14:31:55,464 ERROR- 16: TestStep : .data-picker.dropdown.timeframes-picker .chzn-container.chzn-container-single
([FAILED]) 2013-08-05 14:31:56,260 ERROR- 0,5,187,222,251,Step Failed: waituntil_DispayedElement(Expanded-1min) => OB_StatsTab_TimePeriod with data input: in row : 4
Unable to locate element: {"method":"css selector","selector":".data-picker.dropdown.timeframes-picker .chzn-container.chzn-container-single"}
Command duration or timeout: 55.13 seconds
For documentation on this error, please visit: http://seleniumhq.org/exceptions/no_such_element.html
Build info: version: '2.33.0', revision: '4e90c97', time: '2013-05-22 15:32:38'
System info: os.name: 'Windows 7', os.arch: 'amd64', os.version: '6.1', java.version: '1.7.0_21'
Session ID: b18f707f-31a4-4817-99bc-3af798503620
Driver info: org.openqa.selenium.firefox.FirefoxDriver
Capabilities [{platform=XP, databaseEnabled=true, cssSelectorsEnabled=true, javascriptEnabled=true, acceptSslCerts=true, handlesAlerts=true, browserName=firefox, browserConnectionEnabled=true, nativeEvents=true, webStorageEnabled=true, rotatable=false, locationContextEnabled=true, applicationCacheEnabled=true, takesScreenshot=true, version=20.0.1}]
C:\Users\maximgu\Documents\Visual Studio 2012\Projects\eToroAutoStudio\UnitTestExecutionManager\bin\Release\Logs\08_05_2013_14_31_56126.png,2,0,0,9
([FAILED]) 2013-08-05 14:31:56,269 ERROR- 0,5,187,222,0,OB_Stocks_ChartChecking Test Failed  with data row : 4,2,0,0,9
([DONE]) 2013-08-05 14:31:56,274 INFO - 0,5,187,222,0,OB_Stocks_ChartChecking Test Started  with data row : 5,3,0,0,9
((null)) 2013-08-05 14:32:52,267 ERROR- Unable to locate element: {"method":"css selector","selector":".data-picker.dropdown.timeframes-picker .chzn-container.chzn-container-single"}
Command duration or timeout: 55.16 seconds
For documentation on this error, please visit: http://seleniumhq.org/exceptions/no_such_element.html
Build info: version: '2.33.0', revision: '4e90c97', time: '2013-05-22 15:32:38'
System info: os.name: 'Windows 7', os.arch: 'amd64', os.version: '6.1', java.version: '1.7.0_21'
Session ID: b18f707f-31a4-4817-99bc-3af798503620
Driver info: org.openqa.selenium.firefox.FirefoxDriver
Capabilities [{platform=XP, databaseEnabled=true, cssSelectorsEnabled=true, javascriptEnabled=true, acceptSslCerts=true, handlesAlerts=true, browserName=firefox, browserConnectionEnabled=true, nativeEvents=true, webStorageEnabled=true, rotatable=false, locationContextEnabled=true, applicationCacheEnabled=true, takesScreenshot=true, version=20.0.1}]
OpenQA.Selenium.NoSuchElementException: Unable to locate element: {"method":"css selector","selector":".data-picker.dropdown.timeframes-picker .chzn-container.chzn-container-single"}
Command duration or timeout: 55.16 seconds
For documentation on this error, please visit: http://seleniumhq.org/exceptions/no_such_element.html
Build info: version: '2.33.0', revision: '4e90c97', time: '2013-05-22 15:32:38'
System info: os.name: 'Windows 7', os.arch: 'amd64', os.version: '6.1', java.version: '1.7.0_21'
Session ID: b18f707f-31a4-4817-99bc-3af798503620
Driver info: org.openqa.selenium.firefox.FirefoxDriver
Capabilities [{platform=XP, databaseEnabled=true, cssSelectorsEnabled=true, javascriptEnabled=true, acceptSslCerts=true, handlesAlerts=true, browserName=firefox, browserConnectionEnabled=true, nativeEvents=true, webStorageEnabled=true, rotatable=false, locationContextEnabled=true, applicationCacheEnabled=true, takesScreenshot=true, version=20.0.1}]
   at OpenQA.Selenium.Remote.RemoteWebDriver.UnpackAndThrowOnError(Response errorResponse)
   at OpenQA.Selenium.Remote.RemoteWebDriver.Execute(String driverCommandToExecute, Dictionary`2 parameters)
   at OpenQA.Selenium.Remote.RemoteWebDriver.FindElement(String mechanism, String value)
   at OpenQA.Selenium.By.FindElement(ISearchContext context)
   at WPFeToroAutoStudio.Selenium.Waituntilfindelement(By webelement, Int32 waitElementDisplayedTime, IWebDriver driver) in c:\Users\maximgu\Documents\Visual Studio 2012\Projects\eToroAutoStudio\WPFeToroAutoStudio\Selenium.cs:line 276
   at WPFeToroAutoStudio.Selenium.WaituntilelementDisplayed(By webelement, Int32 waitElementDisplayedTime, IWebDriver driver, Boolean isRefresh) in c:\Users\maximgu\Documents\Visual Studio 2012\Projects\eToroAutoStudio\WPFeToroAutoStudio\Selenium.cs:line 308
   at WPFeToroAutoStudio.Selenium.ExecuteOneStep(DataRow dr, String inputDataColumn, String inputTableValue, IWebDriver driver) in c:\Users\maximgu\Documents\Visual Studio 2012\Projects\eToroAutoStudio\WPFeToroAutoStudio\Selenium.cs:line 486
([FAILED]) 2013-08-05 14:32:52,267 ERROR- 16: TestStep : .data-picker.dropdown.timeframes-picker .chzn-container.chzn-container-single
([FAILED]) 2013-08-05 14:32:52,998 ERROR- 0,5,187,222,251,Step Failed: waituntil_DispayedElement(Expanded-1min) => OB_StatsTab_TimePeriod with data input: in row : 5
Unable to locate element: {"method":"css selector","selector":".data-picker.dropdown.timeframes-picker .chzn-container.chzn-container-single"}
Command duration or timeout: 55.16 seconds
For documentation on this error, please visit: http://seleniumhq.org/exceptions/no_such_element.html
Build info: version: '2.33.0', revision: '4e90c97', time: '2013-05-22 15:32:38'
System info: os.name: 'Windows 7', os.arch: 'amd64', os.version: '6.1', java.version: '1.7.0_21'
Session ID: b18f707f-31a4-4817-99bc-3af798503620
Driver info: org.openqa.selenium.firefox.FirefoxDriver
Capabilities [{platform=XP, databaseEnabled=true, cssSelectorsEnabled=true, javascriptEnabled=true, acceptSslCerts=true, handlesAlerts=true, browserName=firefox, browserConnectionEnabled=true, nativeEvents=true, webStorageEnabled=true, rotatable=false, locationContextEnabled=true, applicationCacheEnabled=true, takesScreenshot=true, version=20.0.1}]
C:\Users\maximgu\Documents\Visual Studio 2012\Projects\eToroAutoStudio\UnitTestExecutionManager\bin\Release\Logs\08_05_2013_14_32_52850.png,2,0,0,9
([FAILED]) 2013-08-05 14:32:53,015 ERROR- 0,5,187,222,0,OB_Stocks_ChartChecking Test Failed  with data row : 5,2,0,0,9
([DONE]) 2013-08-05 14:32:53,028 INFO - 0,5,187,223,0,Copy Of_OB_Buy_All_Stocks_All_Amount Test Started  with data row : 8,3,0,0,9
([DONE]) 2013-08-05 14:33:01,289 INFO - navigated to http://192.168.13.203
([PASSED]) 2013-08-05 14:33:01,289 INFO - 3: TestStep : 
([PASSED]) 2013-08-05 14:33:01,330 INFO - 0,5,187,223,0,Step Passed: navigateToURL =>  with data input: http://!TestEnvin row : 8,1,0,0,9
([INFO]) 2013-08-05 14:33:02,178 INFO - By.LinkText: Markets waited to find  
([INFO]) 2013-08-05 14:33:02,585 INFO - By.LinkText: Markets waited to display    
([PASSED]) 2013-08-05 14:33:02,585 INFO - 11: TestStep : Markets
([PASSED]) 2013-08-05 14:33:02,603 INFO - 0,5,187,223,30,Step Passed: waitUntill_DispayedElement => OB_Markets with data input: in row : 8,1,0,0,9
([DONE]) 2013-08-05 14:33:03,817 INFO - By.LinkText: Markets clicked
([PASSED]) 2013-08-05 14:33:03,817 INFO - 1: TestStep : Markets
([PASSED]) 2013-08-05 14:33:03,844 INFO - 0,5,187,223,30,Step Passed: click => OB_Markets with data input: in row : 8,1,0,0,9
((null)) 2013-08-05 14:33:59,857 ERROR- Unable to locate element: {"method":"css selector","selector":".w-dual-pane-view-all"}
Command duration or timeout: 55.12 seconds
For documentation on this error, please visit: http://seleniumhq.org/exceptions/no_such_element.html
Build info: version: '2.33.0', revision: '4e90c97', time: '2013-05-22 15:32:38'
System info: os.name: 'Windows 7', os.arch: 'amd64', os.version: '6.1', java.version: '1.7.0_21'
Session ID: b18f707f-31a4-4817-99bc-3af798503620
Driver info: org.openqa.selenium.firefox.FirefoxDriver
Capabilities [{platform=XP, databaseEnabled=true, cssSelectorsEnabled=true, javascriptEnabled=true, acceptSslCerts=true, handlesAlerts=true, browserName=firefox, browserConnectionEnabled=true, nativeEvents=true, webStorageEnabled=true, rotatable=false, locationContextEnabled=true, applicationCacheEnabled=true, takesScreenshot=true, version=20.0.1}]
OpenQA.Selenium.NoSuchElementException: Unable to locate element: {"method":"css selector","selector":".w-dual-pane-view-all"}
Command duration or timeout: 55.12 seconds
For documentation on this error, please visit: http://seleniumhq.org/exceptions/no_such_element.html
Build info: version: '2.33.0', revision: '4e90c97', time: '2013-05-22 15:32:38'
System info: os.name: 'Windows 7', os.arch: 'amd64', os.version: '6.1', java.version: '1.7.0_21'
Session ID: b18f707f-31a4-4817-99bc-3af798503620
Driver info: org.openqa.selenium.firefox.FirefoxDriver
Capabilities [{platform=XP, databaseEnabled=true, cssSelectorsEnabled=true, javascriptEnabled=true, acceptSslCerts=true, handlesAlerts=true, browserName=firefox, browserConnectionEnabled=true, nativeEvents=true, webStorageEnabled=true, rotatable=false, locationContextEnabled=true, applicationCacheEnabled=true, takesScreenshot=true, version=20.0.1}]
   at OpenQA.Selenium.Remote.RemoteWebDriver.UnpackAndThrowOnError(Response errorResponse)
   at OpenQA.Selenium.Remote.RemoteWebDriver.Execute(String driverCommandToExecute, Dictionary`2 parameters)
   at OpenQA.Selenium.Remote.RemoteWebDriver.FindElement(String mechanism, String value)
   at OpenQA.Selenium.By.FindElement(ISearchContext context)
   at WPFeToroAutoStudio.Selenium.Waituntilfindelement(By webelement, Int32 waitElementDisplayedTime, IWebDriver driver) in c:\Users\maximgu\Documents\Visual Studio 2012\Projects\eToroAutoStudio\WPFeToroAutoStudio\Selenium.cs:line 276
   at WPFeToroAutoStudio.Selenium.WaituntilelementDisplayed(By webelement, Int32 waitElementDisplayedTime, IWebDriver driver, Boolean isRefresh) in c:\Users\maximgu\Documents\Visual Studio 2012\Projects\eToroAutoStudio\WPFeToroAutoStudio\Selenium.cs:line 308
   at WPFeToroAutoStudio.Selenium.ExecuteOneStep(DataRow dr, String inputDataColumn, String inputTableValue, IWebDriver driver) in c:\Users\maximgu\Documents\Visual Studio 2012\Projects\eToroAutoStudio\WPFeToroAutoStudio\Selenium.cs:line 440
([FAILED]) 2013-08-05 14:33:59,858 ERROR- 11: TestStep : .w-dual-pane-view-all
([FAILED]) 2013-08-05 14:34:00,604 ERROR- 0,5,187,223,86,Step Failed: waitUntill_DispayedElement => OB_Markets_ViewAll with data input: in row : 8
Unable to locate element: {"method":"css selector","selector":".w-dual-pane-view-all"}
Command duration or timeout: 55.12 seconds
For documentation on this error, please visit: http://seleniumhq.org/exceptions/no_such_element.html
Build info: version: '2.33.0', revision: '4e90c97', time: '2013-05-22 15:32:38'
System info: os.name: 'Windows 7', os.arch: 'amd64', os.version: '6.1', java.version: '1.7.0_21'
Session ID: b18f707f-31a4-4817-99bc-3af798503620
Driver info: org.openqa.selenium.firefox.FirefoxDriver
Capabilities [{platform=XP, databaseEnabled=true, cssSelectorsEnabled=true, javascriptEnabled=true, acceptSslCerts=true, handlesAlerts=true, browserName=firefox, browserConnectionEnabled=true, nativeEvents=true, webStorageEnabled=true, rotatable=false, locationContextEnabled=true, applicationCacheEnabled=true, takesScreenshot=true, version=20.0.1}]
C:\Users\maximgu\Documents\Visual Studio 2012\Projects\eToroAutoStudio\UnitTestExecutionManager\bin\Release\Logs\08_05_2013_14_34_00438.png,2,0,0,9
([FAILED]) 2013-08-05 14:34:00,639 ERROR- 0,5,187,223,0,Copy Of_OB_Buy_All_Stocks_All_Amount Test Failed  with data row : 8,2,0,0,9
([FAILED]) 2013-08-05 14:34:00,649 ERROR- 0,5,187,0,0,OB_Market_Charts_test Scenario Failed,2,0,0,0
([FAILED]) 2013-08-05 14:34:01,219 ERROR- 0,5,0,0,0,OB_Test1 Batch Failed,2,0,0,0
